#
# There is insufficient memory for the Java Runtime Environment to continue.
# Native memory allocation (malloc) failed to allocate 32784 bytes. Error detail: Chunk::new
# Possible reasons:
#   The system is out of physical RAM or swap space
#   This process is running with CompressedOops enabled, and the Java Heap may be blocking the growth of the native heap
# Possible solutions:
#   Reduce memory load on the system
#   Increase physical memory or swap space
#   Check if swap backing store is full
#   Decrease Java heap size (-Xmx/-Xms)
#   Decrease number of Java threads
#   Decrease Java thread stack sizes (-Xss)
#   Set larger code cache with -XX:ReservedCodeCacheSize=
#   JVM is running with Unscaled Compressed Oops mode in which the Java heap is
#     placed in the first 4GB address space. The Java Heap base address is the
#     maximum limit for the native heap growth. Please use -XX:HeapBaseMinAddress
#     to set the Java Heap base and to place the Java Heap above 4GB virtual address.
# This output file may be truncated or incomplete.
#
#  Out of Memory Error (arena.cpp:168), pid=18528, tid=4808
#
# JRE version: OpenJDK Runtime Environment Temurin-21.0.9+10 (21.0.9+10) (build 21.0.9+10-LTS)
# Java VM: OpenJDK 64-Bit Server VM Temurin-21.0.9+10 (21.0.9+10-LTS, mixed mode, sharing, tiered, compressed oops, compressed class ptrs, parallel gc, windows-amd64)
# No core dump will be written. Minidumps are not enabled by default on client versions of Windows
#

---------------  S U M M A R Y ------------

Command Line: --add-modules=ALL-SYSTEM --add-opens=java.base/java.util=ALL-UNNAMED --add-opens=java.base/java.lang=ALL-UNNAMED --add-opens=java.base/sun.nio.fs=ALL-UNNAMED -Declipse.application=org.eclipse.jdt.ls.core.id1 -Dosgi.bundles.defaultStartLevel=4 -Declipse.product=org.eclipse.jdt.ls.core.product -Djava.import.generatesMetadataFilesAtProjectRoot=false -DDetectVMInstallationsJob.disabled=true -Dfile.encoding=utf8 -XX:+UseParallelGC -XX:GCTimeRatio=4 -XX:AdaptiveSizePolicyWeight=90 -Dsun.zip.disableMemoryMapping=true -Xmx2G -Xms100m -Xlog:disable -javaagent:c:\Users\HP\.antigravity\extensions\redhat.java-1.50.0-win32-x64\lombok\lombok-1.18.39-4050.jar c:\Users\HP\.antigravity\extensions\redhat.java-1.50.0-win32-x64\server\plugins\org.eclipse.equinox.launcher_1.7.100.v20251111-0406.jar -configuration c:\Users\HP\AppData\Roaming\Antigravity\User\globalStorage\redhat.java\1.50.0\config_ss_win -data c:\Users\HP\AppData\Roaming\Antigravity\User\workspaceStorage\d3ed139398f51788ae3647223982d52d\redhat.java\ss_ws --pipe=\\.\pipe\lsp-dbce8370b1b25561aae917e0da0d9d06-sock

Host: Intel(R) Core(TM) i7-8650U CPU @ 1.90GHz, 8 cores, 7G,  Windows 11 , 64 bit Build 26100 (10.0.26100.6725)
Time: Wed Dec 31 21:37:36 2025 Temps universel coordonné elapsed time: 2.188428 seconds (0d 0h 0m 2s)

---------------  T H R E A D  ---------------

Current thread (0x0000021539762460):  JavaThread "C2 CompilerThread0" daemon [_thread_in_native, id=4808, stack(0x0000003745200000,0x0000003745300000) (1024K)]


Current CompileTask:
C2:2188  727       4       lombok.patcher.PatchScript::classMatches (41 bytes)

Stack: [0x0000003745200000,0x0000003745300000]
Native frames: (J=compiled Java code, j=interpreted, Vv=VM code, C=native code)
V  [jvm.dll+0x6d6e29]
V  [jvm.dll+0x8b4b76]
V  [jvm.dll+0x8b712e]
V  [jvm.dll+0x8b7813]
V  [jvm.dll+0x283d86]
V  [jvm.dll+0xc66ed]
V  [jvm.dll+0xc6c31]
V  [jvm.dll+0xc6815]
V  [jvm.dll+0x6fe041]
V  [jvm.dll+0x1cf5d3]
V  [jvm.dll+0x6fee20]
V  [jvm.dll+0x60c1fb]
V  [jvm.dll+0x5f51b6]
V  [jvm.dll+0x5f7794]
V  [jvm.dll+0x5f721d]
V  [jvm.dll+0x5f7100]
V  [jvm.dll+0x5fe602]
V  [jvm.dll+0x255557]
V  [jvm.dll+0x24dc5f]
V  [jvm.dll+0x24b482]
V  [jvm.dll+0x1cb13e]
V  [jvm.dll+0x25b29d]
V  [jvm.dll+0x25982a]
V  [jvm.dll+0x3f7ea6]
V  [jvm.dll+0x85e9ad]
V  [jvm.dll+0x6d565d]
C  [ucrtbase.dll+0x37b0]
C  [KERNEL32.DLL+0x2e8d7]
C  [ntdll.dll+0x8c53c]


---------------  P R O C E S S  ---------------

Threads class SMR info:
_java_thread_list=0x000002157c435090, length=13, elements={
0x0000021522cdc9d0, 0x000002153974daa0, 0x000002153974ff70, 0x0000021539752980,
0x00000215397554e0, 0x00000215397594e0, 0x000002153975f620, 0x0000021539762460,
0x0000021539762fa0, 0x000002157c342520, 0x000002157c4abe20, 0x000002157c40bca0,
0x000002157c83ded0
}

Java Threads: ( => current thread )
  0x0000021522cdc9d0 JavaThread "main"                              [_thread_in_Java, id=8480, stack(0x0000003744800000,0x0000003744900000) (1024K)]
  0x000002153974daa0 JavaThread "Reference Handler"          daemon [_thread_blocked, id=22384, stack(0x0000003744c00000,0x0000003744d00000) (1024K)]
  0x000002153974ff70 JavaThread "Finalizer"                  daemon [_thread_blocked, id=7052, stack(0x0000003744d00000,0x0000003744e00000) (1024K)]
  0x0000021539752980 JavaThread "Signal Dispatcher"          daemon [_thread_blocked, id=23780, stack(0x0000003744e00000,0x0000003744f00000) (1024K)]
  0x00000215397554e0 JavaThread "Attach Listener"            daemon [_thread_blocked, id=8288, stack(0x0000003744f00000,0x0000003745000000) (1024K)]
  0x00000215397594e0 JavaThread "Service Thread"             daemon [_thread_blocked, id=22780, stack(0x0000003745000000,0x0000003745100000) (1024K)]
  0x000002153975f620 JavaThread "Monitor Deflation Thread"   daemon [_thread_blocked, id=12888, stack(0x0000003745100000,0x0000003745200000) (1024K)]
=>0x0000021539762460 JavaThread "C2 CompilerThread0"         daemon [_thread_in_native, id=4808, stack(0x0000003745200000,0x0000003745300000) (1024K)]
  0x0000021539762fa0 JavaThread "C1 CompilerThread0"         daemon [_thread_in_native, id=21168, stack(0x0000003745300000,0x0000003745400000) (1024K)]
  0x000002157c342520 JavaThread "Common-Cleaner"             daemon [_thread_blocked, id=25112, stack(0x0000003745500000,0x0000003745600000) (1024K)]
  0x000002157c4abe20 JavaThread "Notification Thread"        daemon [_thread_blocked, id=26620, stack(0x0000003745400000,0x0000003745500000) (1024K)]
  0x000002157c40bca0 JavaThread "C2 CompilerThread1"         daemon [_thread_in_native, id=21156, stack(0x0000003745600000,0x0000003745700000) (1024K)]
  0x000002157c83ded0 JavaThread "C2 CompilerThread2"         daemon [_thread_in_native, id=14528, stack(0x0000003745700000,0x0000003745800000) (1024K)]
Total: 13

Other Threads:
  0x0000021522d9e870 VMThread "VM Thread"                           [id=18200, stack(0x0000003744b00000,0x0000003744c00000) (1024K)]
  0x000002153966ca00 WatcherThread "VM Periodic Task Thread"        [id=26640, stack(0x0000003744a00000,0x0000003744b00000) (1024K)]
  0x0000021522cfb6c0 WorkerThread "GC Thread#0"                     [id=7040, stack(0x0000003744900000,0x0000003744a00000) (1024K)]
Total: 3

Threads with active compile tasks:
C2 CompilerThread0  2274  727       4       lombok.patcher.PatchScript::classMatches (41 bytes)
C2 CompilerThread1  2274  726       4       lombok.patcher.scripts.MethodLevelPatchScript::patch (21 bytes)
C2 CompilerThread2  2275  823       4       lombok.patcher.MethodTarget::typeMatches (14 bytes)
Total: 3

VM state: not at safepoint (normal execution)

VM Mutex/Monitor currently owned by a thread: None

Heap address: 0x0000000080000000, size: 2048 MB, Compressed Oops mode: 32-bit

CDS archive(s) mapped at: [0x000002153a000000-0x000002153aba0000-0x000002153aba0000), size 12189696, SharedBaseAddress: 0x000002153a000000, ArchiveRelocationMode: 1.
Compressed class space mapped at: 0x000002153b000000-0x000002157b000000, reserved size: 1073741824
Narrow klass base: 0x000002153a000000, Narrow klass shift: 0, Narrow klass range: 0x100000000

GC Precious Log:
 CardTable entry size: 512
 CPUs: 8 total, 8 available
 Memory: 8035M
 Large Page Support: Disabled
 NUMA Support: Disabled
 Compressed Oops: Enabled (32-bit)
 Alignments: Space 512K, Generation 512K, Heap 2M
 Heap Min Capacity: 100M
 Heap Initial Capacity: 100M
 Heap Max Capacity: 2G
 Pre-touch: Disabled
 Parallel Workers: 8

Heap:
 PSYoungGen      total 29696K, used 16064K [0x00000000d5580000, 0x00000000d7680000, 0x0000000100000000)
  eden space 25600K, 62% used [0x00000000d5580000,0x00000000d65302f8,0x00000000d6e80000)
  from space 4096K, 0% used [0x00000000d7280000,0x00000000d7280000,0x00000000d7680000)
  to   space 4096K, 0% used [0x00000000d6e80000,0x00000000d6e80000,0x00000000d7280000)
 ParOldGen       total 68608K, used 0K [0x0000000080000000, 0x0000000084300000, 0x00000000d5580000)
  object space 68608K, 0% used [0x0000000080000000,0x0000000080000000,0x0000000084300000)
 Metaspace       used 3123K, committed 3392K, reserved 1114112K
  class space    used 323K, committed 448K, reserved 1048576K

Card table byte_map: [0x0000021522680000,0x0000021522a90000] _byte_map_base: 0x0000021522280000

Marking Bits: (ParMarkBitMap*) 0x00007ffda7b52460
 Begin Bits: [0x0000021535190000, 0x0000021537190000)
 End Bits:   [0x0000021537190000, 0x0000021539190000)

Polling page: 0x0000021522460000

Metaspace:

Usage:
  Non-class:      2.73 MB used.
      Class:    323.06 KB used.
       Both:      3.05 MB used.

Virtual space:
  Non-class space:       64.00 MB reserved,       2.88 MB (  4%) committed,  1 nodes.
      Class space:        1.00 GB reserved,     448.00 KB ( <1%) committed,  1 nodes.
             Both:        1.06 GB reserved,       3.31 MB ( <1%) committed. 

Chunk freelists:
   Non-Class:  11.54 MB
       Class:  15.52 MB
        Both:  27.07 MB

MaxMetaspaceSize: unlimited
CompressedClassSpaceSize: 1.00 GB
Initial GC threshold: 21.00 MB
Current GC threshold: 21.00 MB
CDS: on
 - commit_granule_bytes: 65536.
 - commit_granule_words: 8192.
 - virtual_space_node_default_size: 8388608.
 - enlarge_chunks_in_place: 1.
 - use_allocation_guard: 0.


Internal statistics:

num_allocs_failed_limit: 0.
num_arena_births: 112.
num_arena_deaths: 0.
num_vsnodes_births: 2.
num_vsnodes_deaths: 0.
num_space_committed: 53.
num_space_uncommitted: 0.
num_chunks_returned_to_freelist: 0.
num_chunks_taken_from_freelist: 141.
num_chunk_merges: 0.
num_chunk_splits: 97.
num_chunks_enlarged: 60.
num_inconsistent_stats: 0.

CodeHeap 'non-profiled nmethods': size=120000Kb used=337Kb max_used=337Kb free=119662Kb
 bounds [0x000002152d9b0000, 0x000002152dc20000, 0x0000021534ee0000]
CodeHeap 'profiled nmethods': size=120000Kb used=1251Kb max_used=1251Kb free=118748Kb
 bounds [0x0000021525ee0000, 0x0000021526150000, 0x000002152d410000]
CodeHeap 'non-nmethods': size=5760Kb used=1188Kb max_used=1205Kb free=4571Kb
 bounds [0x000002152d410000, 0x000002152d680000, 0x000002152d9b0000]
CodeCache: size=245760Kb, used=2776Kb, max_used=2793Kb, free=242981Kb
 total_blobs=1270, nmethods=823, adapters=354, full_count=0
Compilation: enabled, stopped_count=0, restarted_count=0

Compilation events (20 events):
Event: 1.939 Thread 0x0000021539762fa0  734       1       java.security.Provider$UString::toString (5 bytes)
Event: 1.939 Thread 0x0000021539762fa0 nmethod 734 0x000002152d9f8210 code [0x000002152d9f83a0, 0x000002152d9f8468]
Event: 1.939 Thread 0x0000021539762fa0  735       1       java.security.Provider$Service::getProvider (5 bytes)
Event: 1.940 Thread 0x0000021539762fa0 nmethod 735 0x000002152d9f8510 code [0x000002152d9f86a0, 0x000002152d9f8768]
Event: 1.940 Thread 0x0000021539762fa0  736       1       java.security.Provider$Service::getClassName (5 bytes)
Event: 1.940 Thread 0x0000021539762fa0 nmethod 736 0x000002152d9f8810 code [0x000002152d9f89a0, 0x000002152d9f8a68]
Event: 1.957 Thread 0x0000021539762fa0  738       3       sun.security.provider.SHA2::implCompress0 (448 bytes)
Event: 1.960 Thread 0x0000021539762fa0 nmethod 738 0x0000021525ff0390 code [0x0000021525ff05e0, 0x0000021525ff1190]
Event: 1.974 Thread 0x0000021539762fa0  740       3       sun.security.provider.ByteArrayAccess::b2iBig64 (231 bytes)
Event: 1.978 Thread 0x000002157c83ded0 nmethod 725 0x000002152d9f9410 code [0x000002152d9f9600, 0x000002152d9f9c30]
Event: 1.979 Thread 0x000002157c83ded0  731       4       java.util.HashMap::putVal (300 bytes)
Event: 1.988 Thread 0x0000021539762fa0 nmethod 740 0x0000021525ff1890 code [0x0000021525ff20e0, 0x0000021525ff6c70]
Event: 1.989 Thread 0x0000021539762fa0  741       3       sun.security.provider.SHA2::implCompress (13 bytes)
Event: 1.989 Thread 0x0000021539762fa0 nmethod 741 0x0000021525ff8110 code [0x0000021525ff8300, 0x0000021525ff8738]
Event: 1.989 Thread 0x0000021539762fa0  742       3       sun.security.provider.SHA2::implCompressCheck (18 bytes)
Event: 1.991 Thread 0x0000021539762fa0 nmethod 742 0x0000021525ff8990 code [0x0000021525ff8b60, 0x0000021525ff8ef0]
Event: 2.020 Thread 0x000002157c83ded0 nmethod 731 0x000002152d9fa010 code [0x000002152d9fa260, 0x000002152d9fad40]
Event: 2.032 Thread 0x000002157c83ded0  728       4       java.util.Collections$UnmodifiableCollection::iterator (9 bytes)
Event: 2.085 Thread 0x000002157c83ded0 nmethod 728 0x000002152d9fb490 code [0x000002152d9fb6a0, 0x000002152d9fbe00]
Event: 2.085 Thread 0x000002157c83ded0  744 %     4       sun.security.provider.SHA2::implCompress0 @ 204 (448 bytes)

GC Heap History (0 events):
No events

Dll operation events (8 events):
Event: 0.036 Loaded shared library c:\Users\HP\.antigravity\extensions\redhat.java-1.50.0-win32-x64\jre\21.0.9-win32-x86_64\bin\java.dll
Event: 0.291 Loaded shared library c:\Users\HP\.antigravity\extensions\redhat.java-1.50.0-win32-x64\jre\21.0.9-win32-x86_64\bin\zip.dll
Event: 0.408 Loaded shared library C:\Users\HP\.antigravity\extensions\redhat.java-1.50.0-win32-x64\jre\21.0.9-win32-x86_64\bin\instrument.dll
Event: 0.425 Loaded shared library C:\Users\HP\.antigravity\extensions\redhat.java-1.50.0-win32-x64\jre\21.0.9-win32-x86_64\bin\net.dll
Event: 0.434 Loaded shared library C:\Users\HP\.antigravity\extensions\redhat.java-1.50.0-win32-x64\jre\21.0.9-win32-x86_64\bin\nio.dll
Event: 0.448 Loaded shared library C:\Users\HP\.antigravity\extensions\redhat.java-1.50.0-win32-x64\jre\21.0.9-win32-x86_64\bin\zip.dll
Event: 0.556 Loaded shared library C:\Users\HP\.antigravity\extensions\redhat.java-1.50.0-win32-x64\jre\21.0.9-win32-x86_64\bin\jimage.dll
Event: 0.893 Loaded shared library c:\Users\HP\.antigravity\extensions\redhat.java-1.50.0-win32-x64\jre\21.0.9-win32-x86_64\bin\verify.dll

Deoptimization events (20 events):
Event: 1.873 Thread 0x0000021522cdc9d0 DEOPT PACKING pc=0x0000021525fdd204 sp=0x00000037448fdab0
Event: 1.873 Thread 0x0000021522cdc9d0 DEOPT UNPACKING pc=0x000002152d464242 sp=0x00000037448fcf08 mode 0
Event: 1.873 Thread 0x0000021522cdc9d0 DEOPT PACKING pc=0x0000021525fdd204 sp=0x00000037448fdb40
Event: 1.873 Thread 0x0000021522cdc9d0 DEOPT UNPACKING pc=0x000002152d464242 sp=0x00000037448fcf98 mode 0
Event: 1.874 Thread 0x0000021522cdc9d0 DEOPT PACKING pc=0x0000021525fdd204 sp=0x00000037448fdb40
Event: 1.874 Thread 0x0000021522cdc9d0 DEOPT UNPACKING pc=0x000002152d464242 sp=0x00000037448fcf98 mode 0
Event: 1.874 Thread 0x0000021522cdc9d0 DEOPT PACKING pc=0x0000021525fdd204 sp=0x00000037448fdab0
Event: 1.874 Thread 0x0000021522cdc9d0 DEOPT UNPACKING pc=0x000002152d464242 sp=0x00000037448fcf08 mode 0
Event: 1.874 Thread 0x0000021522cdc9d0 DEOPT PACKING pc=0x0000021525fdd204 sp=0x00000037448fdb40
Event: 1.874 Thread 0x0000021522cdc9d0 DEOPT UNPACKING pc=0x000002152d464242 sp=0x00000037448fcf98 mode 0
Event: 1.875 Thread 0x0000021522cdc9d0 DEOPT PACKING pc=0x0000021525fdd204 sp=0x00000037448fdb40
Event: 1.875 Thread 0x0000021522cdc9d0 DEOPT UNPACKING pc=0x000002152d464242 sp=0x00000037448fcf98 mode 0
Event: 1.875 Thread 0x0000021522cdc9d0 DEOPT PACKING pc=0x0000021525fdd204 sp=0x00000037448fdab0
Event: 1.875 Thread 0x0000021522cdc9d0 DEOPT UNPACKING pc=0x000002152d464242 sp=0x00000037448fcf08 mode 0
Event: 1.876 Thread 0x0000021522cdc9d0 DEOPT PACKING pc=0x0000021525fdd204 sp=0x00000037448fdb40
Event: 1.876 Thread 0x0000021522cdc9d0 DEOPT UNPACKING pc=0x000002152d464242 sp=0x00000037448fcf98 mode 0
Event: 1.876 Thread 0x0000021522cdc9d0 DEOPT PACKING pc=0x0000021525fdd204 sp=0x00000037448fdb40
Event: 1.876 Thread 0x0000021522cdc9d0 DEOPT UNPACKING pc=0x000002152d464242 sp=0x00000037448fcf98 mode 0
Event: 1.876 Thread 0x0000021522cdc9d0 DEOPT PACKING pc=0x0000021525fdd204 sp=0x00000037448fdab0
Event: 1.876 Thread 0x0000021522cdc9d0 DEOPT UNPACKING pc=0x000002152d464242 sp=0x00000037448fcf08 mode 0

Classes loaded (20 events):
Event: 1.921 Loading class sun/security/util/Length
Event: 1.921 Loading class sun/security/util/Length done
Event: 1.921 Loading class javax/crypto/SecretKey
Event: 1.922 Loading class javax/crypto/SecretKey done
Event: 1.928 Loading class java/util/Base64
Event: 1.929 Loading class java/util/Base64 done
Event: 1.929 Loading class java/util/Base64$Decoder
Event: 1.930 Loading class java/util/Base64$Decoder done
Event: 1.930 Loading class java/util/Base64$Encoder
Event: 1.931 Loading class java/util/Base64$Encoder done
Event: 1.931 Loading class java/util/jar/JarVerifier$VerifierStream
Event: 1.932 Loading class java/util/jar/JarVerifier$VerifierStream done
Event: 1.934 Loading class sun/security/util/ManifestEntryVerifier$SunProviderHolder
Event: 1.934 Loading class sun/security/util/ManifestEntryVerifier$SunProviderHolder done
Event: 2.042 Loading class java/lang/NumberFormatException
Event: 2.043 Loading class java/lang/NumberFormatException done
Event: 2.047 Loading class java/net/URISyntaxException
Event: 2.047 Loading class java/net/URISyntaxException done
Event: 2.048 Loading class java/security/Policy
Event: 2.049 Loading class java/security/Policy done

Classes unloaded (0 events):
No events

Classes redefined (0 events):
No events

Internal exceptions (12 events):
Event: 0.278 Thread 0x0000021522cdc9d0 Exception <a 'java/lang/NoSuchMethodError'{0x00000000d57a93b8}: 'void java.lang.invoke.DirectMethodHandle$Holder.invokeStatic(java.lang.Object, java.lang.Object, java.lang.Object)'> (0x00000000d57a93b8) 
thrown [s\src\hotspot\share\interpreter\linkResolver.cpp, line 773]
Event: 0.533 Thread 0x0000021522cdc9d0 Exception <a 'java/lang/NoSuchMethodError'{0x00000000d59121e8}: 'java.lang.Object java.lang.invoke.Invokers$Holder.invokeExact_MT(java.lang.Object, java.lang.Object, java.lang.Object, java.lang.Object, java.lang.Object)'> (0x00000000d59121e8) 
thrown [s\src\hotspot\share\interpreter\linkResolver.cpp, line 773]
Event: 0.725 Thread 0x0000021522cdc9d0 Exception <a 'java/lang/NoSuchMethodError'{0x00000000d59ca238}: 'int java.lang.invoke.DirectMethodHandle$Holder.invokeSpecial(java.lang.Object, java.lang.Object, java.lang.Object, int)'> (0x00000000d59ca238) 
thrown [s\src\hotspot\share\interpreter\linkResolver.cpp, line 773]
Event: 0.734 Thread 0x0000021522cdc9d0 Exception <a 'java/lang/NoSuchMethodError'{0x00000000d59dcc20}: 'java.lang.Object java.lang.invoke.DirectMethodHandle$Holder.invokeStatic(java.lang.Object, java.lang.Object, java.lang.Object, java.lang.Object, int)'> (0x00000000d59dcc20) 
thrown [s\src\hotspot\share\interpreter\linkResolver.cpp, line 773]
Event: 0.740 Thread 0x0000021522cdc9d0 Exception <a 'java/lang/NoSuchMethodError'{0x00000000d59e80c8}: 'void java.lang.invoke.DelegatingMethodHandle$Holder.reinvoke_L(java.lang.Object, java.lang.Object, java.lang.Object, int, java.lang.Object)'> (0x00000000d59e80c8) 
thrown [s\src\hotspot\share\interpreter\linkResolver.cpp, line 773]
Event: 0.751 Thread 0x0000021522cdc9d0 Exception <a 'java/lang/NoSuchMethodError'{0x00000000d59f8a18}: 'int java.lang.invoke.DirectMethodHandle$Holder.invokeSpecial(java.lang.Object, java.lang.Object, java.lang.Object)'> (0x00000000d59f8a18) 
thrown [s\src\hotspot\share\interpreter\linkResolver.cpp, line 773]
Event: 0.756 Thread 0x0000021522cdc9d0 Exception <a 'java/lang/NoSuchMethodError'{0x00000000d5a046d8}: 'java.lang.Object java.lang.invoke.DirectMethodHandle$Holder.invokeStatic(java.lang.Object, java.lang.Object, int)'> (0x00000000d5a046d8) 
thrown [s\src\hotspot\share\interpreter\linkResolver.cpp, line 773]
Event: 0.757 Thread 0x0000021522cdc9d0 Exception <a 'java/lang/NoSuchMethodError'{0x00000000d5a09028}: 'void java.lang.invoke.DirectMethodHandle$Holder.invokeStatic(java.lang.Object, java.lang.Object, int, java.lang.Object)'> (0x00000000d5a09028) 
thrown [s\src\hotspot\share\interpreter\linkResolver.cpp, line 773]
Event: 0.759 Thread 0x0000021522cdc9d0 Exception <a 'java/lang/NoSuchMethodError'{0x00000000d5a0cbb8}: 'void java.lang.invoke.DirectMethodHandle$Holder.invokeSpecial(java.lang.Object, java.lang.Object, java.lang.Object, int, java.lang.Object)'> (0x00000000d5a0cbb8) 
thrown [s\src\hotspot\share\interpreter\linkResolver.cpp, line 773]
Event: 0.759 Thread 0x0000021522cdc9d0 Exception <a 'java/lang/NoSuchMethodError'{0x00000000d5a10028}: 'void java.lang.invoke.DelegatingMethodHandle$Holder.delegate(java.lang.Object, java.lang.Object, int, java.lang.Object)'> (0x00000000d5a10028) 
thrown [s\src\hotspot\share\interpreter\linkResolver.cpp, line 773]
Event: 0.966 Thread 0x0000021522cdc9d0 Exception <a 'java/lang/NoSuchMethodError'{0x00000000d5bcf398}: 'void java.lang.invoke.DelegatingMethodHandle$Holder.reinvoke_L(java.lang.Object, java.lang.Object, java.lang.Object, int)'> (0x00000000d5bcf398) 
thrown [s\src\hotspot\share\interpreter\linkResolver.cpp, line 773]
Event: 1.475 Thread 0x0000021522cdc9d0 Exception <a 'java/lang/NoSuchMethodError'{0x00000000d605aec8}: 'void java.lang.invoke.DirectMethodHandle$Holder.invokeVirtual(java.lang.Object, java.lang.Object)'> (0x00000000d605aec8) 
thrown [s\src\hotspot\share\interpreter\linkResolver.cpp, line 773]

ZGC Phase Switch (0 events):
No events

VM Operations (10 events):
Event: 0.285 Executing VM operation: HandshakeAllThreads (Deoptimize)
Event: 0.285 Executing VM operation: HandshakeAllThreads (Deoptimize) done
Event: 0.626 Executing VM operation: HandshakeAllThreads (Deoptimize)
Event: 0.626 Executing VM operation: HandshakeAllThreads (Deoptimize) done
Event: 1.633 Executing VM operation: Cleanup
Event: 1.633 Executing VM operation: Cleanup done
Event: 1.923 Executing VM operation: HandshakeAllThreads (Deoptimize)
Event: 1.924 Executing VM operation: HandshakeAllThreads (Deoptimize) done
Event: 2.060 Executing VM operation: HandshakeAllThreads (Deoptimize)
Event: 2.060 Executing VM operation: HandshakeAllThreads (Deoptimize) done

Memory protections (0 events):
No events

Nmethod flushes (0 events):
No events

Events (15 events):
Event: 0.077 Thread 0x0000021522cdc9d0 Thread added: 0x0000021522cdc9d0
Event: 0.132 Thread 0x0000021522cdc9d0 Thread added: 0x000002153974daa0
Event: 0.132 Thread 0x0000021522cdc9d0 Thread added: 0x000002153974ff70
Event: 0.133 Thread 0x0000021522cdc9d0 Thread added: 0x0000021539752980
Event: 0.133 Thread 0x0000021522cdc9d0 Thread added: 0x00000215397554e0
Event: 0.133 Thread 0x0000021522cdc9d0 Thread added: 0x00000215397594e0
Event: 0.134 Thread 0x0000021522cdc9d0 Thread added: 0x000002153975f620
Event: 0.134 Thread 0x0000021522cdc9d0 Thread added: 0x0000021539762460
Event: 0.134 Thread 0x0000021522cdc9d0 Thread added: 0x0000021539762fa0
Event: 0.321 Thread 0x0000021539762fa0 Thread added: 0x000002157c291ce0
Event: 0.415 Thread 0x0000021522cdc9d0 Thread added: 0x000002157c342520
Event: 0.451 Thread 0x000002157c291ce0 Thread exited: 0x000002157c291ce0
Event: 1.185 Thread 0x0000021522cdc9d0 Thread added: 0x000002157c4abe20
Event: 1.194 Thread 0x0000021539762fa0 Thread added: 0x000002157c40bca0
Event: 1.795 Thread 0x0000021539762fa0 Thread added: 0x000002157c83ded0


Dynamic libraries:
0x00007ff6508b0000 - 0x00007ff6508be000 	c:\Users\HP\.antigravity\extensions\redhat.java-1.50.0-win32-x64\jre\21.0.9-win32-x86_64\bin\java.exe
0x00007ffe4b4c0000 - 0x00007ffe4b728000 	C:\WINDOWS\SYSTEM32\ntdll.dll
0x00007ffe4b2a0000 - 0x00007ffe4b369000 	C:\WINDOWS\System32\KERNEL32.DLL
0x00007ffe48df0000 - 0x00007ffe491e2000 	C:\WINDOWS\System32\KERNELBASE.dll
0x00007ffe48a70000 - 0x00007ffe48bbb000 	C:\WINDOWS\System32\ucrtbase.dll
0x00007ffe0a860000 - 0x00007ffe0a87e000 	c:\Users\HP\.antigravity\extensions\redhat.java-1.50.0-win32-x64\jre\21.0.9-win32-x86_64\bin\VCRUNTIME140.dll
0x00007ffe02d20000 - 0x00007ffe02d38000 	c:\Users\HP\.antigravity\extensions\redhat.java-1.50.0-win32-x64\jre\21.0.9-win32-x86_64\bin\jli.dll
0x00007ffe4afa0000 - 0x00007ffe4b165000 	C:\WINDOWS\System32\USER32.dll
0x00007ffe48bc0000 - 0x00007ffe48be7000 	C:\WINDOWS\System32\win32u.dll
0x00007ffe25cf0000 - 0x00007ffe25f83000 	C:\WINDOWS\WinSxS\amd64_microsoft.windows.common-controls_6595b64144ccf1df_6.0.26100.6899_none_3e0efeeae32e88c1\COMCTL32.dll
0x00007ffe4a050000 - 0x00007ffe4a07b000 	C:\WINDOWS\System32\GDI32.dll
0x00007ffe4ab70000 - 0x00007ffe4ac19000 	C:\WINDOWS\System32\msvcrt.dll
0x00007ffe48700000 - 0x00007ffe4882d000 	C:\WINDOWS\System32\gdi32full.dll
0x00007ffe48650000 - 0x00007ffe486f3000 	C:\WINDOWS\System32\msvcp_win.dll
0x00007ffe49bd0000 - 0x00007ffe49bff000 	C:\WINDOWS\System32\IMM32.DLL
0x00007ffe2a000000 - 0x00007ffe2a00c000 	c:\Users\HP\.antigravity\extensions\redhat.java-1.50.0-win32-x64\jre\21.0.9-win32-x86_64\bin\vcruntime140_1.dll
0x00007ffdf6fa0000 - 0x00007ffdf702d000 	c:\Users\HP\.antigravity\extensions\redhat.java-1.50.0-win32-x64\jre\21.0.9-win32-x86_64\bin\msvcp140.dll
0x00007ffda6e90000 - 0x00007ffda7c30000 	c:\Users\HP\.antigravity\extensions\redhat.java-1.50.0-win32-x64\jre\21.0.9-win32-x86_64\bin\server\jvm.dll
0x00007ffe49290000 - 0x00007ffe49344000 	C:\WINDOWS\System32\ADVAPI32.dll
0x00007ffe4b190000 - 0x00007ffe4b236000 	C:\WINDOWS\System32\sechost.dll
0x00007ffe4a3e0000 - 0x00007ffe4a4f8000 	C:\WINDOWS\System32\RPCRT4.dll
0x00007ffe49e20000 - 0x00007ffe49e94000 	C:\WINDOWS\System32\WS2_32.dll
0x00007ffe484b0000 - 0x00007ffe4850e000 	C:\WINDOWS\SYSTEM32\POWRPROF.dll
0x00007ffe335d0000 - 0x00007ffe33605000 	C:\WINDOWS\SYSTEM32\WINMM.dll
0x00007ffe40520000 - 0x00007ffe4052b000 	C:\WINDOWS\SYSTEM32\VERSION.dll
0x00007ffe48490000 - 0x00007ffe484a4000 	C:\WINDOWS\SYSTEM32\UMPDC.dll
0x00007ffe473e0000 - 0x00007ffe473fb000 	C:\WINDOWS\SYSTEM32\kernel.appcore.dll
0x00007ffe296e0000 - 0x00007ffe296ea000 	c:\Users\HP\.antigravity\extensions\redhat.java-1.50.0-win32-x64\jre\21.0.9-win32-x86_64\bin\jimage.dll
0x00007ffe45d10000 - 0x00007ffe45f52000 	C:\WINDOWS\SYSTEM32\DBGHELP.DLL
0x00007ffe4ac20000 - 0x00007ffe4af9b000 	C:\WINDOWS\System32\combase.dll
0x00007ffe4a080000 - 0x00007ffe4a157000 	C:\WINDOWS\System32\OLEAUT32.dll
0x00007ffe342f0000 - 0x00007ffe3432c000 	C:\WINDOWS\SYSTEM32\dbgcore.DLL
0x00007ffe491f0000 - 0x00007ffe49288000 	C:\WINDOWS\System32\bcryptPrimitives.dll
0x00007ffe27300000 - 0x00007ffe2730f000 	c:\Users\HP\.antigravity\extensions\redhat.java-1.50.0-win32-x64\jre\21.0.9-win32-x86_64\bin\instrument.dll
0x00007ffe02cd0000 - 0x00007ffe02cf0000 	c:\Users\HP\.antigravity\extensions\redhat.java-1.50.0-win32-x64\jre\21.0.9-win32-x86_64\bin\java.dll
0x00007ffe49480000 - 0x00007ffe49bcd000 	C:\WINDOWS\System32\SHELL32.dll
0x00007ffe48bf0000 - 0x00007ffe48d5b000 	C:\WINDOWS\System32\wintypes.dll
0x00007ffe46280000 - 0x00007ffe46add000 	C:\WINDOWS\SYSTEM32\windows.storage.dll
0x00007ffe49d10000 - 0x00007ffe49e02000 	C:\WINDOWS\System32\SHCORE.dll
0x00007ffe49410000 - 0x00007ffe49472000 	C:\WINDOWS\System32\shlwapi.dll
0x00007ffe48570000 - 0x00007ffe48599000 	C:\WINDOWS\SYSTEM32\profapi.dll
0x00007ffe02cb0000 - 0x00007ffe02cc8000 	c:\Users\HP\.antigravity\extensions\redhat.java-1.50.0-win32-x64\jre\21.0.9-win32-x86_64\bin\zip.dll
0x00007ffe22f20000 - 0x00007ffe22f30000 	C:\Users\HP\.antigravity\extensions\redhat.java-1.50.0-win32-x64\jre\21.0.9-win32-x86_64\bin\net.dll
0x00007ffe40000000 - 0x00007ffe4011f000 	C:\WINDOWS\SYSTEM32\WINHTTP.dll
0x00007ffe47930000 - 0x00007ffe4799b000 	C:\WINDOWS\system32\mswsock.dll
0x00007ffdfff40000 - 0x00007ffdfff56000 	C:\Users\HP\.antigravity\extensions\redhat.java-1.50.0-win32-x64\jre\21.0.9-win32-x86_64\bin\nio.dll
0x00007ffe0ce50000 - 0x00007ffe0ce60000 	c:\Users\HP\.antigravity\extensions\redhat.java-1.50.0-win32-x64\jre\21.0.9-win32-x86_64\bin\verify.dll

JVMTI agents:
c:\Users\HP\.antigravity\extensions\redhat.java-1.50.0-win32-x64\lombok\lombok-1.18.39-4050.jar path:c:\Users\HP\.antigravity\extensions\redhat.java-1.50.0-win32-x64\jre\21.0.9-win32-x86_64\bin\instrument.dll, loaded, initialized, instrumentlib options:none

dbghelp: loaded successfully - version: 4.0.5 - missing functions: none
symbol engine: initialized successfully - sym options: 0x614 - pdb path: .;c:\Users\HP\.antigravity\extensions\redhat.java-1.50.0-win32-x64\jre\21.0.9-win32-x86_64\bin;C:\WINDOWS\SYSTEM32;C:\WINDOWS\WinSxS\amd64_microsoft.windows.common-controls_6595b64144ccf1df_6.0.26100.6899_none_3e0efeeae32e88c1;c:\Users\HP\.antigravity\extensions\redhat.java-1.50.0-win32-x64\jre\21.0.9-win32-x86_64\bin\server

VM Arguments:
jvm_args: --add-modules=ALL-SYSTEM --add-opens=java.base/java.util=ALL-UNNAMED --add-opens=java.base/java.lang=ALL-UNNAMED --add-opens=java.base/sun.nio.fs=ALL-UNNAMED -Declipse.application=org.eclipse.jdt.ls.core.id1 -Dosgi.bundles.defaultStartLevel=4 -Declipse.product=org.eclipse.jdt.ls.core.product -Djava.import.generatesMetadataFilesAtProjectRoot=false -DDetectVMInstallationsJob.disabled=true -Dfile.encoding=utf8 -XX:+UseParallelGC -XX:GCTimeRatio=4 -XX:AdaptiveSizePolicyWeight=90 -Dsun.zip.disableMemoryMapping=true -Xmx2G -Xms100m -Xlog:disable -javaagent:c:\Users\HP\.antigravity\extensions\redhat.java-1.50.0-win32-x64\lombok\lombok-1.18.39-4050.jar 
java_command: c:\Users\HP\.antigravity\extensions\redhat.java-1.50.0-win32-x64\server\plugins\org.eclipse.equinox.launcher_1.7.100.v20251111-0406.jar -configuration c:\Users\HP\AppData\Roaming\Antigravity\User\globalStorage\redhat.java\1.50.0\config_ss_win -data c:\Users\HP\AppData\Roaming\Antigravity\User\workspaceStorage\d3ed139398f51788ae3647223982d52d\redhat.java\ss_ws --pipe=\\.\pipe\lsp-dbce8370b1b25561aae917e0da0d9d06-sock
java_class_path (initial): c:\Users\HP\.antigravity\extensions\redhat.java-1.50.0-win32-x64\server\plugins\org.eclipse.equinox.launcher_1.7.100.v20251111-0406.jar
Launcher Type: SUN_STANDARD

[Global flags]
    uintx AdaptiveSizePolicyWeight                 = 90                                        {product} {command line}
     intx CICompilerCount                          = 4                                         {product} {ergonomic}
    uintx GCTimeRatio                              = 4                                         {product} {command line}
   size_t InitialHeapSize                          = 104857600                                 {product} {command line}
   size_t MaxHeapSize                              = 2147483648                                {product} {command line}
   size_t MaxNewSize                               = 715653120                                 {product} {ergonomic}
   size_t MinHeapDeltaBytes                        = 524288                                    {product} {ergonomic}
   size_t MinHeapSize                              = 104857600                                 {product} {command line}
   size_t NewSize                                  = 34603008                                  {product} {ergonomic}
    uintx NonNMethodCodeHeapSize                   = 5839372                                {pd product} {ergonomic}
    uintx NonProfiledCodeHeapSize                  = 122909434                              {pd product} {ergonomic}
   size_t OldSize                                  = 70254592                                  {product} {ergonomic}
    uintx ProfiledCodeHeapSize                     = 122909434                              {pd product} {ergonomic}
    uintx ReservedCodeCacheSize                    = 251658240                              {pd product} {ergonomic}
     bool SegmentedCodeCache                       = true                                      {product} {ergonomic}
   size_t SoftMaxHeapSize                          = 2147483648                             {manageable} {ergonomic}
     bool UseCompressedOops                        = true                           {product lp64_product} {ergonomic}
     bool UseLargePagesIndividualAllocation        = false                                  {pd product} {ergonomic}
     bool UseParallelGC                            = true                                      {product} {command line}

Logging:
Log output configuration:
 #0: stdout all=off uptime,level,tags foldmultilines=false
 #1: stderr all=off uptime,level,tags foldmultilines=false

Release file:
JAVA_VERSION="21.0.9" 
MODULES="java.base java.compiler java.datatransfer java.xml java.prefs java.desktop java.instrument java.logging java.management java.security.sasl java.naming java.rmi java.management.rmi java.net.http java.scripting java.security.jgss java.transaction.xa java.sql java.sql.rowset java.xml.crypto java.se java.smartcardio jdk.accessibility jdk.internal.jvmstat jdk.attach jdk.charsets jdk.internal.opt jdk.zipfs jdk.compiler jdk.crypto.ec jdk.crypto.cryptoki jdk.crypto.mscapi jdk.dynalink jdk.internal.ed jdk.editpad jdk.hotspot.agent jdk.httpserver jdk.internal.le jdk.internal.vm.ci jdk.internal.vm.compiler jdk.internal.vm.compiler.management jdk.jartool jdk.javadoc jdk.jcmd jdk.management jdk.management.agent jdk.jconsole jdk.jdeps jdk.jdwp.agent jdk.jdi jdk.jfr jdk.jshell jdk.jsobject jdk.jstatd jdk.localedata jdk.management.jfr jdk.naming.dns jdk.naming.rmi jdk.net jdk.nio.mapmode jdk.random jdk.sctp jdk.security.auth jdk.security.jgss jdk.unsupported jdk.unsupported.desktop jdk.xml.dom" 

Environment Variables:
JAVA_HOME=C:\Program Files\Java\jdk-17.0.17
PATH=C:\WINDOWS\system32;C:\WINDOWS;C:\WINDOWS\System32\Wbem;C:\WINDOWS\System32\WindowsPowerShell\v1.0\;C:\WINDOWS\System32\OpenSSH\;C:\Program Files\dotnet\;C:\Program Files (x86)\Intel\Intel(R) Management Engine Components\DAL;C:\Program Files\Intel\Intel(R) Management Engine Components\DAL;C:\Program Files\Git\cmd;C:\MinGW\bin;C:\Program Files\apache-maven-3.9.11\bin;C:\Program Files (x86)\Microsoft SQL Server\160\Tools\Binn\;C:\Program Files\Microsoft SQL Server\160\Tools\Binn\;C:\Program Files\Microsoft SQL Server\Client SDK\ODBC\170\Tools\Binn\;C:\Program Files\Microsoft SQL Server\160\DTS\Binn\;C:\Users\HP\AppData\Local\Pub\Cache\bin;C:\Program Files\Docker\Docker\resources\bin;C:\Program Files\Java\jdk-17.0.17\bin;C:\Users\HP\AppData\Local\Android\Sdk\platorm-tools;C:\Users\HP\AppData\Local\Android\Sdk\cmdline-tools\latest\bin;C:\src\flutter\bin;C:\Users\HP\AppData\Local\nvm;C:\nvm4w\nodejs;C:\Program Files\nodejs\;C:\Program Files\MySQL\MySQL Shell 8.0\bin\;C:\Users\HP\AppData\Local\Microsoft\WindowsApps;C:\Program Files\Java\jdk-23\bin;C:\Users\HP\AppData\Local\Pub\Cache\bin;C:\Program Files\JetBrains\IntelliJ IDEA Community Edition 2025.2.4\bin;C:\Users\HP\AppData\Local\Programs\Microsoft VS Code\bin;D:\Program Files\PostgreSQL\18\bin;D:\Program Files\PostgreSQL\18\lib;C:\Users\HP\AppData\Local\Python\bin;C:\src\flutter\bin;C:\Users\HP\AppData\Local\nvm;C:\nvm4w\nodejs;C:\Users\HP\AppData\Roaming\npm;C:\Users\HP\AppData\Local\Programs\Antigravity\bin
USERNAME=HP
OS=Windows_NT
PROCESSOR_IDENTIFIER=Intel64 Family 6 Model 142 Stepping 10, GenuineIntel
TMP=C:\Users\HP\AppData\Local\Temp
TEMP=C:\Users\HP\AppData\Local\Temp




Periodic native trim disabled

---------------  S Y S T E M  ---------------

OS:
 Windows 11 , 64 bit Build 26100 (10.0.26100.6725)
OS uptime: 2 days 5:28 hours
Hyper-V role detected

CPU: total 8 (initial active 8) (4 cores per cpu, 2 threads per core) family 6 model 142 stepping 10 microcode 0xf6, cx8, cmov, fxsr, ht, mmx, 3dnowpref, sse, sse2, sse3, ssse3, sse4.1, sse4.2, popcnt, lzcnt, tsc, tscinvbit, avx, avx2, aes, erms, clmul, bmi1, bmi2, rtm, adx, fma, vzeroupper, clflush, clflushopt, hv, rdtscp, f16c
Processor Information for the first 8 processors :
  Max Mhz: 2112, Current Mhz: 1910, Mhz Limit: 1900

Memory: 4k page, system-wide physical 8035M (803M free)
TotalPageFile size 22164M (AvailPageFile size 5M)
current process WorkingSet (physical memory assigned to process): 66M, peak: 66M
current process commit charge ("private bytes"): 235M, peak: 235M

vm_info: OpenJDK 64-Bit Server VM (21.0.9+10-LTS) for windows-amd64 JRE (21.0.9+10-LTS), built on 2025-10-21T00:00:00Z by "admin" with unknown MS VC++:1942

END.
