#
# There is insufficient memory for the Java Runtime Environment to continue.
# Native memory allocation (malloc) failed to allocate 496688 bytes. Error detail: Chunk::new
# Possible reasons:
#   The system is out of physical RAM or swap space
#   This process is running with CompressedOops enabled, and the Java Heap may be blocking the growth of the native heap
# Possible solutions:
#   Reduce memory load on the system
#   Increase physical memory or swap space
#   Check if swap backing store is full
#   Decrease Java heap size (-Xmx/-Xms)
#   Decrease number of Java threads
#   Decrease Java thread stack sizes (-Xss)
#   Set larger code cache with -XX:ReservedCodeCacheSize=
#   JVM is running with Unscaled Compressed Oops mode in which the Java heap is
#     placed in the first 4GB address space. The Java Heap base address is the
#     maximum limit for the native heap growth. Please use -XX:HeapBaseMinAddress
#     to set the Java Heap base and to place the Java Heap above 4GB virtual address.
# This output file may be truncated or incomplete.
#
#  Out of Memory Error (arena.cpp:168), pid=15924, tid=12816
#
# JRE version: OpenJDK Runtime Environment Temurin-21.0.9+10 (21.0.9+10) (build 21.0.9+10-LTS)
# Java VM: OpenJDK 64-Bit Server VM Temurin-21.0.9+10 (21.0.9+10-LTS, mixed mode, sharing, tiered, compressed oops, compressed class ptrs, parallel gc, windows-amd64)
# No core dump will be written. Minidumps are not enabled by default on client versions of Windows
#

---------------  S U M M A R Y ------------

Command Line: --add-modules=ALL-SYSTEM --add-opens=java.base/java.util=ALL-UNNAMED --add-opens=java.base/java.lang=ALL-UNNAMED --add-opens=java.base/sun.nio.fs=ALL-UNNAMED -Declipse.application=org.eclipse.jdt.ls.core.id1 -Dosgi.bundles.defaultStartLevel=4 -Declipse.product=org.eclipse.jdt.ls.core.product -Djava.import.generatesMetadataFilesAtProjectRoot=false -DDetectVMInstallationsJob.disabled=true -Dfile.encoding=utf8 -XX:+UseParallelGC -XX:GCTimeRatio=4 -XX:AdaptiveSizePolicyWeight=90 -Dsun.zip.disableMemoryMapping=true -Xmx2G -Xms100m -Xlog:disable -javaagent:c:\Users\HP\.antigravity\extensions\redhat.java-1.50.0-win32-x64\lombok\lombok-1.18.39-4050.jar c:\Users\HP\.antigravity\extensions\redhat.java-1.50.0-win32-x64\server\plugins\org.eclipse.equinox.launcher_1.7.100.v20251111-0406.jar -configuration c:\Users\HP\AppData\Roaming\Antigravity\User\globalStorage\redhat.java\1.50.0\config_ss_win -data c:\Users\HP\AppData\Roaming\Antigravity\User\workspaceStorage\d3ed139398f51788ae3647223982d52d\redhat.java\ss_ws --pipe=\\.\pipe\lsp-8611a4d28b3a778a2fb89e5669d3464d-sock

Host: Intel(R) Core(TM) i7-8650U CPU @ 1.90GHz, 8 cores, 7G,  Windows 11 , 64 bit Build 26100 (10.0.26100.6725)
Time: Wed Dec 31 21:37:21 2025 Temps universel coordonné elapsed time: 4.212985 seconds (0d 0h 0m 4s)

---------------  T H R E A D  ---------------

Current thread (0x00000227427ab930):  JavaThread "C2 CompilerThread0" daemon [_thread_in_native, id=12816, stack(0x0000007ecaa00000,0x0000007ecab00000) (1024K)]


Current CompileTask:
C2:4213  981   !   4       java.util.jar.Attributes::read (494 bytes)

Stack: [0x0000007ecaa00000,0x0000007ecab00000]
Native frames: (J=compiled Java code, j=interpreted, Vv=VM code, C=native code)
V  [jvm.dll+0x6d6e29]
V  [jvm.dll+0x8b4b76]
V  [jvm.dll+0x8b712e]
V  [jvm.dll+0x8b7813]
V  [jvm.dll+0x283d86]
V  [jvm.dll+0xc66ed]
V  [jvm.dll+0xc6c31]
V  [jvm.dll+0x3be53b]
V  [jvm.dll+0x1e3b52]
V  [jvm.dll+0x24c0f3]
V  [jvm.dll+0x24b580]
V  [jvm.dll+0x1cb13e]
V  [jvm.dll+0x25b29d]
V  [jvm.dll+0x25982a]
V  [jvm.dll+0x3f7ea6]
V  [jvm.dll+0x85e9ad]
V  [jvm.dll+0x6d565d]
C  [ucrtbase.dll+0x37b0]
C  [KERNEL32.DLL+0x2e8d7]
C  [ntdll.dll+0x8c53c]


---------------  P R O C E S S  ---------------

Threads class SMR info:
_java_thread_list=0x00000227858056c0, length=11, elements={
0x000002272bd2ddb0, 0x000002274279ec20, 0x000002274279fa30, 0x00000227427a4af0,
0x00000227427a7650, 0x00000227427a80a0, 0x00000227427a8af0, 0x00000227427ab930,
0x00000227427dc7c0, 0x00000227852e4dc0, 0x00000227854469c0
}

Java Threads: ( => current thread )
  0x000002272bd2ddb0 JavaThread "main"                              [_thread_in_Java, id=18428, stack(0x0000007eca000000,0x0000007eca100000) (1024K)]
  0x000002274279ec20 JavaThread "Reference Handler"          daemon [_thread_blocked, id=4428, stack(0x0000007eca400000,0x0000007eca500000) (1024K)]
  0x000002274279fa30 JavaThread "Finalizer"                  daemon [_thread_blocked, id=4556, stack(0x0000007eca500000,0x0000007eca600000) (1024K)]
  0x00000227427a4af0 JavaThread "Signal Dispatcher"          daemon [_thread_blocked, id=6180, stack(0x0000007eca600000,0x0000007eca700000) (1024K)]
  0x00000227427a7650 JavaThread "Attach Listener"            daemon [_thread_blocked, id=20232, stack(0x0000007eca700000,0x0000007eca800000) (1024K)]
  0x00000227427a80a0 JavaThread "Service Thread"             daemon [_thread_blocked, id=6672, stack(0x0000007eca800000,0x0000007eca900000) (1024K)]
  0x00000227427a8af0 JavaThread "Monitor Deflation Thread"   daemon [_thread_blocked, id=14792, stack(0x0000007eca900000,0x0000007ecaa00000) (1024K)]
=>0x00000227427ab930 JavaThread "C2 CompilerThread0"         daemon [_thread_in_native, id=12816, stack(0x0000007ecaa00000,0x0000007ecab00000) (1024K)]
  0x00000227427dc7c0 JavaThread "C1 CompilerThread0"         daemon [_thread_blocked, id=26916, stack(0x0000007ecab00000,0x0000007ecac00000) (1024K)]
  0x00000227852e4dc0 JavaThread "Common-Cleaner"             daemon [_thread_blocked, id=25880, stack(0x0000007ecad00000,0x0000007ecae00000) (1024K)]
  0x00000227854469c0 JavaThread "Notification Thread"        daemon [_thread_blocked, id=15620, stack(0x0000007ecac00000,0x0000007ecad00000) (1024K)]
Total: 11

Other Threads:
  0x0000022742782a50 VMThread "VM Thread"                           [id=23312, stack(0x0000007eca300000,0x0000007eca400000) (1024K)]
  0x00000227426bca00 WatcherThread "VM Periodic Task Thread"        [id=7076, stack(0x0000007eca200000,0x0000007eca300000) (1024K)]
  0x000002272bd4cb80 WorkerThread "GC Thread#0"                     [id=26464, stack(0x0000007eca100000,0x0000007eca200000) (1024K)]
Total: 3

Threads with active compile tasks:
C2 CompilerThread0  4299  981   !   4       java.util.jar.Attributes::read (494 bytes)
Total: 1

VM state: not at safepoint (normal execution)

VM Mutex/Monitor currently owned by a thread: None

OutOfMemory and StackOverflow Exception counts:
OutOfMemoryError java_heap_errors=1
LinkageErrors=17

Heap address: 0x0000000080000000, size: 2048 MB, Compressed Oops mode: 32-bit

CDS archive(s) mapped at: [0x0000022743000000-0x0000022743ba0000-0x0000022743ba0000), size 12189696, SharedBaseAddress: 0x0000022743000000, ArchiveRelocationMode: 1.
Compressed class space mapped at: 0x0000022744000000-0x0000022784000000, reserved size: 1073741824
Narrow klass base: 0x0000022743000000, Narrow klass shift: 0, Narrow klass range: 0x100000000

GC Precious Log:
 CardTable entry size: 512
 CPUs: 8 total, 8 available
 Memory: 8035M
 Large Page Support: Disabled
 NUMA Support: Disabled
 Compressed Oops: Enabled (32-bit)
 Alignments: Space 512K, Generation 512K, Heap 2M
 Heap Min Capacity: 100M
 Heap Initial Capacity: 100M
 Heap Max Capacity: 2G
 Pre-touch: Disabled
 Parallel Workers: 8

Heap:
 PSYoungGen      total 29696K, used 20429K [0x00000000d5580000, 0x00000000d7680000, 0x0000000100000000)
  eden space 25600K, 79% used [0x00000000d5580000,0x00000000d6973668,0x00000000d6e80000)
  from space 4096K, 0% used [0x00000000d7280000,0x00000000d7280000,0x00000000d7680000)
  to   space 4096K, 0% used [0x00000000d6e80000,0x00000000d6e80000,0x00000000d7280000)
 ParOldGen       total 68608K, used 0K [0x0000000080000000, 0x0000000084300000, 0x00000000d5580000)
  object space 68608K, 0% used [0x0000000080000000,0x0000000080000000,0x0000000084300000)
 Metaspace       used 3582K, committed 3840K, reserved 1114112K
  class space    used 394K, committed 512K, reserved 1048576K

Card table byte_map: [0x000002272b6d0000,0x000002272bae0000] _byte_map_base: 0x000002272b2d0000

Marking Bits: (ParMarkBitMap*) 0x00007ffda7b52460
 Begin Bits: [0x000002273e1e0000, 0x00000227401e0000)
 End Bits:   [0x00000227401e0000, 0x00000227421e0000)

Polling page: 0x0000022729bc0000

Metaspace:

Usage:
  Non-class:      3.11 MB used.
      Class:    394.44 KB used.
       Both:      3.50 MB used.

Virtual space:
  Non-class space:       64.00 MB reserved,       3.25 MB (  5%) committed,  1 nodes.
      Class space:        1.00 GB reserved,     512.00 KB ( <1%) committed,  1 nodes.
             Both:        1.06 GB reserved,       3.75 MB ( <1%) committed. 

Chunk freelists:
   Non-Class:  11.44 MB
       Class:  15.47 MB
        Both:  26.91 MB

MaxMetaspaceSize: unlimited
CompressedClassSpaceSize: 1.00 GB
Initial GC threshold: 21.00 MB
Current GC threshold: 21.00 MB
CDS: on
 - commit_granule_bytes: 65536.
 - commit_granule_words: 8192.
 - virtual_space_node_default_size: 8388608.
 - enlarge_chunks_in_place: 1.
 - use_allocation_guard: 0.


Internal statistics:

num_allocs_failed_limit: 0.
num_arena_births: 182.
num_arena_deaths: 0.
num_vsnodes_births: 2.
num_vsnodes_deaths: 0.
num_space_committed: 60.
num_space_uncommitted: 0.
num_chunks_returned_to_freelist: 0.
num_chunks_taken_from_freelist: 227.
num_chunk_merges: 0.
num_chunk_splits: 149.
num_chunks_enlarged: 83.
num_inconsistent_stats: 0.

CodeHeap 'non-profiled nmethods': size=120000Kb used=422Kb max_used=422Kb free=119577Kb
 bounds [0x0000022736a00000, 0x0000022736c70000, 0x000002273df30000]
CodeHeap 'profiled nmethods': size=120000Kb used=1591Kb max_used=1591Kb free=118408Kb
 bounds [0x000002272ef30000, 0x000002272f1a0000, 0x0000022736460000]
CodeHeap 'non-nmethods': size=5760Kb used=1193Kb max_used=1227Kb free=4566Kb
 bounds [0x0000022736460000, 0x00000227366d0000, 0x0000022736a00000]
CodeCache: size=245760Kb, used=3206Kb, max_used=3240Kb, free=242551Kb
 total_blobs=1465, nmethods=1012, adapters=360, full_count=0
Compilation: enabled, stopped_count=0, restarted_count=0

Compilation events (20 events):
Event: 4.058 Thread 0x00000227427dc7c0 nmethod 979 0x000002272f0af090 code [0x000002272f0af280, 0x000002272f0af660]
Event: 4.060 Thread 0x00000227427dc7c0  980       3       java.lang.String::<init> (16 bytes)
Event: 4.060 Thread 0x00000227427dc7c0 nmethod 980 0x000002272f0af790 code [0x000002272f0af960, 0x000002272f0afc18]
Event: 4.061 Thread 0x00000227427ab930  981   !   4       java.util.jar.Attributes::read (494 bytes)
Event: 4.066 Thread 0x00000227427dc7c0  983  s    1       java.io.ByteArrayOutputStream::size (5 bytes)
Event: 4.066 Thread 0x00000227427dc7c0 nmethod 983 0x0000022736a66c10 code [0x0000022736a66da0, 0x0000022736a66f28]
Event: 4.066 Thread 0x00000227427dc7c0  984       1       sun.security.util.DerOutputStream::buf (5 bytes)
Event: 4.066 Thread 0x00000227427dc7c0 nmethod 984 0x0000022736a66f90 code [0x0000022736a67120, 0x0000022736a671e8]
Event: 4.067 Thread 0x00000227427dc7c0  985       3       java.util.Arrays::equals (43 bytes)
Event: 4.067 Thread 0x00000227427dc7c0 nmethod 985 0x000002272f0afd90 code [0x000002272f0aff60, 0x000002272f0b0228]
Event: 4.068 Thread 0x00000227427dc7c0  986       3       sun.security.util.ObjectIdentifier::equals (36 bytes)
Event: 4.068 Thread 0x00000227427dc7c0 nmethod 986 0x000002272f0b0310 code [0x000002272f0b04e0, 0x000002272f0b08d8]
Event: 4.068 Thread 0x00000227427dc7c0  987  s    3       java.util.Hashtable::get (69 bytes)
Event: 4.069 Thread 0x00000227427dc7c0 nmethod 987 0x000002272f0b0990 code [0x000002272f0b0b80, 0x000002272f0b10d0]
Event: 4.162 Thread 0x00000227427dc7c0  988 %     3       java.math.BigInteger::implMultiplyToLen @ 135 (216 bytes)
Event: 4.164 Thread 0x00000227427dc7c0 nmethod 988% 0x000002272f0b1290 code [0x000002272f0b14a0, 0x000002272f0b1b88]
Event: 4.167 Thread 0x00000227427dc7c0  989       3       java.math.BigInteger::implMultiplyToLen (216 bytes)
Event: 4.168 Thread 0x00000227427dc7c0 nmethod 989 0x000002272f0b2010 code [0x000002272f0b2200, 0x000002272f0b27a8]
Event: 4.203 Thread 0x00000227427dc7c0  991       3       java.util.Arrays::copyOfRange (25 bytes)
Event: 4.204 Thread 0x00000227427dc7c0 nmethod 991 0x000002272f0b2b90 code [0x000002272f0b2e40, 0x000002272f0b39e8]

GC Heap History (0 events):
No events

Dll operation events (8 events):
Event: 0.046 Loaded shared library c:\Users\HP\.antigravity\extensions\redhat.java-1.50.0-win32-x64\jre\21.0.9-win32-x86_64\bin\java.dll
Event: 0.605 Loaded shared library c:\Users\HP\.antigravity\extensions\redhat.java-1.50.0-win32-x64\jre\21.0.9-win32-x86_64\bin\zip.dll
Event: 0.750 Loaded shared library C:\Users\HP\.antigravity\extensions\redhat.java-1.50.0-win32-x64\jre\21.0.9-win32-x86_64\bin\instrument.dll
Event: 0.778 Loaded shared library C:\Users\HP\.antigravity\extensions\redhat.java-1.50.0-win32-x64\jre\21.0.9-win32-x86_64\bin\net.dll
Event: 0.788 Loaded shared library C:\Users\HP\.antigravity\extensions\redhat.java-1.50.0-win32-x64\jre\21.0.9-win32-x86_64\bin\nio.dll
Event: 0.805 Loaded shared library C:\Users\HP\.antigravity\extensions\redhat.java-1.50.0-win32-x64\jre\21.0.9-win32-x86_64\bin\zip.dll
Event: 0.975 Loaded shared library C:\Users\HP\.antigravity\extensions\redhat.java-1.50.0-win32-x64\jre\21.0.9-win32-x86_64\bin\jimage.dll
Event: 1.374 Loaded shared library c:\Users\HP\.antigravity\extensions\redhat.java-1.50.0-win32-x64\jre\21.0.9-win32-x86_64\bin\verify.dll

Deoptimization events (20 events):
Event: 2.956 Thread 0x000002272bd2ddb0 DEOPT PACKING pc=0x000002272f02df04 sp=0x0000007eca0fd710
Event: 2.956 Thread 0x000002272bd2ddb0 DEOPT UNPACKING pc=0x00000227364b4242 sp=0x0000007eca0fcb68 mode 0
Event: 2.958 Thread 0x000002272bd2ddb0 DEOPT PACKING pc=0x000002272f02df04 sp=0x0000007eca0fd790
Event: 2.958 Thread 0x000002272bd2ddb0 DEOPT UNPACKING pc=0x00000227364b4242 sp=0x0000007eca0fcbe8 mode 0
Event: 2.958 Thread 0x000002272bd2ddb0 DEOPT PACKING pc=0x000002272f02df04 sp=0x0000007eca0fd790
Event: 2.958 Thread 0x000002272bd2ddb0 DEOPT UNPACKING pc=0x00000227364b4242 sp=0x0000007eca0fcbe8 mode 0
Event: 3.151 Thread 0x000002272bd2ddb0 Uncommon trap: trap_request=0xffffff6e fr.pc=0x0000022736a4882c relative=0x000000000000020c
Event: 3.151 Thread 0x000002272bd2ddb0 Uncommon trap: reason=loop_limit_check action=maybe_recompile pc=0x0000022736a4882c method=java.math.BigInteger.implMulAdd([I[IIII)I @ 26 c2
Event: 3.151 Thread 0x000002272bd2ddb0 DEOPT PACKING pc=0x0000022736a4882c sp=0x0000007eca0fd970
Event: 3.151 Thread 0x000002272bd2ddb0 DEOPT UNPACKING pc=0x00000227364b3aa2 sp=0x0000007eca0fd8c0 mode 2
Event: 3.469 Thread 0x000002272bd2ddb0 Uncommon trap: trap_request=0xffffff45 fr.pc=0x0000022736a2fe60 relative=0x0000000000000500
Event: 3.469 Thread 0x000002272bd2ddb0 Uncommon trap: reason=unstable_if action=reinterpret pc=0x0000022736a2fe60 method=java.lang.AbstractStringBuilder.inflateIfNeededFor(Ljava/lang/String;)V @ 14 c2
Event: 3.469 Thread 0x000002272bd2ddb0 DEOPT PACKING pc=0x0000022736a2fe60 sp=0x0000007eca0fe740
Event: 3.469 Thread 0x000002272bd2ddb0 DEOPT UNPACKING pc=0x00000227364b3aa2 sp=0x0000007eca0fe5f0 mode 2
Event: 3.699 Thread 0x000002272bd2ddb0 DEOPT PACKING pc=0x000002272f042afb sp=0x0000007eca0fd510
Event: 3.699 Thread 0x000002272bd2ddb0 DEOPT UNPACKING pc=0x00000227364b4242 sp=0x0000007eca0fc988 mode 0
Event: 4.052 Thread 0x000002272bd2ddb0 DEOPT PACKING pc=0x000002272f0a98b1 sp=0x0000007eca0fec40
Event: 4.052 Thread 0x000002272bd2ddb0 DEOPT UNPACKING pc=0x00000227364b4242 sp=0x0000007eca0fe0b8 mode 0
Event: 4.054 Thread 0x000002272bd2ddb0 DEOPT PACKING pc=0x000002272f0a98b1 sp=0x0000007eca0fec40
Event: 4.054 Thread 0x000002272bd2ddb0 DEOPT UNPACKING pc=0x00000227364b4242 sp=0x0000007eca0fe0b8 mode 0

Classes loaded (20 events):
Event: 3.908 Loading class sun/nio/fs/WindowsFileSystemProvider$1
Event: 3.908 Loading class sun/nio/fs/WindowsFileSystemProvider$1 done
Event: 3.908 Loading class sun/nio/fs/WindowsLinkSupport
Event: 3.909 Loading class sun/nio/fs/WindowsLinkSupport done
Event: 3.909 Loading class sun/nio/fs/WindowsAclFileAttributeView
Event: 3.910 Loading class sun/nio/fs/AbstractAclFileAttributeView
Event: 3.910 Loading class java/nio/file/attribute/AclFileAttributeView
Event: 3.910 Loading class java/nio/file/attribute/FileOwnerAttributeView
Event: 3.910 Loading class java/nio/file/attribute/FileOwnerAttributeView done
Event: 3.910 Loading class java/nio/file/attribute/AclFileAttributeView done
Event: 3.910 Loading class sun/nio/fs/AbstractAclFileAttributeView done
Event: 3.910 Loading class sun/nio/fs/WindowsAclFileAttributeView done
Event: 3.911 Loading class sun/nio/fs/WindowsSecurity
Event: 3.912 Loading class sun/nio/fs/WindowsSecurity done
Event: 3.915 Loading class sun/nio/fs/WindowsFileStore
Event: 3.915 Loading class java/nio/file/FileStore
Event: 3.915 Loading class java/nio/file/FileStore done
Event: 3.915 Loading class sun/nio/fs/WindowsFileStore done
Event: 3.946 Loading class java/net/URLClassLoader$1
Event: 3.948 Loading class java/net/URLClassLoader$1 done

Classes unloaded (0 events):
No events

Classes redefined (0 events):
No events

Internal exceptions (20 events):
Event: 1.238 Thread 0x000002272bd2ddb0 Exception <a 'java/lang/NoSuchMethodError'{0x00000000d59dcc20}: 'java.lang.Object java.lang.invoke.DirectMethodHandle$Holder.invokeStatic(java.lang.Object, java.lang.Object, java.lang.Object, java.lang.Object, int)'> (0x00000000d59dcc20) 
thrown [s\src\hotspot\share\interpreter\linkResolver.cpp, line 773]
Event: 1.243 Thread 0x000002272bd2ddb0 Exception <a 'java/lang/NoSuchMethodError'{0x00000000d59e8060}: 'void java.lang.invoke.DelegatingMethodHandle$Holder.reinvoke_L(java.lang.Object, java.lang.Object, java.lang.Object, int, java.lang.Object)'> (0x00000000d59e8060) 
thrown [s\src\hotspot\share\interpreter\linkResolver.cpp, line 773]
Event: 1.260 Thread 0x000002272bd2ddb0 Exception <a 'java/lang/NoSuchMethodError'{0x00000000d59f89b0}: 'int java.lang.invoke.DirectMethodHandle$Holder.invokeSpecial(java.lang.Object, java.lang.Object, java.lang.Object)'> (0x00000000d59f89b0) 
thrown [s\src\hotspot\share\interpreter\linkResolver.cpp, line 773]
Event: 1.265 Thread 0x000002272bd2ddb0 Exception <a 'java/lang/NoSuchMethodError'{0x00000000d5a04670}: 'java.lang.Object java.lang.invoke.DirectMethodHandle$Holder.invokeStatic(java.lang.Object, java.lang.Object, int)'> (0x00000000d5a04670) 
thrown [s\src\hotspot\share\interpreter\linkResolver.cpp, line 773]
Event: 1.266 Thread 0x000002272bd2ddb0 Exception <a 'java/lang/NoSuchMethodError'{0x00000000d5a08fc0}: 'void java.lang.invoke.DirectMethodHandle$Holder.invokeStatic(java.lang.Object, java.lang.Object, int, java.lang.Object)'> (0x00000000d5a08fc0) 
thrown [s\src\hotspot\share\interpreter\linkResolver.cpp, line 773]
Event: 1.267 Thread 0x000002272bd2ddb0 Exception <a 'java/lang/NoSuchMethodError'{0x00000000d5a0cb50}: 'void java.lang.invoke.DirectMethodHandle$Holder.invokeSpecial(java.lang.Object, java.lang.Object, java.lang.Object, int, java.lang.Object)'> (0x00000000d5a0cb50) 
thrown [s\src\hotspot\share\interpreter\linkResolver.cpp, line 773]
Event: 1.268 Thread 0x000002272bd2ddb0 Exception <a 'java/lang/NoSuchMethodError'{0x00000000d5a0ffc0}: 'void java.lang.invoke.DelegatingMethodHandle$Holder.delegate(java.lang.Object, java.lang.Object, int, java.lang.Object)'> (0x00000000d5a0ffc0) 
thrown [s\src\hotspot\share\interpreter\linkResolver.cpp, line 773]
Event: 1.459 Thread 0x000002272bd2ddb0 Exception <a 'java/lang/NoSuchMethodError'{0x00000000d5bd0550}: 'void java.lang.invoke.DelegatingMethodHandle$Holder.reinvoke_L(java.lang.Object, java.lang.Object, java.lang.Object, int)'> (0x00000000d5bd0550) 
thrown [s\src\hotspot\share\interpreter\linkResolver.cpp, line 773]
Event: 2.312 Thread 0x000002272bd2ddb0 Exception <a 'java/lang/NoSuchMethodError'{0x00000000d6061180}: 'void java.lang.invoke.DirectMethodHandle$Holder.invokeVirtual(java.lang.Object, java.lang.Object)'> (0x00000000d6061180) 
thrown [s\src\hotspot\share\interpreter\linkResolver.cpp, line 773]
Event: 3.364 Thread 0x000002272bd2ddb0 Exception <a 'java/lang/NoSuchMethodError'{0x00000000d6440930}: 'void java.lang.invoke.DirectMethodHandle$Holder.invokeStatic(java.lang.Object, java.lang.Object)'> (0x00000000d6440930) 
thrown [s\src\hotspot\share\interpreter\linkResolver.cpp, line 773]
Event: 3.398 Thread 0x000002272bd2ddb0 Exception <a 'java/lang/ClassNotFoundException'{0x00000000d6468a30}: sun/net/www/protocol/c/Handler> (0x00000000d6468a30) 
thrown [s\src\hotspot\share\classfile\systemDictionary.cpp, line 312]
Event: 3.469 Thread 0x000002272bd2ddb0 Exception <a 'java/io/FileNotFoundException'{0x00000000d64c2ac0}> (0x00000000d64c2ac0) 
thrown [s\src\hotspot\share\prims\jni.cpp, line 520]
Event: 3.471 Thread 0x000002272bd2ddb0 Exception <a 'java/io/FileNotFoundException'{0x00000000d64c4138}> (0x00000000d64c4138) 
thrown [s\src\hotspot\share\prims\jni.cpp, line 520]
Event: 3.475 Thread 0x000002272bd2ddb0 Exception <a 'java/io/FileNotFoundException'{0x00000000d64c5118}> (0x00000000d64c5118) 
thrown [s\src\hotspot\share\prims\jni.cpp, line 520]
Event: 3.477 Thread 0x000002272bd2ddb0 Exception <a 'java/io/FileNotFoundException'{0x00000000d64c5fd8}> (0x00000000d64c5fd8) 
thrown [s\src\hotspot\share\prims\jni.cpp, line 520]
Event: 3.536 Thread 0x000002272bd2ddb0 Exception <a 'java/io/FileNotFoundException'{0x00000000d64fe778}> (0x00000000d64fe778) 
thrown [s\src\hotspot\share\prims\jni.cpp, line 520]
Event: 3.695 Thread 0x000002272bd2ddb0 Exception <a 'java/lang/NoSuchMethodError'{0x00000000d6536830}: 'java.lang.Object java.lang.invoke.DirectMethodHandle$Holder.invokeInterface(java.lang.Object, java.lang.Object)'> (0x00000000d6536830) 
thrown [s\src\hotspot\share\interpreter\linkResolver.cpp, line 773]
Event: 3.707 Thread 0x000002272bd2ddb0 Exception <a 'java/lang/NoSuchMethodError'{0x00000000d654ad30}: 'java.lang.Object java.lang.invoke.Invokers$Holder.invokeExact_MT(java.lang.Object, java.lang.Object, java.lang.Object, java.lang.Object, java.lang.Object, java.lang.Object)'> (0x00000000d654ad30) 
thrown [s\src\hotspot\share\interpreter\linkResolver.cpp, line 773]
Event: 3.729 Thread 0x000002272bd2ddb0 Exception <a 'java/lang/NoSuchMethodError'{0x00000000d6561e08}: 'int java.lang.invoke.DirectMethodHandle$Holder.invokeStatic(java.lang.Object, java.lang.Object, java.lang.Object, java.lang.Object, java.lang.Object)'> (0x00000000d6561e08) 
thrown [s\src\hotspot\share\interpreter\linkResolver.cpp, line 773]
Event: 3.819 Thread 0x000002272bd2ddb0 Exception <a 'java/lang/NoSuchMethodError'{0x00000000d65f55a0}: 'java.lang.Object java.lang.invoke.DirectMethodHandle$Holder.invokeInterface(java.lang.Object, java.lang.Object, int)'> (0x00000000d65f55a0) 
thrown [s\src\hotspot\share\interpreter\linkResolver.cpp, line 773]

ZGC Phase Switch (0 events):
No events

VM Operations (12 events):
Event: 0.531 Executing VM operation: HandshakeAllThreads (Deoptimize)
Event: 0.531 Executing VM operation: HandshakeAllThreads (Deoptimize) done
Event: 1.095 Executing VM operation: HandshakeAllThreads (Deoptimize)
Event: 1.095 Executing VM operation: HandshakeAllThreads (Deoptimize) done
Event: 2.104 Executing VM operation: Cleanup
Event: 2.120 Executing VM operation: Cleanup done
Event: 3.122 Executing VM operation: Cleanup
Event: 3.139 Executing VM operation: Cleanup done
Event: 3.187 Executing VM operation: HandshakeAllThreads (Deoptimize)
Event: 3.187 Executing VM operation: HandshakeAllThreads (Deoptimize) done
Event: 3.340 Executing VM operation: HandshakeAllThreads (Deoptimize)
Event: 3.340 Executing VM operation: HandshakeAllThreads (Deoptimize) done

Memory protections (0 events):
No events

Nmethod flushes (0 events):
No events

Events (20 events):
Event: 0.242 Thread 0x000002272bd2ddb0 Thread added: 0x000002274279ec20
Event: 0.243 Thread 0x000002272bd2ddb0 Thread added: 0x000002274279fa30
Event: 0.243 Thread 0x000002272bd2ddb0 Thread added: 0x00000227427a4af0
Event: 0.244 Thread 0x000002272bd2ddb0 Thread added: 0x00000227427a7650
Event: 0.244 Thread 0x000002272bd2ddb0 Thread added: 0x00000227427a80a0
Event: 0.244 Thread 0x000002272bd2ddb0 Thread added: 0x00000227427a8af0
Event: 0.244 Thread 0x000002272bd2ddb0 Thread added: 0x00000227427ab930
Event: 0.254 Thread 0x000002272bd2ddb0 Thread added: 0x00000227427dc7c0
Event: 0.650 Thread 0x00000227427ab930 Thread added: 0x000002278523c6f0
Event: 0.758 Thread 0x000002272bd2ddb0 Thread added: 0x00000227852e4dc0
Event: 0.762 Thread 0x000002278523c6f0 Thread exited: 0x000002278523c6f0
Event: 1.353 Thread 0x00000227427dc7c0 Thread added: 0x000002278535b4f0
Event: 1.628 Thread 0x000002278535b4f0 Thread exited: 0x000002278535b4f0
Event: 1.827 Thread 0x000002272bd2ddb0 Thread added: 0x00000227854469c0
Event: 1.864 Thread 0x00000227427dc7c0 Thread added: 0x000002278541cc30
Event: 2.595 Thread 0x000002278541cc30 Thread added: 0x00000227855193d0
Event: 3.112 Thread 0x00000227855193d0 Thread exited: 0x00000227855193d0
Event: 3.112 Thread 0x000002278541cc30 Thread exited: 0x000002278541cc30
Event: 3.249 Thread 0x00000227427dc7c0 Thread added: 0x00000227855193d0
Event: 3.715 Thread 0x00000227855193d0 Thread exited: 0x00000227855193d0


Dynamic libraries:
0x00007ff6508b0000 - 0x00007ff6508be000 	c:\Users\HP\.antigravity\extensions\redhat.java-1.50.0-win32-x64\jre\21.0.9-win32-x86_64\bin\java.exe
0x00007ffe4b4c0000 - 0x00007ffe4b728000 	C:\WINDOWS\SYSTEM32\ntdll.dll
0x00007ffe4b2a0000 - 0x00007ffe4b369000 	C:\WINDOWS\System32\KERNEL32.DLL
0x00007ffe48df0000 - 0x00007ffe491e2000 	C:\WINDOWS\System32\KERNELBASE.dll
0x00007ffe48a70000 - 0x00007ffe48bbb000 	C:\WINDOWS\System32\ucrtbase.dll
0x00007ffe0a860000 - 0x00007ffe0a87e000 	c:\Users\HP\.antigravity\extensions\redhat.java-1.50.0-win32-x64\jre\21.0.9-win32-x86_64\bin\VCRUNTIME140.dll
0x00007ffe02d20000 - 0x00007ffe02d38000 	c:\Users\HP\.antigravity\extensions\redhat.java-1.50.0-win32-x64\jre\21.0.9-win32-x86_64\bin\jli.dll
0x00007ffe4afa0000 - 0x00007ffe4b165000 	C:\WINDOWS\System32\USER32.dll
0x00007ffe25cf0000 - 0x00007ffe25f83000 	C:\WINDOWS\WinSxS\amd64_microsoft.windows.common-controls_6595b64144ccf1df_6.0.26100.6899_none_3e0efeeae32e88c1\COMCTL32.dll
0x00007ffe4ab70000 - 0x00007ffe4ac19000 	C:\WINDOWS\System32\msvcrt.dll
0x00007ffe48bc0000 - 0x00007ffe48be7000 	C:\WINDOWS\System32\win32u.dll
0x00007ffe4a050000 - 0x00007ffe4a07b000 	C:\WINDOWS\System32\GDI32.dll
0x00007ffe48700000 - 0x00007ffe4882d000 	C:\WINDOWS\System32\gdi32full.dll
0x00007ffe48650000 - 0x00007ffe486f3000 	C:\WINDOWS\System32\msvcp_win.dll
0x00007ffe49bd0000 - 0x00007ffe49bff000 	C:\WINDOWS\System32\IMM32.DLL
0x00007ffe2a000000 - 0x00007ffe2a00c000 	c:\Users\HP\.antigravity\extensions\redhat.java-1.50.0-win32-x64\jre\21.0.9-win32-x86_64\bin\vcruntime140_1.dll
0x00007ffdf6fa0000 - 0x00007ffdf702d000 	c:\Users\HP\.antigravity\extensions\redhat.java-1.50.0-win32-x64\jre\21.0.9-win32-x86_64\bin\msvcp140.dll
0x00007ffda6e90000 - 0x00007ffda7c30000 	c:\Users\HP\.antigravity\extensions\redhat.java-1.50.0-win32-x64\jre\21.0.9-win32-x86_64\bin\server\jvm.dll
0x00007ffe49290000 - 0x00007ffe49344000 	C:\WINDOWS\System32\ADVAPI32.dll
0x00007ffe4b190000 - 0x00007ffe4b236000 	C:\WINDOWS\System32\sechost.dll
0x00007ffe4a3e0000 - 0x00007ffe4a4f8000 	C:\WINDOWS\System32\RPCRT4.dll
0x00007ffe49e20000 - 0x00007ffe49e94000 	C:\WINDOWS\System32\WS2_32.dll
0x00007ffe484b0000 - 0x00007ffe4850e000 	C:\WINDOWS\SYSTEM32\POWRPROF.dll
0x00007ffe335d0000 - 0x00007ffe33605000 	C:\WINDOWS\SYSTEM32\WINMM.dll
0x00007ffe40520000 - 0x00007ffe4052b000 	C:\WINDOWS\SYSTEM32\VERSION.dll
0x00007ffe48490000 - 0x00007ffe484a4000 	C:\WINDOWS\SYSTEM32\UMPDC.dll
0x00007ffe473e0000 - 0x00007ffe473fb000 	C:\WINDOWS\SYSTEM32\kernel.appcore.dll
0x00007ffe296e0000 - 0x00007ffe296ea000 	c:\Users\HP\.antigravity\extensions\redhat.java-1.50.0-win32-x64\jre\21.0.9-win32-x86_64\bin\jimage.dll
0x00007ffe45d10000 - 0x00007ffe45f52000 	C:\WINDOWS\SYSTEM32\DBGHELP.DLL
0x00007ffe4ac20000 - 0x00007ffe4af9b000 	C:\WINDOWS\System32\combase.dll
0x00007ffe4a080000 - 0x00007ffe4a157000 	C:\WINDOWS\System32\OLEAUT32.dll
0x00007ffe342f0000 - 0x00007ffe3432c000 	C:\WINDOWS\SYSTEM32\dbgcore.DLL
0x00007ffe491f0000 - 0x00007ffe49288000 	C:\WINDOWS\System32\bcryptPrimitives.dll
0x00007ffe27300000 - 0x00007ffe2730f000 	c:\Users\HP\.antigravity\extensions\redhat.java-1.50.0-win32-x64\jre\21.0.9-win32-x86_64\bin\instrument.dll
0x00007ffe02cd0000 - 0x00007ffe02cf0000 	c:\Users\HP\.antigravity\extensions\redhat.java-1.50.0-win32-x64\jre\21.0.9-win32-x86_64\bin\java.dll
0x00007ffe49480000 - 0x00007ffe49bcd000 	C:\WINDOWS\System32\SHELL32.dll
0x00007ffe48bf0000 - 0x00007ffe48d5b000 	C:\WINDOWS\System32\wintypes.dll
0x00007ffe46280000 - 0x00007ffe46add000 	C:\WINDOWS\SYSTEM32\windows.storage.dll
0x00007ffe49d10000 - 0x00007ffe49e02000 	C:\WINDOWS\System32\SHCORE.dll
0x00007ffe49410000 - 0x00007ffe49472000 	C:\WINDOWS\System32\shlwapi.dll
0x00007ffe48570000 - 0x00007ffe48599000 	C:\WINDOWS\SYSTEM32\profapi.dll
0x00007ffe02cb0000 - 0x00007ffe02cc8000 	c:\Users\HP\.antigravity\extensions\redhat.java-1.50.0-win32-x64\jre\21.0.9-win32-x86_64\bin\zip.dll
0x00007ffe22f20000 - 0x00007ffe22f30000 	C:\Users\HP\.antigravity\extensions\redhat.java-1.50.0-win32-x64\jre\21.0.9-win32-x86_64\bin\net.dll
0x00007ffe40000000 - 0x00007ffe4011f000 	C:\WINDOWS\SYSTEM32\WINHTTP.dll
0x00007ffe47930000 - 0x00007ffe4799b000 	C:\WINDOWS\system32\mswsock.dll
0x00007ffdfff40000 - 0x00007ffdfff56000 	C:\Users\HP\.antigravity\extensions\redhat.java-1.50.0-win32-x64\jre\21.0.9-win32-x86_64\bin\nio.dll
0x00007ffe0ce50000 - 0x00007ffe0ce60000 	c:\Users\HP\.antigravity\extensions\redhat.java-1.50.0-win32-x64\jre\21.0.9-win32-x86_64\bin\verify.dll

JVMTI agents:
c:\Users\HP\.antigravity\extensions\redhat.java-1.50.0-win32-x64\lombok\lombok-1.18.39-4050.jar path:c:\Users\HP\.antigravity\extensions\redhat.java-1.50.0-win32-x64\jre\21.0.9-win32-x86_64\bin\instrument.dll, loaded, initialized, instrumentlib options:none

dbghelp: loaded successfully - version: 4.0.5 - missing functions: none
symbol engine: initialized successfully - sym options: 0x614 - pdb path: .;c:\Users\HP\.antigravity\extensions\redhat.java-1.50.0-win32-x64\jre\21.0.9-win32-x86_64\bin;C:\WINDOWS\SYSTEM32;C:\WINDOWS\WinSxS\amd64_microsoft.windows.common-controls_6595b64144ccf1df_6.0.26100.6899_none_3e0efeeae32e88c1;c:\Users\HP\.antigravity\extensions\redhat.java-1.50.0-win32-x64\jre\21.0.9-win32-x86_64\bin\server

VM Arguments:
jvm_args: --add-modules=ALL-SYSTEM --add-opens=java.base/java.util=ALL-UNNAMED --add-opens=java.base/java.lang=ALL-UNNAMED --add-opens=java.base/sun.nio.fs=ALL-UNNAMED -Declipse.application=org.eclipse.jdt.ls.core.id1 -Dosgi.bundles.defaultStartLevel=4 -Declipse.product=org.eclipse.jdt.ls.core.product -Djava.import.generatesMetadataFilesAtProjectRoot=false -DDetectVMInstallationsJob.disabled=true -Dfile.encoding=utf8 -XX:+UseParallelGC -XX:GCTimeRatio=4 -XX:AdaptiveSizePolicyWeight=90 -Dsun.zip.disableMemoryMapping=true -Xmx2G -Xms100m -Xlog:disable -javaagent:c:\Users\HP\.antigravity\extensions\redhat.java-1.50.0-win32-x64\lombok\lombok-1.18.39-4050.jar 
java_command: c:\Users\HP\.antigravity\extensions\redhat.java-1.50.0-win32-x64\server\plugins\org.eclipse.equinox.launcher_1.7.100.v20251111-0406.jar -configuration c:\Users\HP\AppData\Roaming\Antigravity\User\globalStorage\redhat.java\1.50.0\config_ss_win -data c:\Users\HP\AppData\Roaming\Antigravity\User\workspaceStorage\d3ed139398f51788ae3647223982d52d\redhat.java\ss_ws --pipe=\\.\pipe\lsp-8611a4d28b3a778a2fb89e5669d3464d-sock
java_class_path (initial): c:\Users\HP\.antigravity\extensions\redhat.java-1.50.0-win32-x64\server\plugins\org.eclipse.equinox.launcher_1.7.100.v20251111-0406.jar
Launcher Type: SUN_STANDARD

[Global flags]
    uintx AdaptiveSizePolicyWeight                 = 90                                        {product} {command line}
     intx CICompilerCount                          = 4                                         {product} {ergonomic}
    uintx GCTimeRatio                              = 4                                         {product} {command line}
   size_t InitialHeapSize                          = 104857600                                 {product} {command line}
   size_t MaxHeapSize                              = 2147483648                                {product} {command line}
   size_t MaxNewSize                               = 715653120                                 {product} {ergonomic}
   size_t MinHeapDeltaBytes                        = 524288                                    {product} {ergonomic}
   size_t MinHeapSize                              = 104857600                                 {product} {command line}
   size_t NewSize                                  = 34603008                                  {product} {ergonomic}
    uintx NonNMethodCodeHeapSize                   = 5839372                                {pd product} {ergonomic}
    uintx NonProfiledCodeHeapSize                  = 122909434                              {pd product} {ergonomic}
   size_t OldSize                                  = 70254592                                  {product} {ergonomic}
    uintx ProfiledCodeHeapSize                     = 122909434                              {pd product} {ergonomic}
    uintx ReservedCodeCacheSize                    = 251658240                              {pd product} {ergonomic}
     bool SegmentedCodeCache                       = true                                      {product} {ergonomic}
   size_t SoftMaxHeapSize                          = 2147483648                             {manageable} {ergonomic}
     bool UseCompressedOops                        = true                           {product lp64_product} {ergonomic}
     bool UseLargePagesIndividualAllocation        = false                                  {pd product} {ergonomic}
     bool UseParallelGC                            = true                                      {product} {command line}

Logging:
Log output configuration:
 #0: stdout all=off uptime,level,tags foldmultilines=false
 #1: stderr all=off uptime,level,tags foldmultilines=false

Release file:
JAVA_VERSION="21.0.9" 
MODULES="java.base java.compiler java.datatransfer java.xml java.prefs java.desktop java.instrument java.logging java.management java.security.sasl java.naming java.rmi java.management.rmi java.net.http java.scripting java.security.jgss java.transaction.xa java.sql java.sql.rowset java.xml.crypto java.se java.smartcardio jdk.accessibility jdk.internal.jvmstat jdk.attach jdk.charsets jdk.internal.opt jdk.zipfs jdk.compiler jdk.crypto.ec jdk.crypto.cryptoki jdk.crypto.mscapi jdk.dynalink jdk.internal.ed jdk.editpad jdk.hotspot.agent jdk.httpserver jdk.internal.le jdk.internal.vm.ci jdk.internal.vm.compiler jdk.internal.vm.compiler.management jdk.jartool jdk.javadoc jdk.jcmd jdk.management jdk.management.agent jdk.jconsole jdk.jdeps jdk.jdwp.agent jdk.jdi jdk.jfr jdk.jshell jdk.jsobject jdk.jstatd jdk.localedata jdk.management.jfr jdk.naming.dns jdk.naming.rmi jdk.net jdk.nio.mapmode jdk.random jdk.sctp jdk.security.auth jdk.security.jgss jdk.unsupported jdk.unsupported.desktop jdk.xml.dom" 

Environment Variables:
JAVA_HOME=C:\Program Files\Java\jdk-17.0.17
PATH=C:\WINDOWS\system32;C:\WINDOWS;C:\WINDOWS\System32\Wbem;C:\WINDOWS\System32\WindowsPowerShell\v1.0\;C:\WINDOWS\System32\OpenSSH\;C:\Program Files\dotnet\;C:\Program Files (x86)\Intel\Intel(R) Management Engine Components\DAL;C:\Program Files\Intel\Intel(R) Management Engine Components\DAL;C:\Program Files\Git\cmd;C:\MinGW\bin;C:\Program Files\apache-maven-3.9.11\bin;C:\Program Files (x86)\Microsoft SQL Server\160\Tools\Binn\;C:\Program Files\Microsoft SQL Server\160\Tools\Binn\;C:\Program Files\Microsoft SQL Server\Client SDK\ODBC\170\Tools\Binn\;C:\Program Files\Microsoft SQL Server\160\DTS\Binn\;C:\Users\HP\AppData\Local\Pub\Cache\bin;C:\Program Files\Docker\Docker\resources\bin;C:\Program Files\Java\jdk-17.0.17\bin;C:\Users\HP\AppData\Local\Android\Sdk\platorm-tools;C:\Users\HP\AppData\Local\Android\Sdk\cmdline-tools\latest\bin;C:\src\flutter\bin;C:\Users\HP\AppData\Local\nvm;C:\nvm4w\nodejs;C:\Program Files\nodejs\;C:\Program Files\MySQL\MySQL Shell 8.0\bin\;C:\Users\HP\AppData\Local\Microsoft\WindowsApps;C:\Program Files\Java\jdk-23\bin;C:\Users\HP\AppData\Local\Pub\Cache\bin;C:\Program Files\JetBrains\IntelliJ IDEA Community Edition 2025.2.4\bin;C:\Users\HP\AppData\Local\Programs\Microsoft VS Code\bin;D:\Program Files\PostgreSQL\18\bin;D:\Program Files\PostgreSQL\18\lib;C:\Users\HP\AppData\Local\Python\bin;C:\src\flutter\bin;C:\Users\HP\AppData\Local\nvm;C:\nvm4w\nodejs;C:\Users\HP\AppData\Roaming\npm;C:\Users\HP\AppData\Local\Programs\Antigravity\bin
USERNAME=HP
OS=Windows_NT
PROCESSOR_IDENTIFIER=Intel64 Family 6 Model 142 Stepping 10, GenuineIntel
TMP=C:\Users\HP\AppData\Local\Temp
TEMP=C:\Users\HP\AppData\Local\Temp




Periodic native trim disabled

---------------  S Y S T E M  ---------------

OS:
 Windows 11 , 64 bit Build 26100 (10.0.26100.6725)
OS uptime: 2 days 5:28 hours
Hyper-V role detected

CPU: total 8 (initial active 8) (4 cores per cpu, 2 threads per core) family 6 model 142 stepping 10 microcode 0xf6, cx8, cmov, fxsr, ht, mmx, 3dnowpref, sse, sse2, sse3, ssse3, sse4.1, sse4.2, popcnt, lzcnt, tsc, tscinvbit, avx, avx2, aes, erms, clmul, bmi1, bmi2, rtm, adx, fma, vzeroupper, clflush, clflushopt, hv, rdtscp, f16c
Processor Information for the first 8 processors :
  Max Mhz: 2112, Current Mhz: 1910, Mhz Limit: 1900

Memory: 4k page, system-wide physical 8035M (720M free)
TotalPageFile size 22164M (AvailPageFile size 0M)
current process WorkingSet (physical memory assigned to process): 70M, peak: 70M
current process commit charge ("private bytes"): 233M, peak: 234M

vm_info: OpenJDK 64-Bit Server VM (21.0.9+10-LTS) for windows-amd64 JRE (21.0.9+10-LTS), built on 2025-10-21T00:00:00Z by "admin" with unknown MS VC++:1942

END.
