#
# There is insufficient memory for the Java Runtime Environment to continue.
# Native memory allocation (malloc) failed to allocate 384336 bytes. Error detail: Chunk::new
# Possible reasons:
#   The system is out of physical RAM or swap space
#   This process is running with CompressedOops enabled, and the Java Heap may be blocking the growth of the native heap
# Possible solutions:
#   Reduce memory load on the system
#   Increase physical memory or swap space
#   Check if swap backing store is full
#   Decrease Java heap size (-Xmx/-Xms)
#   Decrease number of Java threads
#   Decrease Java thread stack sizes (-Xss)
#   Set larger code cache with -XX:ReservedCodeCacheSize=
#   JVM is running with Unscaled Compressed Oops mode in which the Java heap is
#     placed in the first 4GB address space. The Java Heap base address is the
#     maximum limit for the native heap growth. Please use -XX:HeapBaseMinAddress
#     to set the Java Heap base and to place the Java Heap above 4GB virtual address.
# This output file may be truncated or incomplete.
#
#  Out of Memory Error (arena.cpp:168), pid=12776, tid=20656
#
# JRE version: OpenJDK Runtime Environment Temurin-21.0.9+10 (21.0.9+10) (build 21.0.9+10-LTS)
# Java VM: OpenJDK 64-Bit Server VM Temurin-21.0.9+10 (21.0.9+10-LTS, mixed mode, sharing, tiered, compressed oops, compressed class ptrs, parallel gc, windows-amd64)
# No core dump will be written. Minidumps are not enabled by default on client versions of Windows
#

---------------  S U M M A R Y ------------

Command Line: --add-modules=ALL-SYSTEM --add-opens=java.base/java.util=ALL-UNNAMED --add-opens=java.base/java.lang=ALL-UNNAMED --add-opens=java.base/sun.nio.fs=ALL-UNNAMED -Declipse.application=org.eclipse.jdt.ls.core.id1 -Dosgi.bundles.defaultStartLevel=4 -Declipse.product=org.eclipse.jdt.ls.core.product -Djava.import.generatesMetadataFilesAtProjectRoot=false -DDetectVMInstallationsJob.disabled=true -Dfile.encoding=utf8 -XX:+UseParallelGC -XX:GCTimeRatio=4 -XX:AdaptiveSizePolicyWeight=90 -Dsun.zip.disableMemoryMapping=true -Xmx2G -Xms100m -Xlog:disable -javaagent:c:\Users\HP\.antigravity\extensions\redhat.java-1.50.0-win32-x64\lombok\lombok-1.18.39-4050.jar -XX:+HeapDumpOnOutOfMemoryError -XX:HeapDumpPath=c:\Users\HP\AppData\Roaming\Antigravity\User\workspaceStorage\d3ed139398f51788ae3647223982d52d\redhat.java -Daether.dependencyCollector.impl=bf c:\Users\HP\.antigravity\extensions\redhat.java-1.50.0-win32-x64\server\plugins\org.eclipse.equinox.launcher_1.7.100.v20251111-0406.jar -configuration c:\Users\HP\AppData\Roaming\Antigravity\User\globalStorage\redhat.java\1.50.0\config_win -data c:\Users\HP\AppData\Roaming\Antigravity\User\workspaceStorage\d3ed139398f51788ae3647223982d52d\redhat.java\jdt_ws --pipe=\\.\pipe\lsp-4213763dcb3d73447421a2ee23fbf0a3-sock

Host: Intel(R) Core(TM) i7-8650U CPU @ 1.90GHz, 8 cores, 7G,  Windows 11 , 64 bit Build 26100 (10.0.26100.6725)
Time: Wed Dec 31 21:37:21 2025 Temps universel coordonné elapsed time: 2.844488 seconds (0d 0h 0m 2s)

---------------  T H R E A D  ---------------

Current thread (0x000001be3733e8d0):  JavaThread "C2 CompilerThread0" daemon [_thread_in_native, id=20656, stack(0x0000001972000000,0x0000001972100000) (1024K)]


Current CompileTask:
C2:2844  548       4       lombok.launch.PackageShader::apply (252 bytes)

Stack: [0x0000001972000000,0x0000001972100000]
Native frames: (J=compiled Java code, j=interpreted, Vv=VM code, C=native code)
V  [jvm.dll+0x6d6e29]
V  [jvm.dll+0x8b4b76]
V  [jvm.dll+0x8b712e]
V  [jvm.dll+0x8b7813]
V  [jvm.dll+0x283d86]
V  [jvm.dll+0xc66ed]
V  [jvm.dll+0xc6c31]
V  [jvm.dll+0x3be501]
V  [jvm.dll+0x38ab92]
V  [jvm.dll+0x389fda]
V  [jvm.dll+0x24bfa0]
V  [jvm.dll+0x24b580]
V  [jvm.dll+0x1cb13e]
V  [jvm.dll+0x25b29d]
V  [jvm.dll+0x25982a]
V  [jvm.dll+0x3f7ea6]
V  [jvm.dll+0x85e9ad]
V  [jvm.dll+0x6d565d]
C  [ucrtbase.dll+0x37b0]
C  [KERNEL32.DLL+0x2e8d7]
C  [ntdll.dll+0x8c53c]


---------------  P R O C E S S  ---------------

Threads class SMR info:
_java_thread_list=0x000001be7e2f2ee0, length=11, elements={
0x000001be1e95d6f0, 0x000001be1ea1c090, 0x000001be1ea1e600, 0x000001be373374e0,
0x000001be373384e0, 0x000001be3733b040, 0x000001be3733ba90, 0x000001be3733e8d0,
0x000001be7e028030, 0x000001be7e23fe80, 0x000001be7e2ed760
}

Java Threads: ( => current thread )
  0x000001be1e95d6f0 JavaThread "main"                              [_thread_in_vm, id=21304, stack(0x0000001971600000,0x0000001971700000) (1024K)]
  0x000001be1ea1c090 JavaThread "Reference Handler"          daemon [_thread_blocked, id=27096, stack(0x0000001971a00000,0x0000001971b00000) (1024K)]
  0x000001be1ea1e600 JavaThread "Finalizer"                  daemon [_thread_blocked, id=1096, stack(0x0000001971b00000,0x0000001971c00000) (1024K)]
  0x000001be373374e0 JavaThread "Signal Dispatcher"          daemon [_thread_blocked, id=25088, stack(0x0000001971c00000,0x0000001971d00000) (1024K)]
  0x000001be373384e0 JavaThread "Attach Listener"            daemon [_thread_blocked, id=13620, stack(0x0000001971d00000,0x0000001971e00000) (1024K)]
  0x000001be3733b040 JavaThread "Service Thread"             daemon [_thread_blocked, id=5848, stack(0x0000001971e00000,0x0000001971f00000) (1024K)]
  0x000001be3733ba90 JavaThread "Monitor Deflation Thread"   daemon [_thread_blocked, id=23884, stack(0x0000001971f00000,0x0000001972000000) (1024K)]
=>0x000001be3733e8d0 JavaThread "C2 CompilerThread0"         daemon [_thread_in_native, id=20656, stack(0x0000001972000000,0x0000001972100000) (1024K)]
  0x000001be7e028030 JavaThread "C1 CompilerThread0"         daemon [_thread_in_native, id=24164, stack(0x0000001972100000,0x0000001972200000) (1024K)]
  0x000001be7e23fe80 JavaThread "Common-Cleaner"             daemon [_thread_blocked, id=19260, stack(0x0000001972200000,0x0000001972300000) (1024K)]
  0x000001be7e2ed760 JavaThread "Notification Thread"        daemon [_thread_new, id=4904, stack(0x0000000000000000,0x0000000000000000) (0B)]
Total: 11

Other Threads:
  0x000001be1ea008e0 VMThread "VM Thread"                           [id=7520, stack(0x0000001971900000,0x0000001971a00000) (1024K)]
  0x000001be3724ca00 WatcherThread "VM Periodic Task Thread"        [id=25684, stack(0x0000001971800000,0x0000001971900000) (1024K)]
  0x000001be1e97af60 WorkerThread "GC Thread#0"                     [id=20032, stack(0x0000001971700000,0x0000001971800000) (1024K)]
Total: 3

Threads with active compile tasks:
C2 CompilerThread0  2916  548       4       lombok.launch.PackageShader::apply (252 bytes)
C1 CompilerThread0  2917  562   !   3       java.lang.String::replace (258 bytes)
Total: 2

VM state: not at safepoint (normal execution)

VM Mutex/Monitor currently owned by a thread: None

Heap address: 0x0000000080000000, size: 2048 MB, Compressed Oops mode: 32-bit

CDS archive(s) mapped at: [0x000001be38000000-0x000001be38ba0000-0x000001be38ba0000), size 12189696, SharedBaseAddress: 0x000001be38000000, ArchiveRelocationMode: 1.
Compressed class space mapped at: 0x000001be39000000-0x000001be79000000, reserved size: 1073741824
Narrow klass base: 0x000001be38000000, Narrow klass shift: 0, Narrow klass range: 0x100000000

GC Precious Log:
 CardTable entry size: 512
 CPUs: 8 total, 8 available
 Memory: 8035M
 Large Page Support: Disabled
 NUMA Support: Disabled
 Compressed Oops: Enabled (32-bit)
 Alignments: Space 512K, Generation 512K, Heap 2M
 Heap Min Capacity: 100M
 Heap Initial Capacity: 100M
 Heap Max Capacity: 2G
 Pre-touch: Disabled
 Parallel Workers: 8

Heap:
 PSYoungGen      total 29696K, used 9805K [0x00000000d5580000, 0x00000000d7680000, 0x0000000100000000)
  eden space 25600K, 38% used [0x00000000d5580000,0x00000000d5f13480,0x00000000d6e80000)
  from space 4096K, 0% used [0x00000000d7280000,0x00000000d7280000,0x00000000d7680000)
  to   space 4096K, 0% used [0x00000000d6e80000,0x00000000d6e80000,0x00000000d7280000)
 ParOldGen       total 68608K, used 0K [0x0000000080000000, 0x0000000084300000, 0x00000000d5580000)
  object space 68608K, 0% used [0x0000000080000000,0x0000000080000000,0x0000000084300000)
 Metaspace       used 1126K, committed 1344K, reserved 1114112K
  class space    used 99K, committed 192K, reserved 1048576K

Card table byte_map: [0x000001be32680000,0x000001be32a90000] _byte_map_base: 0x000001be32280000

Marking Bits: (ParMarkBitMap*) 0x00007ffda7b52460
 Begin Bits: [0x000001be32d40000, 0x000001be34d40000)
 End Bits:   [0x000001be34d40000, 0x000001be36d40000)

Polling page: 0x000001be1ea20000

Metaspace:

Usage:
  Non-class:      1.00 MB used.
      Class:     99.83 KB used.
       Both:      1.10 MB used.

Virtual space:
  Non-class space:       64.00 MB reserved,       1.12 MB (  2%) committed,  1 nodes.
      Class space:        1.00 GB reserved,     192.00 KB ( <1%) committed,  1 nodes.
             Both:        1.06 GB reserved,       1.31 MB ( <1%) committed. 

Chunk freelists:
   Non-Class:  11.67 MB
       Class:  15.67 MB
        Both:  27.34 MB

MaxMetaspaceSize: unlimited
CompressedClassSpaceSize: 1.00 GB
Initial GC threshold: 21.00 MB
Current GC threshold: 21.00 MB
CDS: on
 - commit_granule_bytes: 65536.
 - commit_granule_words: 8192.
 - virtual_space_node_default_size: 8388608.
 - enlarge_chunks_in_place: 1.
 - use_allocation_guard: 0.


Internal statistics:

num_allocs_failed_limit: 0.
num_arena_births: 74.
num_arena_deaths: 0.
num_vsnodes_births: 2.
num_vsnodes_deaths: 0.
num_space_committed: 21.
num_space_uncommitted: 0.
num_chunks_returned_to_freelist: 0.
num_chunks_taken_from_freelist: 96.
num_chunk_merges: 0.
num_chunk_splits: 67.
num_chunks_enlarged: 42.
num_inconsistent_stats: 0.

CodeHeap 'non-profiled nmethods': size=120000Kb used=183Kb max_used=183Kb free=119816Kb
 bounds [0x000001be2af70000, 0x000001be2b1e0000, 0x000001be324a0000]
CodeHeap 'profiled nmethods': size=120000Kb used=791Kb max_used=791Kb free=119208Kb
 bounds [0x000001be234a0000, 0x000001be23710000, 0x000001be2a9d0000]
CodeHeap 'non-nmethods': size=5760Kb used=1152Kb max_used=1178Kb free=4608Kb
 bounds [0x000001be2a9d0000, 0x000001be2ac40000, 0x000001be2af70000]
CodeCache: size=245760Kb, used=2126Kb, max_used=2152Kb, free=243632Kb
 total_blobs=956, nmethods=558, adapters=305, full_count=0
Compilation: enabled, stopped_count=0, restarted_count=0

Compilation events (20 events):
Event: 2.736 Thread 0x000001be3733e8d0 nmethod 538% 0x000001be2af9d410 code [0x000001be2af9d5c0, 0x000001be2af9d980]
Event: 2.744 Thread 0x000001be7e028030  547       3       java.lang.String::equalsIgnoreCase (45 bytes)
Event: 2.745 Thread 0x000001be7e028030 nmethod 547 0x000001be23560210 code [0x000001be23560400, 0x000001be23560930]
Event: 2.749 Thread 0x000001be3733e8d0  548       4       lombok.launch.PackageShader::apply (252 bytes)
Event: 2.786 Thread 0x000001be7e028030  549       1       java.util.Collections$1::hasNext (5 bytes)
Event: 2.786 Thread 0x000001be7e028030 nmethod 549 0x000001be2af9db10 code [0x000001be2af9dca0, 0x000001be2af9dd70]
Event: 2.786 Thread 0x000001be7e028030  550       3       java.lang.String::indexOf (64 bytes)
Event: 2.787 Thread 0x000001be7e028030 nmethod 550 0x000001be23560b10 code [0x000001be23560d20, 0x000001be235611d0]
Event: 2.787 Thread 0x000001be7e028030  551       3       java.lang.StringLatin1::indexOf (25 bytes)
Event: 2.787 Thread 0x000001be7e028030 nmethod 551 0x000001be23561390 code [0x000001be23561560, 0x000001be23561750]
Event: 2.793 Thread 0x000001be7e028030  552       3       java.lang.String::contains (19 bytes)
Event: 2.794 Thread 0x000001be7e028030 nmethod 552 0x000001be23561810 code [0x000001be235619e0, 0x000001be23561c50]
Event: 2.794 Thread 0x000001be7e028030  553       3       java.util.Collections$UnmodifiableCollection::<init> (22 bytes)
Event: 2.794 Thread 0x000001be7e028030 nmethod 553 0x000001be23561d10 code [0x000001be23561ec0, 0x000001be23562140]
Event: 2.794 Thread 0x000001be7e028030  554       3       java.util.Collections$UnmodifiableCollection$1::next (10 bytes)
Event: 2.795 Thread 0x000001be7e028030 nmethod 554 0x000001be23562290 code [0x000001be23562440, 0x000001be23562618]
Event: 2.799 Thread 0x000001be7e028030  555       3       lombok.patcher.Hook::toSpec (95 bytes)
Event: 2.801 Thread 0x000001be7e028030 nmethod 555 0x000001be23562710 code [0x000001be23562a40, 0x000001be23563a08]
Event: 2.802 Thread 0x000001be7e028030  557       3       java.util.Collections::unmodifiableList (51 bytes)
Event: 2.803 Thread 0x000001be7e028030 nmethod 557 0x000001be23564090 code [0x000001be235642e0, 0x000001be23564d18]

GC Heap History (0 events):
No events

Dll operation events (8 events):
Event: 0.025 Loaded shared library c:\Users\HP\.antigravity\extensions\redhat.java-1.50.0-win32-x64\jre\21.0.9-win32-x86_64\bin\java.dll
Event: 0.394 Loaded shared library c:\Users\HP\.antigravity\extensions\redhat.java-1.50.0-win32-x64\jre\21.0.9-win32-x86_64\bin\zip.dll
Event: 0.506 Loaded shared library C:\Users\HP\.antigravity\extensions\redhat.java-1.50.0-win32-x64\jre\21.0.9-win32-x86_64\bin\instrument.dll
Event: 0.538 Loaded shared library C:\Users\HP\.antigravity\extensions\redhat.java-1.50.0-win32-x64\jre\21.0.9-win32-x86_64\bin\net.dll
Event: 0.547 Loaded shared library C:\Users\HP\.antigravity\extensions\redhat.java-1.50.0-win32-x64\jre\21.0.9-win32-x86_64\bin\nio.dll
Event: 0.559 Loaded shared library C:\Users\HP\.antigravity\extensions\redhat.java-1.50.0-win32-x64\jre\21.0.9-win32-x86_64\bin\zip.dll
Event: 0.757 Loaded shared library C:\Users\HP\.antigravity\extensions\redhat.java-1.50.0-win32-x64\jre\21.0.9-win32-x86_64\bin\jimage.dll
Event: 1.766 Loaded shared library c:\Users\HP\.antigravity\extensions\redhat.java-1.50.0-win32-x64\jre\21.0.9-win32-x86_64\bin\verify.dll

Deoptimization events (12 events):
Event: 0.626 Thread 0x000001be1e95d6f0 DEOPT PACKING pc=0x000001be234dce49 sp=0x00000019716fdc90
Event: 0.627 Thread 0x000001be1e95d6f0 DEOPT UNPACKING pc=0x000001be2aa24242 sp=0x00000019716fd100 mode 0
Event: 0.658 Thread 0x000001be1e95d6f0 Uncommon trap: trap_request=0xffffffde fr.pc=0x000001be2af7fdd0 relative=0x0000000000000810
Event: 0.658 Thread 0x000001be1e95d6f0 Uncommon trap: reason=class_check action=maybe_recompile pc=0x000001be2af7fdd0 method=java.util.HashMap.putVal(ILjava/lang/Object;Ljava/lang/Object;ZZ)Ljava/lang/Object; @ 152 c2
Event: 0.658 Thread 0x000001be1e95d6f0 DEOPT PACKING pc=0x000001be2af7fdd0 sp=0x00000019716fe2e0
Event: 0.658 Thread 0x000001be1e95d6f0 DEOPT UNPACKING pc=0x000001be2aa23aa2 sp=0x00000019716fe240 mode 2
Event: 0.659 Thread 0x000001be1e95d6f0 Uncommon trap: trap_request=0xffffffde fr.pc=0x000001be2af7fdd0 relative=0x0000000000000810
Event: 0.659 Thread 0x000001be1e95d6f0 Uncommon trap: reason=class_check action=maybe_recompile pc=0x000001be2af7fdd0 method=java.util.HashMap.putVal(ILjava/lang/Object;Ljava/lang/Object;ZZ)Ljava/lang/Object; @ 152 c2
Event: 0.659 Thread 0x000001be1e95d6f0 DEOPT PACKING pc=0x000001be2af7fdd0 sp=0x00000019716fe2e0
Event: 0.659 Thread 0x000001be1e95d6f0 DEOPT UNPACKING pc=0x000001be2aa23aa2 sp=0x00000019716fe240 mode 2
Event: 2.749 Thread 0x000001be1e95d6f0 DEOPT PACKING pc=0x000001be2354881d sp=0x00000019716f9ca0
Event: 2.749 Thread 0x000001be1e95d6f0 DEOPT UNPACKING pc=0x000001be2aa24242 sp=0x00000019716f9150 mode 0

Classes loaded (20 events):
Event: 1.145 Loading class java/lang/invoke/BoundMethodHandle$Species_LI
Event: 1.145 Loading class java/lang/invoke/BoundMethodHandle$Species_LI done
Event: 1.795 Loading class java/lang/IllegalAccessException
Event: 1.796 Loading class java/lang/IllegalAccessException done
Event: 1.840 Loading class java/lang/IllegalStateException
Event: 1.840 Loading class java/lang/IllegalStateException done
Event: 1.866 Loading class java/lang/instrument/ClassFileTransformer
Event: 1.866 Loading class java/lang/instrument/ClassFileTransformer done
Event: 1.884 Loading class java/lang/UnsupportedOperationException
Event: 1.885 Loading class java/lang/UnsupportedOperationException done
Event: 2.092 Loading class java/lang/instrument/UnmodifiableClassException
Event: 2.092 Loading class java/lang/instrument/UnmodifiableClassException done
Event: 2.092 Loading class java/lang/instrument/ClassDefinition
Event: 2.092 Loading class java/lang/instrument/ClassDefinition done
Event: 2.319 Loading class java/lang/invoke/WrongMethodTypeException
Event: 2.319 Loading class java/lang/invoke/WrongMethodTypeException done
Event: 2.430 Loading class java/util/regex/Pattern$Loop
Event: 2.430 Loading class java/util/regex/Pattern$Loop done
Event: 2.430 Loading class java/util/regex/Pattern$Prolog
Event: 2.447 Loading class java/util/regex/Pattern$Prolog done

Classes unloaded (0 events):
No events

Classes redefined (0 events):
No events

Internal exceptions (11 events):
Event: 0.294 Thread 0x000001be1e95d6f0 Exception <a 'java/lang/NoSuchMethodError'{0x00000000d57a9480}: 'void java.lang.invoke.DirectMethodHandle$Holder.invokeStatic(java.lang.Object, java.lang.Object, java.lang.Object)'> (0x00000000d57a9480) 
thrown [s\src\hotspot\share\interpreter\linkResolver.cpp, line 773]
Event: 0.700 Thread 0x000001be1e95d6f0 Exception <a 'java/lang/NoSuchMethodError'{0x00000000d59122a8}: 'java.lang.Object java.lang.invoke.Invokers$Holder.invokeExact_MT(java.lang.Object, java.lang.Object, java.lang.Object, java.lang.Object, java.lang.Object)'> (0x00000000d59122a8) 
thrown [s\src\hotspot\share\interpreter\linkResolver.cpp, line 773]
Event: 1.143 Thread 0x000001be1e95d6f0 Exception <a 'java/lang/NoSuchMethodError'{0x00000000d59ca250}: 'int java.lang.invoke.DirectMethodHandle$Holder.invokeSpecial(java.lang.Object, java.lang.Object, java.lang.Object, int)'> (0x00000000d59ca250) 
thrown [s\src\hotspot\share\interpreter\linkResolver.cpp, line 773]
Event: 1.150 Thread 0x000001be1e95d6f0 Exception <a 'java/lang/NoSuchMethodError'{0x00000000d59dcc38}: 'java.lang.Object java.lang.invoke.DirectMethodHandle$Holder.invokeStatic(java.lang.Object, java.lang.Object, java.lang.Object, java.lang.Object, int)'> (0x00000000d59dcc38) 
thrown [s\src\hotspot\share\interpreter\linkResolver.cpp, line 773]
Event: 1.177 Thread 0x000001be1e95d6f0 Exception <a 'java/lang/NoSuchMethodError'{0x00000000d59e80e0}: 'void java.lang.invoke.DelegatingMethodHandle$Holder.reinvoke_L(java.lang.Object, java.lang.Object, java.lang.Object, int, java.lang.Object)'> (0x00000000d59e80e0) 
thrown [s\src\hotspot\share\interpreter\linkResolver.cpp, line 773]
Event: 1.314 Thread 0x000001be1e95d6f0 Exception <a 'java/lang/NoSuchMethodError'{0x00000000d59f8a30}: 'int java.lang.invoke.DirectMethodHandle$Holder.invokeSpecial(java.lang.Object, java.lang.Object, java.lang.Object)'> (0x00000000d59f8a30) 
thrown [s\src\hotspot\share\interpreter\linkResolver.cpp, line 773]
Event: 1.368 Thread 0x000001be1e95d6f0 Exception <a 'java/lang/NoSuchMethodError'{0x00000000d5a046f0}: 'java.lang.Object java.lang.invoke.DirectMethodHandle$Holder.invokeStatic(java.lang.Object, java.lang.Object, int)'> (0x00000000d5a046f0) 
thrown [s\src\hotspot\share\interpreter\linkResolver.cpp, line 773]
Event: 1.476 Thread 0x000001be1e95d6f0 Exception <a 'java/lang/NoSuchMethodError'{0x00000000d5a09040}: 'void java.lang.invoke.DirectMethodHandle$Holder.invokeStatic(java.lang.Object, java.lang.Object, int, java.lang.Object)'> (0x00000000d5a09040) 
thrown [s\src\hotspot\share\interpreter\linkResolver.cpp, line 773]
Event: 1.477 Thread 0x000001be1e95d6f0 Exception <a 'java/lang/NoSuchMethodError'{0x00000000d5a0cbd0}: 'void java.lang.invoke.DirectMethodHandle$Holder.invokeSpecial(java.lang.Object, java.lang.Object, java.lang.Object, int, java.lang.Object)'> (0x00000000d5a0cbd0) 
thrown [s\src\hotspot\share\interpreter\linkResolver.cpp, line 773]
Event: 1.481 Thread 0x000001be1e95d6f0 Exception <a 'java/lang/NoSuchMethodError'{0x00000000d5a10040}: 'void java.lang.invoke.DelegatingMethodHandle$Holder.delegate(java.lang.Object, java.lang.Object, int, java.lang.Object)'> (0x00000000d5a10040) 
thrown [s\src\hotspot\share\interpreter\linkResolver.cpp, line 773]
Event: 2.271 Thread 0x000001be1e95d6f0 Exception <a 'java/lang/NoSuchMethodError'{0x00000000d5bd0408}: 'void java.lang.invoke.DelegatingMethodHandle$Holder.reinvoke_L(java.lang.Object, java.lang.Object, java.lang.Object, int)'> (0x00000000d5bd0408) 
thrown [s\src\hotspot\share\interpreter\linkResolver.cpp, line 773]

ZGC Phase Switch (0 events):
No events

VM Operations (6 events):
Event: 0.385 Executing VM operation: HandshakeAllThreads (Deoptimize)
Event: 0.386 Executing VM operation: HandshakeAllThreads (Deoptimize) done
Event: 0.900 Executing VM operation: HandshakeAllThreads (Deoptimize)
Event: 0.900 Executing VM operation: HandshakeAllThreads (Deoptimize) done
Event: 1.910 Executing VM operation: Cleanup
Event: 1.910 Executing VM operation: Cleanup done

Memory protections (0 events):
No events

Nmethod flushes (0 events):
No events

Events (12 events):
Event: 0.065 Thread 0x000001be1e95d6f0 Thread added: 0x000001be1e95d6f0
Event: 0.126 Thread 0x000001be1e95d6f0 Thread added: 0x000001be1ea1c090
Event: 0.126 Thread 0x000001be1e95d6f0 Thread added: 0x000001be1ea1e600
Event: 0.126 Thread 0x000001be1e95d6f0 Thread added: 0x000001be373374e0
Event: 0.127 Thread 0x000001be1e95d6f0 Thread added: 0x000001be373384e0
Event: 0.127 Thread 0x000001be1e95d6f0 Thread added: 0x000001be3733b040
Event: 0.127 Thread 0x000001be1e95d6f0 Thread added: 0x000001be3733ba90
Event: 0.127 Thread 0x000001be1e95d6f0 Thread added: 0x000001be3733e8d0
Event: 0.131 Thread 0x000001be1e95d6f0 Thread added: 0x000001be7e028030
Event: 0.527 Thread 0x000001be1e95d6f0 Thread added: 0x000001be7e23fe80
Event: 1.686 Thread 0x000001be7e028030 Thread added: 0x000001be7e2998e0
Event: 1.899 Thread 0x000001be7e2998e0 Thread exited: 0x000001be7e2998e0


Dynamic libraries:
0x00007ff6508b0000 - 0x00007ff6508be000 	c:\Users\HP\.antigravity\extensions\redhat.java-1.50.0-win32-x64\jre\21.0.9-win32-x86_64\bin\java.exe
0x00007ffe4b4c0000 - 0x00007ffe4b728000 	C:\WINDOWS\SYSTEM32\ntdll.dll
0x00007ffe4b2a0000 - 0x00007ffe4b369000 	C:\WINDOWS\System32\KERNEL32.DLL
0x00007ffe48df0000 - 0x00007ffe491e2000 	C:\WINDOWS\System32\KERNELBASE.dll
0x00007ffe48a70000 - 0x00007ffe48bbb000 	C:\WINDOWS\System32\ucrtbase.dll
0x00007ffe02d20000 - 0x00007ffe02d38000 	c:\Users\HP\.antigravity\extensions\redhat.java-1.50.0-win32-x64\jre\21.0.9-win32-x86_64\bin\jli.dll
0x00007ffe4afa0000 - 0x00007ffe4b165000 	C:\WINDOWS\System32\USER32.dll
0x00007ffe48bc0000 - 0x00007ffe48be7000 	C:\WINDOWS\System32\win32u.dll
0x00007ffe4a050000 - 0x00007ffe4a07b000 	C:\WINDOWS\System32\GDI32.dll
0x00007ffe0a860000 - 0x00007ffe0a87e000 	c:\Users\HP\.antigravity\extensions\redhat.java-1.50.0-win32-x64\jre\21.0.9-win32-x86_64\bin\VCRUNTIME140.dll
0x00007ffe48700000 - 0x00007ffe4882d000 	C:\WINDOWS\System32\gdi32full.dll
0x00007ffe25cf0000 - 0x00007ffe25f83000 	C:\WINDOWS\WinSxS\amd64_microsoft.windows.common-controls_6595b64144ccf1df_6.0.26100.6899_none_3e0efeeae32e88c1\COMCTL32.dll
0x00007ffe48650000 - 0x00007ffe486f3000 	C:\WINDOWS\System32\msvcp_win.dll
0x00007ffe4ab70000 - 0x00007ffe4ac19000 	C:\WINDOWS\System32\msvcrt.dll
0x00007ffe49bd0000 - 0x00007ffe49bff000 	C:\WINDOWS\System32\IMM32.DLL
0x00007ffe2a000000 - 0x00007ffe2a00c000 	c:\Users\HP\.antigravity\extensions\redhat.java-1.50.0-win32-x64\jre\21.0.9-win32-x86_64\bin\vcruntime140_1.dll
0x00007ffdf6fa0000 - 0x00007ffdf702d000 	c:\Users\HP\.antigravity\extensions\redhat.java-1.50.0-win32-x64\jre\21.0.9-win32-x86_64\bin\msvcp140.dll
0x00007ffda6e90000 - 0x00007ffda7c30000 	c:\Users\HP\.antigravity\extensions\redhat.java-1.50.0-win32-x64\jre\21.0.9-win32-x86_64\bin\server\jvm.dll
0x00007ffe49290000 - 0x00007ffe49344000 	C:\WINDOWS\System32\ADVAPI32.dll
0x00007ffe4b190000 - 0x00007ffe4b236000 	C:\WINDOWS\System32\sechost.dll
0x00007ffe4a3e0000 - 0x00007ffe4a4f8000 	C:\WINDOWS\System32\RPCRT4.dll
0x00007ffe49e20000 - 0x00007ffe49e94000 	C:\WINDOWS\System32\WS2_32.dll
0x00007ffe484b0000 - 0x00007ffe4850e000 	C:\WINDOWS\SYSTEM32\POWRPROF.dll
0x00007ffe335d0000 - 0x00007ffe33605000 	C:\WINDOWS\SYSTEM32\WINMM.dll
0x00007ffe40520000 - 0x00007ffe4052b000 	C:\WINDOWS\SYSTEM32\VERSION.dll
0x00007ffe48490000 - 0x00007ffe484a4000 	C:\WINDOWS\SYSTEM32\UMPDC.dll
0x00007ffe473e0000 - 0x00007ffe473fb000 	C:\WINDOWS\SYSTEM32\kernel.appcore.dll
0x00007ffe296e0000 - 0x00007ffe296ea000 	c:\Users\HP\.antigravity\extensions\redhat.java-1.50.0-win32-x64\jre\21.0.9-win32-x86_64\bin\jimage.dll
0x00007ffe45d10000 - 0x00007ffe45f52000 	C:\WINDOWS\SYSTEM32\DBGHELP.DLL
0x00007ffe4ac20000 - 0x00007ffe4af9b000 	C:\WINDOWS\System32\combase.dll
0x00007ffe4a080000 - 0x00007ffe4a157000 	C:\WINDOWS\System32\OLEAUT32.dll
0x00007ffe342f0000 - 0x00007ffe3432c000 	C:\WINDOWS\SYSTEM32\dbgcore.DLL
0x00007ffe491f0000 - 0x00007ffe49288000 	C:\WINDOWS\System32\bcryptPrimitives.dll
0x00007ffe27300000 - 0x00007ffe2730f000 	c:\Users\HP\.antigravity\extensions\redhat.java-1.50.0-win32-x64\jre\21.0.9-win32-x86_64\bin\instrument.dll
0x00007ffe02cd0000 - 0x00007ffe02cf0000 	c:\Users\HP\.antigravity\extensions\redhat.java-1.50.0-win32-x64\jre\21.0.9-win32-x86_64\bin\java.dll
0x00007ffe49480000 - 0x00007ffe49bcd000 	C:\WINDOWS\System32\SHELL32.dll
0x00007ffe48bf0000 - 0x00007ffe48d5b000 	C:\WINDOWS\System32\wintypes.dll
0x00007ffe46280000 - 0x00007ffe46add000 	C:\WINDOWS\SYSTEM32\windows.storage.dll
0x00007ffe49d10000 - 0x00007ffe49e02000 	C:\WINDOWS\System32\SHCORE.dll
0x00007ffe49410000 - 0x00007ffe49472000 	C:\WINDOWS\System32\shlwapi.dll
0x00007ffe48570000 - 0x00007ffe48599000 	C:\WINDOWS\SYSTEM32\profapi.dll
0x00007ffe02cb0000 - 0x00007ffe02cc8000 	c:\Users\HP\.antigravity\extensions\redhat.java-1.50.0-win32-x64\jre\21.0.9-win32-x86_64\bin\zip.dll
0x00007ffe22f20000 - 0x00007ffe22f30000 	C:\Users\HP\.antigravity\extensions\redhat.java-1.50.0-win32-x64\jre\21.0.9-win32-x86_64\bin\net.dll
0x00007ffe40000000 - 0x00007ffe4011f000 	C:\WINDOWS\SYSTEM32\WINHTTP.dll
0x00007ffe47930000 - 0x00007ffe4799b000 	C:\WINDOWS\system32\mswsock.dll
0x00007ffdfff40000 - 0x00007ffdfff56000 	C:\Users\HP\.antigravity\extensions\redhat.java-1.50.0-win32-x64\jre\21.0.9-win32-x86_64\bin\nio.dll
0x00007ffe0ce50000 - 0x00007ffe0ce60000 	c:\Users\HP\.antigravity\extensions\redhat.java-1.50.0-win32-x64\jre\21.0.9-win32-x86_64\bin\verify.dll

JVMTI agents:
c:\Users\HP\.antigravity\extensions\redhat.java-1.50.0-win32-x64\lombok\lombok-1.18.39-4050.jar path:c:\Users\HP\.antigravity\extensions\redhat.java-1.50.0-win32-x64\jre\21.0.9-win32-x86_64\bin\instrument.dll, loaded, initialized, instrumentlib options:none

dbghelp: loaded successfully - version: 4.0.5 - missing functions: none
symbol engine: initialized successfully - sym options: 0x614 - pdb path: .;c:\Users\HP\.antigravity\extensions\redhat.java-1.50.0-win32-x64\jre\21.0.9-win32-x86_64\bin;C:\WINDOWS\SYSTEM32;C:\WINDOWS\WinSxS\amd64_microsoft.windows.common-controls_6595b64144ccf1df_6.0.26100.6899_none_3e0efeeae32e88c1;c:\Users\HP\.antigravity\extensions\redhat.java-1.50.0-win32-x64\jre\21.0.9-win32-x86_64\bin\server

VM Arguments:
jvm_args: --add-modules=ALL-SYSTEM --add-opens=java.base/java.util=ALL-UNNAMED --add-opens=java.base/java.lang=ALL-UNNAMED --add-opens=java.base/sun.nio.fs=ALL-UNNAMED -Declipse.application=org.eclipse.jdt.ls.core.id1 -Dosgi.bundles.defaultStartLevel=4 -Declipse.product=org.eclipse.jdt.ls.core.product -Djava.import.generatesMetadataFilesAtProjectRoot=false -DDetectVMInstallationsJob.disabled=true -Dfile.encoding=utf8 -XX:+UseParallelGC -XX:GCTimeRatio=4 -XX:AdaptiveSizePolicyWeight=90 -Dsun.zip.disableMemoryMapping=true -Xmx2G -Xms100m -Xlog:disable -javaagent:c:\Users\HP\.antigravity\extensions\redhat.java-1.50.0-win32-x64\lombok\lombok-1.18.39-4050.jar -XX:+HeapDumpOnOutOfMemoryError -XX:HeapDumpPath=c:\Users\HP\AppData\Roaming\Antigravity\User\workspaceStorage\d3ed139398f51788ae3647223982d52d\redhat.java -Daether.dependencyCollector.impl=bf 
java_command: c:\Users\HP\.antigravity\extensions\redhat.java-1.50.0-win32-x64\server\plugins\org.eclipse.equinox.launcher_1.7.100.v20251111-0406.jar -configuration c:\Users\HP\AppData\Roaming\Antigravity\User\globalStorage\redhat.java\1.50.0\config_win -data c:\Users\HP\AppData\Roaming\Antigravity\User\workspaceStorage\d3ed139398f51788ae3647223982d52d\redhat.java\jdt_ws --pipe=\\.\pipe\lsp-4213763dcb3d73447421a2ee23fbf0a3-sock
java_class_path (initial): c:\Users\HP\.antigravity\extensions\redhat.java-1.50.0-win32-x64\server\plugins\org.eclipse.equinox.launcher_1.7.100.v20251111-0406.jar
Launcher Type: SUN_STANDARD

[Global flags]
    uintx AdaptiveSizePolicyWeight                 = 90                                        {product} {command line}
     intx CICompilerCount                          = 4                                         {product} {ergonomic}
    uintx GCTimeRatio                              = 4                                         {product} {command line}
     bool HeapDumpOnOutOfMemoryError               = true                                   {manageable} {command line}
    ccstr HeapDumpPath                             = c:\Users\HP\AppData\Roaming\Antigravity\User\workspaceStorage\d3ed139398f51788ae3647223982d52d\redhat.java         {manageable} {command line}
   size_t InitialHeapSize                          = 104857600                                 {product} {command line}
   size_t MaxHeapSize                              = 2147483648                                {product} {command line}
   size_t MaxNewSize                               = 715653120                                 {product} {ergonomic}
   size_t MinHeapDeltaBytes                        = 524288                                    {product} {ergonomic}
   size_t MinHeapSize                              = 104857600                                 {product} {command line}
   size_t NewSize                                  = 34603008                                  {product} {ergonomic}
    uintx NonNMethodCodeHeapSize                   = 5839372                                {pd product} {ergonomic}
    uintx NonProfiledCodeHeapSize                  = 122909434                              {pd product} {ergonomic}
   size_t OldSize                                  = 70254592                                  {product} {ergonomic}
    uintx ProfiledCodeHeapSize                     = 122909434                              {pd product} {ergonomic}
    uintx ReservedCodeCacheSize                    = 251658240                              {pd product} {ergonomic}
     bool SegmentedCodeCache                       = true                                      {product} {ergonomic}
   size_t SoftMaxHeapSize                          = 2147483648                             {manageable} {ergonomic}
     bool UseCompressedOops                        = true                           {product lp64_product} {ergonomic}
     bool UseLargePagesIndividualAllocation        = false                                  {pd product} {ergonomic}
     bool UseParallelGC                            = true                                      {product} {command line}

Logging:
Log output configuration:
 #0: stdout all=off uptime,level,tags foldmultilines=false
 #1: stderr all=off uptime,level,tags foldmultilines=false

Release file:
<release file has not been read>
Environment Variables:
JAVA_HOME=C:\Program Files\Java\jdk-17.0.17
PATH=C:\WINDOWS\system32;C:\WINDOWS;C:\WINDOWS\System32\Wbem;C:\WINDOWS\System32\WindowsPowerShell\v1.0\;C:\WINDOWS\System32\OpenSSH\;C:\Program Files\dotnet\;C:\Program Files (x86)\Intel\Intel(R) Management Engine Components\DAL;C:\Program Files\Intel\Intel(R) Management Engine Components\DAL;C:\Program Files\Git\cmd;C:\MinGW\bin;C:\Program Files\apache-maven-3.9.11\bin;C:\Program Files (x86)\Microsoft SQL Server\160\Tools\Binn\;C:\Program Files\Microsoft SQL Server\160\Tools\Binn\;C:\Program Files\Microsoft SQL Server\Client SDK\ODBC\170\Tools\Binn\;C:\Program Files\Microsoft SQL Server\160\DTS\Binn\;C:\Users\HP\AppData\Local\Pub\Cache\bin;C:\Program Files\Docker\Docker\resources\bin;C:\Program Files\Java\jdk-17.0.17\bin;C:\Users\HP\AppData\Local\Android\Sdk\platorm-tools;C:\Users\HP\AppData\Local\Android\Sdk\cmdline-tools\latest\bin;C:\src\flutter\bin;C:\Users\HP\AppData\Local\nvm;C:\nvm4w\nodejs;C:\Program Files\nodejs\;C:\Program Files\MySQL\MySQL Shell 8.0\bin\;C:\Users\HP\AppData\Local\Microsoft\WindowsApps;C:\Program Files\Java\jdk-23\bin;C:\Users\HP\AppData\Local\Pub\Cache\bin;C:\Program Files\JetBrains\IntelliJ IDEA Community Edition 2025.2.4\bin;C:\Users\HP\AppData\Local\Programs\Microsoft VS Code\bin;D:\Program Files\PostgreSQL\18\bin;D:\Program Files\PostgreSQL\18\lib;C:\Users\HP\AppData\Local\Python\bin;C:\src\flutter\bin;C:\Users\HP\AppData\Local\nvm;C:\nvm4w\nodejs;C:\Users\HP\AppData\Roaming\npm;C:\Users\HP\AppData\Local\Programs\Antigravity\bin
USERNAME=HP
OS=Windows_NT
PROCESSOR_IDENTIFIER=Intel64 Family 6 Model 142 Stepping 10, GenuineIntel
TMP=C:\Users\HP\AppData\Local\Temp
TEMP=C:\Users\HP\AppData\Local\Temp




Periodic native trim disabled

---------------  S Y S T E M  ---------------

OS:
 Windows 11 , 64 bit Build 26100 (10.0.26100.6725)
OS uptime: 2 days 5:28 hours
Hyper-V role detected

CPU: total 8 (initial active 8) (4 cores per cpu, 2 threads per core) family 6 model 142 stepping 10 microcode 0xf6, cx8, cmov, fxsr, ht, mmx, 3dnowpref, sse, sse2, sse3, ssse3, sse4.1, sse4.2, popcnt, lzcnt, tsc, tscinvbit, avx, avx2, aes, erms, clmul, bmi1, bmi2, rtm, adx, fma, vzeroupper, clflush, clflushopt, hv, rdtscp, f16c
Processor Information for the first 8 processors :
  Max Mhz: 2112, Current Mhz: 1910, Mhz Limit: 1900

Memory: 4k page, system-wide physical 8035M (720M free)
TotalPageFile size 22164M (AvailPageFile size 0M)
current process WorkingSet (physical memory assigned to process): 49M, peak: 49M
current process commit charge ("private bytes"): 226M, peak: 226M

vm_info: OpenJDK 64-Bit Server VM (21.0.9+10-LTS) for windows-amd64 JRE (21.0.9+10-LTS), built on 2025-10-21T00:00:00Z by "admin" with unknown MS VC++:1942

END.
