#
# There is insufficient memory for the Java Runtime Environment to continue.
# Native memory allocation (malloc) failed to allocate 365136 bytes. Error detail: Chunk::new
# Possible reasons:
#   The system is out of physical RAM or swap space
#   This process is running with CompressedOops enabled, and the Java Heap may be blocking the growth of the native heap
# Possible solutions:
#   Reduce memory load on the system
#   Increase physical memory or swap space
#   Check if swap backing store is full
#   Decrease Java heap size (-Xmx/-Xms)
#   Decrease number of Java threads
#   Decrease Java thread stack sizes (-Xss)
#   Set larger code cache with -XX:ReservedCodeCacheSize=
#   JVM is running with Unscaled Compressed Oops mode in which the Java heap is
#     placed in the first 4GB address space. The Java Heap base address is the
#     maximum limit for the native heap growth. Please use -XX:HeapBaseMinAddress
#     to set the Java Heap base and to place the Java Heap above 4GB virtual address.
# This output file may be truncated or incomplete.
#
#  Out of Memory Error (arena.cpp:168), pid=29580, tid=27460
#
# JRE version: OpenJDK Runtime Environment Temurin-21.0.9+10 (21.0.9+10) (build 21.0.9+10-LTS)
# Java VM: OpenJDK 64-Bit Server VM Temurin-21.0.9+10 (21.0.9+10-LTS, mixed mode, sharing, tiered, compressed oops, compressed class ptrs, parallel gc, windows-amd64)
# No core dump will be written. Minidumps are not enabled by default on client versions of Windows
#

---------------  S U M M A R Y ------------

Command Line: --add-modules=ALL-SYSTEM --add-opens=java.base/java.util=ALL-UNNAMED --add-opens=java.base/java.lang=ALL-UNNAMED --add-opens=java.base/sun.nio.fs=ALL-UNNAMED -Declipse.application=org.eclipse.jdt.ls.core.id1 -Dosgi.bundles.defaultStartLevel=4 -Declipse.product=org.eclipse.jdt.ls.core.product -Djava.import.generatesMetadataFilesAtProjectRoot=false -DDetectVMInstallationsJob.disabled=true -Dfile.encoding=utf8 -XX:+UseParallelGC -XX:GCTimeRatio=4 -XX:AdaptiveSizePolicyWeight=90 -Dsun.zip.disableMemoryMapping=true -Xmx2G -Xms100m -Xlog:disable -javaagent:c:\Users\HP\.antigravity\extensions\redhat.java-1.50.0-win32-x64\lombok\lombok-1.18.39-4050.jar -XX:+HeapDumpOnOutOfMemoryError -XX:HeapDumpPath=c:\Users\HP\AppData\Roaming\Antigravity\User\workspaceStorage\d3ed139398f51788ae3647223982d52d\redhat.java -Daether.dependencyCollector.impl=bf c:\Users\HP\.antigravity\extensions\redhat.java-1.50.0-win32-x64\server\plugins\org.eclipse.equinox.launcher_1.7.100.v20251111-0406.jar -configuration c:\Users\HP\AppData\Roaming\Antigravity\User\globalStorage\redhat.java\1.50.0\config_win -data c:\Users\HP\AppData\Roaming\Antigravity\User\workspaceStorage\d3ed139398f51788ae3647223982d52d\redhat.java\jdt_ws --pipe=\\.\pipe\lsp-6ac656f22e9282650540f17551e1066b-sock

Host: Intel(R) Core(TM) i7-8650U CPU @ 1.90GHz, 8 cores, 7G,  Windows 11 , 64 bit Build 26100 (10.0.26100.6725)
Time: Fri Jan  2 12:53:26 2026 Temps universel coordonné elapsed time: 111.092873 seconds (0d 0h 1m 51s)

---------------  T H R E A D  ---------------

Current thread (0x0000020d9d7a0850):  JavaThread "C2 CompilerThread0" daemon [_thread_in_native, id=27460, stack(0x000000bfcc300000,0x000000bfcc400000) (1024K)]


Current CompileTask:
C2:111094 4652       4       java.util.Properties::loadConvert (540 bytes)

Stack: [0x000000bfcc300000,0x000000bfcc400000]
Native frames: (J=compiled Java code, j=interpreted, Vv=VM code, C=native code)
V  [jvm.dll+0x6d6e29]
V  [jvm.dll+0x8b4b76]
V  [jvm.dll+0x8b712e]
V  [jvm.dll+0x8b7813]
V  [jvm.dll+0x283d86]
V  [jvm.dll+0xc66ed]
V  [jvm.dll+0xc6c31]
V  [jvm.dll+0x2facee]
V  [jvm.dll+0x5fde44]
V  [jvm.dll+0x255557]
V  [jvm.dll+0x25591d]
V  [jvm.dll+0x24df40]
V  [jvm.dll+0x24b482]
V  [jvm.dll+0x1cb13e]
V  [jvm.dll+0x25b29d]
V  [jvm.dll+0x25982a]
V  [jvm.dll+0x3f7ea6]
V  [jvm.dll+0x85e9ad]
V  [jvm.dll+0x6d565d]
C  [ucrtbase.dll+0x37b0]
C  [KERNEL32.DLL+0x2e8d7]
C  [ntdll.dll+0x8c53c]


---------------  P R O C E S S  ---------------

Threads class SMR info:
_java_thread_list=0x0000020dfb8369c0, length=22, elements={
0x0000020d9d822520, 0x0000020d9d8dc090, 0x0000020d9d8dcea0, 0x0000020d9d795a40,
0x0000020d9d796690, 0x0000020d9d79a750, 0x0000020d9d79c700, 0x0000020d9d7a0850,
0x0000020d9d7cd730, 0x0000020df6cbbdd0, 0x0000020df6dc3060, 0x0000020dfb61e4d0,
0x0000020df6c437d0, 0x0000020df6bf5b30, 0x0000020df6bf6560, 0x0000020df6e48cc0,
0x0000020dfb04a090, 0x0000020dfba33850, 0x0000020dfbceea90, 0x0000020dfc15c730,
0x0000020dfc15ba10, 0x0000020dfc15a660
}

Java Threads: ( => current thread )
  0x0000020d9d822520 JavaThread "main"                              [_thread_blocked, id=19976, stack(0x000000bfcb900000,0x000000bfcba00000) (1024K)]
  0x0000020d9d8dc090 JavaThread "Reference Handler"          daemon [_thread_blocked, id=27108, stack(0x000000bfcbd00000,0x000000bfcbe00000) (1024K)]
  0x0000020d9d8dcea0 JavaThread "Finalizer"                  daemon [_thread_blocked, id=10156, stack(0x000000bfcbe00000,0x000000bfcbf00000) (1024K)]
  0x0000020d9d795a40 JavaThread "Signal Dispatcher"          daemon [_thread_blocked, id=27672, stack(0x000000bfcbf00000,0x000000bfcc000000) (1024K)]
  0x0000020d9d796690 JavaThread "Attach Listener"            daemon [_thread_blocked, id=8028, stack(0x000000bfcc000000,0x000000bfcc100000) (1024K)]
  0x0000020d9d79a750 JavaThread "Service Thread"             daemon [_thread_blocked, id=25512, stack(0x000000bfcc100000,0x000000bfcc200000) (1024K)]
  0x0000020d9d79c700 JavaThread "Monitor Deflation Thread"   daemon [_thread_blocked, id=23988, stack(0x000000bfcc200000,0x000000bfcc300000) (1024K)]
=>0x0000020d9d7a0850 JavaThread "C2 CompilerThread0"         daemon [_thread_in_native, id=27460, stack(0x000000bfcc300000,0x000000bfcc400000) (1024K)]
  0x0000020d9d7cd730 JavaThread "C1 CompilerThread0"         daemon [_thread_blocked, id=24540, stack(0x000000bfcc400000,0x000000bfcc500000) (1024K)]
  0x0000020df6cbbdd0 JavaThread "Common-Cleaner"             daemon [_thread_blocked, id=22620, stack(0x000000bfcc500000,0x000000bfcc600000) (1024K)]
  0x0000020df6dc3060 JavaThread "Notification Thread"        daemon [_thread_blocked, id=21708, stack(0x000000bfcc600000,0x000000bfcc700000) (1024K)]
  0x0000020dfb61e4d0 JavaThread "Active Thread: Equinox Container: 77ba95b8-a99a-4e44-b6b4-99ae655b8eb5"        [_thread_blocked, id=12544, stack(0x000000bfccd00000,0x000000bfcce00000) (1024K)]
  0x0000020df6c437d0 JavaThread "Refresh Thread: Equinox Container: 77ba95b8-a99a-4e44-b6b4-99ae655b8eb5" daemon [_thread_blocked, id=24388, stack(0x000000bfcce00000,0x000000bfccf00000) (1024K)]
  0x0000020df6bf5b30 JavaThread "Framework Event Dispatcher: Equinox Container: 77ba95b8-a99a-4e44-b6b4-99ae655b8eb5" daemon [_thread_blocked, id=7004, stack(0x000000bfcd000000,0x000000bfcd100000) (1024K)]
  0x0000020df6bf6560 JavaThread "Start Level: Equinox Container: 77ba95b8-a99a-4e44-b6b4-99ae655b8eb5" daemon [_thread_in_Java, id=22192, stack(0x000000bfcd100000,0x000000bfcd200000) (1024K)]
  0x0000020df6e48cc0 JavaThread "Bundle File Closer"         daemon [_thread_blocked, id=24112, stack(0x000000bfcd200000,0x000000bfcd300000) (1024K)]
  0x0000020dfb04a090 JavaThread "SCR Component Actor"        daemon [_thread_blocked, id=8264, stack(0x000000bfcb600000,0x000000bfcb700000) (1024K)]
  0x0000020dfba33850 JavaThread "Worker-JM"                         [_thread_blocked, id=19380, stack(0x000000bfcb700000,0x000000bfcb800000) (1024K)]
  0x0000020dfbceea90 JavaThread "JNA Cleaner"                daemon [_thread_blocked, id=28076, stack(0x000000bfcd300000,0x000000bfcd400000) (1024K)]
  0x0000020dfc15c730 JavaThread "Worker-0: Repository registry initialization"        [_thread_in_vm, id=24060, stack(0x000000bfcd400000,0x000000bfcd500000) (1024K)]
  0x0000020dfc15ba10 JavaThread "Worker-1"                          [_thread_blocked, id=29556, stack(0x000000bfcd500000,0x000000bfcd600000) (1024K)]
  0x0000020dfc15a660 JavaThread "Worker-2"                          [_thread_blocked, id=24956, stack(0x000000bfcd700000,0x000000bfcd800000) (1024K)]
Total: 22

Other Threads:
  0x0000020d9d8c09b0 VMThread "VM Thread"                           [id=23604, stack(0x000000bfcbc00000,0x000000bfcbd00000) (1024K)]
  0x0000020d9d6aca00 WatcherThread "VM Periodic Task Thread"        [id=24620, stack(0x000000bfcbb00000,0x000000bfcbc00000) (1024K)]
  0x0000020d9d83f610 WorkerThread "GC Thread#0"                     [id=20496, stack(0x000000bfcba00000,0x000000bfcbb00000) (1024K)]
  0x0000020dfb5f9a80 WorkerThread "GC Thread#1"                     [id=3436, stack(0x000000bfcc700000,0x000000bfcc800000) (1024K)]
  0x0000020dfb5f9e20 WorkerThread "GC Thread#2"                     [id=25680, stack(0x000000bfcc800000,0x000000bfcc900000) (1024K)]
  0x0000020dfb30b560 WorkerThread "GC Thread#3"                     [id=17232, stack(0x000000bfcc900000,0x000000bfcca00000) (1024K)]
  0x0000020dfb30c470 WorkerThread "GC Thread#4"                     [id=5164, stack(0x000000bfcca00000,0x000000bfccb00000) (1024K)]
  0x0000020dfb30c810 WorkerThread "GC Thread#5"                     [id=10336, stack(0x000000bfccb00000,0x000000bfccc00000) (1024K)]
  0x0000020dfb30cbb0 WorkerThread "GC Thread#6"                     [id=13360, stack(0x000000bfccc00000,0x000000bfccd00000) (1024K)]
  0x0000020df6c43e30 WorkerThread "GC Thread#7"                     [id=14756, stack(0x000000bfccf00000,0x000000bfcd000000) (1024K)]
Total: 10

Threads with active compile tasks:
C2 CompilerThread0  111208 4652       4       java.util.Properties::loadConvert (540 bytes)
Total: 1

VM state: not at safepoint (normal execution)

VM Mutex/Monitor currently owned by a thread:  ([mutex/lock_event])
[0x00007ffd7a46b4f0] Metaspace_lock - owner thread: 0x0000020dfc15c730

Heap address: 0x0000000080000000, size: 2048 MB, Compressed Oops mode: 32-bit

CDS archive(s) mapped at: [0x0000020db5000000-0x0000020db5ba0000-0x0000020db5ba0000), size 12189696, SharedBaseAddress: 0x0000020db5000000, ArchiveRelocationMode: 1.
Compressed class space mapped at: 0x0000020db6000000-0x0000020df6000000, reserved size: 1073741824
Narrow klass base: 0x0000020db5000000, Narrow klass shift: 0, Narrow klass range: 0x100000000

GC Precious Log:
 CardTable entry size: 512
 CPUs: 8 total, 8 available
 Memory: 8035M
 Large Page Support: Disabled
 NUMA Support: Disabled
 Compressed Oops: Enabled (32-bit)
 Alignments: Space 512K, Generation 512K, Heap 2M
 Heap Min Capacity: 100M
 Heap Initial Capacity: 100M
 Heap Max Capacity: 2G
 Pre-touch: Disabled
 Parallel Workers: 8

Heap:
 PSYoungGen      total 23552K, used 10155K [0x00000000d5580000, 0x00000000d7200000, 0x0000000100000000)
  eden space 22528K, 41% used [0x00000000d5580000,0x00000000d5eb1608,0x00000000d6b80000)
  from space 1024K, 72% used [0x00000000d6f80000,0x00000000d70399b0,0x00000000d7080000)
  to   space 1536K, 0% used [0x00000000d7080000,0x00000000d7080000,0x00000000d7200000)
 ParOldGen       total 68608K, used 16540K [0x0000000080000000, 0x0000000084300000, 0x00000000d5580000)
  object space 68608K, 24% used [0x0000000080000000,0x00000000810271e8,0x0000000084300000)
 Metaspace       used 31073K, committed 32064K, reserved 1114112K
  class space    used 3194K, committed 3648K, reserved 1048576K

Card table byte_map: [0x0000020d9d1c0000,0x0000020d9d5d0000] _byte_map_base: 0x0000020d9cdc0000

Marking Bits: (ParMarkBitMap*) 0x00007ffd7a472460
 Begin Bits: [0x0000020dafcd0000, 0x0000020db1cd0000)
 End Bits:   [0x0000020db1cd0000, 0x0000020db3cd0000)

Polling page: 0x0000020d9b640000

Metaspace:

Usage:
  Non-class:     27.23 MB used.
      Class:      3.12 MB used.
       Both:     30.35 MB used.

Virtual space:
  Non-class space:       64.00 MB reserved,      27.75 MB ( 43%) committed,  1 nodes.
      Class space:        1.00 GB reserved,       3.56 MB ( <1%) committed,  1 nodes.
             Both:        1.06 GB reserved,      31.31 MB (  3%) committed. 

Chunk freelists:
   Non-Class:  4.05 MB
       Class:  12.47 MB
        Both:  16.52 MB

MaxMetaspaceSize: unlimited
CompressedClassSpaceSize: 1.00 GB
Initial GC threshold: 21.00 MB
Current GC threshold: 35.00 MB
CDS: on
 - commit_granule_bytes: 65536.
 - commit_granule_words: 8192.
 - virtual_space_node_default_size: 8388608.
 - enlarge_chunks_in_place: 1.
 - use_allocation_guard: 0.


Internal statistics:

num_allocs_failed_limit: 3.
num_arena_births: 848.
num_arena_deaths: 14.
num_vsnodes_births: 2.
num_vsnodes_deaths: 0.
num_space_committed: 501.
num_space_uncommitted: 0.
num_chunks_returned_to_freelist: 17.
num_chunks_taken_from_freelist: 2213.
num_chunk_merges: 8.
num_chunk_splits: 1341.
num_chunks_enlarged: 738.
num_inconsistent_stats: 0.

CodeHeap 'non-profiled nmethods': size=120000Kb used=2543Kb max_used=2543Kb free=117456Kb
 bounds [0x0000020da84f0000, 0x0000020da8770000, 0x0000020dafa20000]
CodeHeap 'profiled nmethods': size=120000Kb used=9826Kb max_used=9826Kb free=110173Kb
 bounds [0x0000020da0a20000, 0x0000020da13c0000, 0x0000020da7f50000]
CodeHeap 'non-nmethods': size=5760Kb used=1338Kb max_used=1417Kb free=4421Kb
 bounds [0x0000020da7f50000, 0x0000020da81c0000, 0x0000020da84f0000]
CodeCache: size=245760Kb, used=13707Kb, max_used=13786Kb, free=232050Kb
 total_blobs=5281, nmethods=4651, adapters=536, full_count=0
Compilation: enabled, stopped_count=0, restarted_count=0

Compilation events (20 events):
Event: 110.715 Thread 0x0000020d9d7cd730 nmethod 4644 0x0000020da13b5990 code [0x0000020da13b5b40, 0x0000020da13b5ca8]
Event: 110.715 Thread 0x0000020d9d7cd730 4645       3       java.nio.ByteBuffer::limit (6 bytes)
Event: 110.715 Thread 0x0000020d9d7cd730 nmethod 4645 0x0000020da13b5d90 code [0x0000020da13b5f40, 0x0000020da13b6108]
Event: 110.749 Thread 0x0000020d9d7cd730 4646       3       jdk.internal.misc.InternalLock::<init> (16 bytes)
Event: 110.749 Thread 0x0000020d9d7cd730 nmethod 4646 0x0000020da13b6190 code [0x0000020da13b6380, 0x0000020da13b6870]
Event: 110.832 Thread 0x0000020d9d7cd730 4647       3       com.sun.org.apache.xerces.internal.impl.XMLEntityScanner::checkNodeCount (22 bytes)
Event: 110.832 Thread 0x0000020d9d7cd730 nmethod 4647 0x0000020da13b6a90 code [0x0000020da13b6c40, 0x0000020da13b6e18]
Event: 110.957 Thread 0x0000020d9d7a0850 4648       4       java.lang.ThreadLocal$ThreadLocalMap::set (133 bytes)
Event: 110.963 Thread 0x0000020d9d7cd730 4649       1       jdk.internal.jimage.decompressor.CompressedResourceHeader::getSize (3 bytes)
Event: 110.963 Thread 0x0000020d9d7cd730 nmethod 4649 0x0000020da876b090 code [0x0000020da876b220, 0x0000020da876b2c8]
Event: 110.968 Thread 0x0000020d9d7a0850 nmethod 4648 0x0000020da876b390 code [0x0000020da876b560, 0x0000020da876b928]
Event: 111.005 Thread 0x0000020d9d7a0850 4650       4       java.util.RegularEnumSet::contains (57 bytes)
Event: 111.008 Thread 0x0000020d9d7a0850 nmethod 4650 0x0000020da876bc10 code [0x0000020da876bda0, 0x0000020da876bec0]
Event: 111.022 Thread 0x0000020d9d7cd730 4651       3       org.objectweb.asm.ClassReader::readUnsignedShort (26 bytes)
Event: 111.022 Thread 0x0000020d9d7cd730 nmethod 4651 0x0000020da13b6f10 code [0x0000020da13b70c0, 0x0000020da13b7230]
Event: 111.038 Thread 0x0000020d9d7a0850 4652       4       java.util.Properties::loadConvert (540 bytes)
Event: 111.056 Thread 0x0000020d9d7cd730 4654       3       jdk.internal.org.objectweb.asm.MethodWriter::visitTryCatchBlock (67 bytes)
Event: 111.057 Thread 0x0000020d9d7cd730 nmethod 4654 0x0000020da13b7310 code [0x0000020da13b74e0, 0x0000020da13b7980]
Event: 111.057 Thread 0x0000020d9d7cd730 4655       3       jdk.internal.org.objectweb.asm.Handler::<init> (32 bytes)
Event: 111.058 Thread 0x0000020d9d7cd730 nmethod 4655 0x0000020da13b7b90 code [0x0000020da13b7d40, 0x0000020da13b7f00]

GC Heap History (20 events):
Event: 49.347 GC heap before
{Heap before GC invocations=3 (full 0):
 PSYoungGen      total 29696K, used 29684K [0x00000000d5580000, 0x00000000d7680000, 0x0000000100000000)
  eden space 25600K, 100% used [0x00000000d5580000,0x00000000d6e80000,0x00000000d6e80000)
  from space 4096K, 99% used [0x00000000d7280000,0x00000000d767d1d8,0x00000000d7680000)
  to   space 4096K, 0% used [0x00000000d6e80000,0x00000000d6e80000,0x00000000d7280000)
 ParOldGen       total 68608K, used 1779K [0x0000000080000000, 0x0000000084300000, 0x00000000d5580000)
  object space 68608K, 2% used [0x0000000080000000,0x00000000801bcf20,0x0000000084300000)
 Metaspace       used 9614K, committed 9984K, reserved 1114112K
  class space    used 1019K, committed 1152K, reserved 1048576K
}
Event: 49.365 GC heap after
{Heap after GC invocations=3 (full 0):
 PSYoungGen      total 29696K, used 4066K [0x00000000d5580000, 0x00000000d7680000, 0x0000000100000000)
  eden space 25600K, 0% used [0x00000000d5580000,0x00000000d5580000,0x00000000d6e80000)
  from space 4096K, 99% used [0x00000000d6e80000,0x00000000d7278808,0x00000000d7280000)
  to   space 4096K, 0% used [0x00000000d7280000,0x00000000d7280000,0x00000000d7680000)
 ParOldGen       total 68608K, used 4404K [0x0000000080000000, 0x0000000084300000, 0x00000000d5580000)
  object space 68608K, 6% used [0x0000000080000000,0x000000008044d2b0,0x0000000084300000)
 Metaspace       used 9614K, committed 9984K, reserved 1114112K
  class space    used 1019K, committed 1152K, reserved 1048576K
}
Event: 98.528 GC heap before
{Heap before GC invocations=4 (full 0):
 PSYoungGen      total 29696K, used 29666K [0x00000000d5580000, 0x00000000d7680000, 0x0000000100000000)
  eden space 25600K, 100% used [0x00000000d5580000,0x00000000d6e80000,0x00000000d6e80000)
  from space 4096K, 99% used [0x00000000d6e80000,0x00000000d7278808,0x00000000d7280000)
  to   space 4096K, 0% used [0x00000000d7280000,0x00000000d7280000,0x00000000d7680000)
 ParOldGen       total 68608K, used 4404K [0x0000000080000000, 0x0000000084300000, 0x00000000d5580000)
  object space 68608K, 6% used [0x0000000080000000,0x000000008044d2b0,0x0000000084300000)
 Metaspace       used 11870K, committed 12288K, reserved 1114112K
  class space    used 1253K, committed 1408K, reserved 1048576K
}
Event: 98.542 GC heap after
{Heap after GC invocations=4 (full 0):
 PSYoungGen      total 29696K, used 4081K [0x00000000d5580000, 0x00000000d7680000, 0x0000000100000000)
  eden space 25600K, 0% used [0x00000000d5580000,0x00000000d5580000,0x00000000d6e80000)
  from space 4096K, 99% used [0x00000000d7280000,0x00000000d767c570,0x00000000d7680000)
  to   space 4096K, 0% used [0x00000000d6e80000,0x00000000d6e80000,0x00000000d7280000)
 ParOldGen       total 68608K, used 6546K [0x0000000080000000, 0x0000000084300000, 0x00000000d5580000)
  object space 68608K, 9% used [0x0000000080000000,0x00000000806648b0,0x0000000084300000)
 Metaspace       used 11870K, committed 12288K, reserved 1114112K
  class space    used 1253K, committed 1408K, reserved 1048576K
}
Event: 101.243 GC heap before
{Heap before GC invocations=5 (full 0):
 PSYoungGen      total 29696K, used 29681K [0x00000000d5580000, 0x00000000d7680000, 0x0000000100000000)
  eden space 25600K, 100% used [0x00000000d5580000,0x00000000d6e80000,0x00000000d6e80000)
  from space 4096K, 99% used [0x00000000d7280000,0x00000000d767c570,0x00000000d7680000)
  to   space 4096K, 0% used [0x00000000d6e80000,0x00000000d6e80000,0x00000000d7280000)
 ParOldGen       total 68608K, used 6546K [0x0000000080000000, 0x0000000084300000, 0x00000000d5580000)
  object space 68608K, 9% used [0x0000000080000000,0x00000000806648b0,0x0000000084300000)
 Metaspace       used 15838K, committed 16448K, reserved 1114112K
  class space    used 1637K, committed 1920K, reserved 1048576K
}
Event: 101.251 GC heap after
{Heap after GC invocations=5 (full 0):
 PSYoungGen      total 29184K, used 4089K [0x00000000d5580000, 0x00000000d7a00000, 0x0000000100000000)
  eden space 25088K, 0% used [0x00000000d5580000,0x00000000d5580000,0x00000000d6e00000)
  from space 4096K, 99% used [0x00000000d6e80000,0x00000000d727e778,0x00000000d7280000)
  to   space 6144K, 0% used [0x00000000d7400000,0x00000000d7400000,0x00000000d7a00000)
 ParOldGen       total 68608K, used 8082K [0x0000000080000000, 0x0000000084300000, 0x00000000d5580000)
  object space 68608K, 11% used [0x0000000080000000,0x00000000807e48b0,0x0000000084300000)
 Metaspace       used 15838K, committed 16448K, reserved 1114112K
  class space    used 1637K, committed 1920K, reserved 1048576K
}
Event: 102.863 GC heap before
{Heap before GC invocations=6 (full 0):
 PSYoungGen      total 29184K, used 29177K [0x00000000d5580000, 0x00000000d7a00000, 0x0000000100000000)
  eden space 25088K, 100% used [0x00000000d5580000,0x00000000d6e00000,0x00000000d6e00000)
  from space 4096K, 99% used [0x00000000d6e80000,0x00000000d727e778,0x00000000d7280000)
  to   space 6144K, 0% used [0x00000000d7400000,0x00000000d7400000,0x00000000d7a00000)
 ParOldGen       total 68608K, used 8082K [0x0000000080000000, 0x0000000084300000, 0x00000000d5580000)
  object space 68608K, 11% used [0x0000000080000000,0x00000000807e48b0,0x0000000084300000)
 Metaspace       used 18964K, committed 19776K, reserved 1114112K
  class space    used 1988K, committed 2304K, reserved 1048576K
}
Event: 102.872 GC heap after
{Heap after GC invocations=6 (full 0):
 PSYoungGen      total 29696K, used 4627K [0x00000000d5580000, 0x00000000d7900000, 0x0000000100000000)
  eden space 24576K, 0% used [0x00000000d5580000,0x00000000d5580000,0x00000000d6d80000)
  from space 5120K, 90% used [0x00000000d7400000,0x00000000d7884e58,0x00000000d7900000)
  to   space 5120K, 0% used [0x00000000d6f00000,0x00000000d6f00000,0x00000000d7400000)
 ParOldGen       total 68608K, used 8090K [0x0000000080000000, 0x0000000084300000, 0x00000000d5580000)
  object space 68608K, 11% used [0x0000000080000000,0x00000000807e68b0,0x0000000084300000)
 Metaspace       used 18964K, committed 19776K, reserved 1114112K
  class space    used 1988K, committed 2304K, reserved 1048576K
}
Event: 104.031 GC heap before
{Heap before GC invocations=7 (full 0):
 PSYoungGen      total 29696K, used 23329K [0x00000000d5580000, 0x00000000d7900000, 0x0000000100000000)
  eden space 24576K, 76% used [0x00000000d5580000,0x00000000d67c36e0,0x00000000d6d80000)
  from space 5120K, 90% used [0x00000000d7400000,0x00000000d7884e58,0x00000000d7900000)
  to   space 5120K, 0% used [0x00000000d6f00000,0x00000000d6f00000,0x00000000d7400000)
 ParOldGen       total 68608K, used 8090K [0x0000000080000000, 0x0000000084300000, 0x00000000d5580000)
  object space 68608K, 11% used [0x0000000080000000,0x00000000807e68b0,0x0000000084300000)
 Metaspace       used 20649K, committed 21504K, reserved 1114112K
  class space    used 2198K, committed 2560K, reserved 1048576K
}
Event: 104.046 GC heap after
{Heap after GC invocations=7 (full 0):
 PSYoungGen      total 29184K, used 4107K [0x00000000d5580000, 0x00000000d7680000, 0x0000000100000000)
  eden space 24576K, 0% used [0x00000000d5580000,0x00000000d5580000,0x00000000d6d80000)
  from space 4608K, 89% used [0x00000000d6f00000,0x00000000d7302f50,0x00000000d7380000)
  to   space 3072K, 0% used [0x00000000d7380000,0x00000000d7380000,0x00000000d7680000)
 ParOldGen       total 68608K, used 9671K [0x0000000080000000, 0x0000000084300000, 0x00000000d5580000)
  object space 68608K, 14% used [0x0000000080000000,0x0000000080971c58,0x0000000084300000)
 Metaspace       used 20649K, committed 21504K, reserved 1114112K
  class space    used 2198K, committed 2560K, reserved 1048576K
}
Event: 104.046 GC heap before
{Heap before GC invocations=8 (full 1):
 PSYoungGen      total 29184K, used 4107K [0x00000000d5580000, 0x00000000d7680000, 0x0000000100000000)
  eden space 24576K, 0% used [0x00000000d5580000,0x00000000d5580000,0x00000000d6d80000)
  from space 4608K, 89% used [0x00000000d6f00000,0x00000000d7302f50,0x00000000d7380000)
  to   space 3072K, 0% used [0x00000000d7380000,0x00000000d7380000,0x00000000d7680000)
 ParOldGen       total 68608K, used 9671K [0x0000000080000000, 0x0000000084300000, 0x00000000d5580000)
  object space 68608K, 14% used [0x0000000080000000,0x0000000080971c58,0x0000000084300000)
 Metaspace       used 20649K, committed 21504K, reserved 1114112K
  class space    used 2198K, committed 2560K, reserved 1048576K
}
Event: 104.160 GC heap after
{Heap after GC invocations=8 (full 1):
 PSYoungGen      total 29184K, used 0K [0x00000000d5580000, 0x00000000d7680000, 0x0000000100000000)
  eden space 24576K, 0% used [0x00000000d5580000,0x00000000d5580000,0x00000000d6d80000)
  from space 4608K, 0% used [0x00000000d6f00000,0x00000000d6f00000,0x00000000d7380000)
  to   space 3072K, 0% used [0x00000000d7380000,0x00000000d7380000,0x00000000d7680000)
 ParOldGen       total 68608K, used 13010K [0x0000000080000000, 0x0000000084300000, 0x00000000d5580000)
  object space 68608K, 18% used [0x0000000080000000,0x0000000080cb4870,0x0000000084300000)
 Metaspace       used 20637K, committed 21504K, reserved 1114112K
  class space    used 2194K, committed 2560K, reserved 1048576K
}
Event: 105.747 GC heap before
{Heap before GC invocations=9 (full 1):
 PSYoungGen      total 29184K, used 24576K [0x00000000d5580000, 0x00000000d7680000, 0x0000000100000000)
  eden space 24576K, 100% used [0x00000000d5580000,0x00000000d6d80000,0x00000000d6d80000)
  from space 4608K, 0% used [0x00000000d6f00000,0x00000000d6f00000,0x00000000d7380000)
  to   space 3072K, 0% used [0x00000000d7380000,0x00000000d7380000,0x00000000d7680000)
 ParOldGen       total 68608K, used 13010K [0x0000000080000000, 0x0000000084300000, 0x00000000d5580000)
  object space 68608K, 18% used [0x0000000080000000,0x0000000080cb4870,0x0000000084300000)
 Metaspace       used 22505K, committed 23488K, reserved 1114112K
  class space    used 2362K, committed 2752K, reserved 1048576K
}
Event: 105.749 GC heap after
{Heap after GC invocations=9 (full 1):
 PSYoungGen      total 27136K, used 2793K [0x00000000d5580000, 0x00000000d7680000, 0x0000000100000000)
  eden space 24064K, 0% used [0x00000000d5580000,0x00000000d5580000,0x00000000d6d00000)
  from space 3072K, 90% used [0x00000000d7380000,0x00000000d763a6c0,0x00000000d7680000)
  to   space 3584K, 0% used [0x00000000d6f80000,0x00000000d6f80000,0x00000000d7300000)
 ParOldGen       total 68608K, used 13018K [0x0000000080000000, 0x0000000084300000, 0x00000000d5580000)
  object space 68608K, 18% used [0x0000000080000000,0x0000000080cb6870,0x0000000084300000)
 Metaspace       used 22505K, committed 23488K, reserved 1114112K
  class space    used 2362K, committed 2752K, reserved 1048576K
}
Event: 106.738 GC heap before
{Heap before GC invocations=10 (full 1):
 PSYoungGen      total 27136K, used 26857K [0x00000000d5580000, 0x00000000d7680000, 0x0000000100000000)
  eden space 24064K, 100% used [0x00000000d5580000,0x00000000d6d00000,0x00000000d6d00000)
  from space 3072K, 90% used [0x00000000d7380000,0x00000000d763a6c0,0x00000000d7680000)
  to   space 3584K, 0% used [0x00000000d6f80000,0x00000000d6f80000,0x00000000d7300000)
 ParOldGen       total 68608K, used 13018K [0x0000000080000000, 0x0000000084300000, 0x00000000d5580000)
  object space 68608K, 18% used [0x0000000080000000,0x0000000080cb6870,0x0000000084300000)
 Metaspace       used 26257K, committed 27264K, reserved 1114112K
  class space    used 2690K, committed 3136K, reserved 1048576K
}
Event: 106.740 GC heap after
{Heap after GC invocations=10 (full 1):
 PSYoungGen      total 25600K, used 1961K [0x00000000d5580000, 0x00000000d7400000, 0x0000000100000000)
  eden space 23552K, 0% used [0x00000000d5580000,0x00000000d5580000,0x00000000d6c80000)
  from space 2048K, 95% used [0x00000000d6f80000,0x00000000d716a5f8,0x00000000d7180000)
  to   space 2560K, 0% used [0x00000000d7180000,0x00000000d7180000,0x00000000d7400000)
 ParOldGen       total 68608K, used 13026K [0x0000000080000000, 0x0000000084300000, 0x00000000d5580000)
  object space 68608K, 18% used [0x0000000080000000,0x0000000080cb8870,0x0000000084300000)
 Metaspace       used 26257K, committed 27264K, reserved 1114112K
  class space    used 2690K, committed 3136K, reserved 1048576K
}
Event: 107.289 GC heap before
{Heap before GC invocations=11 (full 1):
 PSYoungGen      total 25600K, used 25513K [0x00000000d5580000, 0x00000000d7400000, 0x0000000100000000)
  eden space 23552K, 100% used [0x00000000d5580000,0x00000000d6c80000,0x00000000d6c80000)
  from space 2048K, 95% used [0x00000000d6f80000,0x00000000d716a5f8,0x00000000d7180000)
  to   space 2560K, 0% used [0x00000000d7180000,0x00000000d7180000,0x00000000d7400000)
 ParOldGen       total 68608K, used 13026K [0x0000000080000000, 0x0000000084300000, 0x00000000d5580000)
  object space 68608K, 18% used [0x0000000080000000,0x0000000080cb8870,0x0000000084300000)
 Metaspace       used 29268K, committed 30272K, reserved 1114112K
  class space    used 3008K, committed 3456K, reserved 1048576K
}
Event: 107.296 GC heap after
{Heap after GC invocations=11 (full 1):
 PSYoungGen      total 25088K, used 1851K [0x00000000d5580000, 0x00000000d7380000, 0x0000000100000000)
  eden space 23040K, 0% used [0x00000000d5580000,0x00000000d5580000,0x00000000d6c00000)
  from space 2048K, 90% used [0x00000000d7180000,0x00000000d734eda0,0x00000000d7380000)
  to   space 2048K, 0% used [0x00000000d6f80000,0x00000000d6f80000,0x00000000d7180000)
 ParOldGen       total 68608K, used 14819K [0x0000000080000000, 0x0000000084300000, 0x00000000d5580000)
  object space 68608K, 21% used [0x0000000080000000,0x0000000080e78c30,0x0000000084300000)
 Metaspace       used 29268K, committed 30272K, reserved 1114112K
  class space    used 3008K, committed 3456K, reserved 1048576K
}
Event: 107.897 GC heap before
{Heap before GC invocations=12 (full 1):
 PSYoungGen      total 25088K, used 24891K [0x00000000d5580000, 0x00000000d7380000, 0x0000000100000000)
  eden space 23040K, 100% used [0x00000000d5580000,0x00000000d6c00000,0x00000000d6c00000)
  from space 2048K, 90% used [0x00000000d7180000,0x00000000d734eda0,0x00000000d7380000)
  to   space 2048K, 0% used [0x00000000d6f80000,0x00000000d6f80000,0x00000000d7180000)
 ParOldGen       total 68608K, used 14819K [0x0000000080000000, 0x0000000084300000, 0x00000000d5580000)
  object space 68608K, 21% used [0x0000000080000000,0x0000000080e78c30,0x0000000084300000)
 Metaspace       used 30031K, committed 30976K, reserved 1114112K
  class space    used 3093K, committed 3520K, reserved 1048576K
}
Event: 107.902 GC heap after
{Heap after GC invocations=12 (full 1):
 PSYoungGen      total 23552K, used 742K [0x00000000d5580000, 0x00000000d7200000, 0x0000000100000000)
  eden space 22528K, 0% used [0x00000000d5580000,0x00000000d5580000,0x00000000d6b80000)
  from space 1024K, 72% used [0x00000000d6f80000,0x00000000d70399b0,0x00000000d7080000)
  to   space 1536K, 0% used [0x00000000d7080000,0x00000000d7080000,0x00000000d7200000)
 ParOldGen       total 68608K, used 16540K [0x0000000080000000, 0x0000000084300000, 0x00000000d5580000)
  object space 68608K, 24% used [0x0000000080000000,0x00000000810271e8,0x0000000084300000)
 Metaspace       used 30031K, committed 30976K, reserved 1114112K
  class space    used 3093K, committed 3520K, reserved 1048576K
}

Dll operation events (10 events):
Event: 0.069 Loaded shared library c:\Users\HP\.antigravity\extensions\redhat.java-1.50.0-win32-x64\jre\21.0.9-win32-x86_64\bin\java.dll
Event: 0.820 Loaded shared library c:\Users\HP\.antigravity\extensions\redhat.java-1.50.0-win32-x64\jre\21.0.9-win32-x86_64\bin\zip.dll
Event: 1.394 Loaded shared library C:\Users\HP\.antigravity\extensions\redhat.java-1.50.0-win32-x64\jre\21.0.9-win32-x86_64\bin\instrument.dll
Event: 1.479 Loaded shared library C:\Users\HP\.antigravity\extensions\redhat.java-1.50.0-win32-x64\jre\21.0.9-win32-x86_64\bin\net.dll
Event: 1.517 Loaded shared library C:\Users\HP\.antigravity\extensions\redhat.java-1.50.0-win32-x64\jre\21.0.9-win32-x86_64\bin\nio.dll
Event: 1.531 Loaded shared library C:\Users\HP\.antigravity\extensions\redhat.java-1.50.0-win32-x64\jre\21.0.9-win32-x86_64\bin\zip.dll
Event: 1.900 Loaded shared library C:\Users\HP\.antigravity\extensions\redhat.java-1.50.0-win32-x64\jre\21.0.9-win32-x86_64\bin\jimage.dll
Event: 5.371 Loaded shared library c:\Users\HP\.antigravity\extensions\redhat.java-1.50.0-win32-x64\jre\21.0.9-win32-x86_64\bin\verify.dll
Event: 32.234 Loaded shared library C:\Users\HP\AppData\Roaming\Antigravity\User\globalStorage\redhat.java\1.50.0\config_win\org.eclipse.equinox.launcher\org.eclipse.equinox.launcher.win32.win32.x86_64_1.2.1400.v20250801-0854\eclipse_11916.dll
Event: 101.626 Loaded shared library C:\Users\HP\AppData\Local\Temp\jna-2312\jna439293551012140905.dll

Deoptimization events (20 events):
Event: 108.177 Thread 0x0000020dfc15c730 Uncommon trap: trap_request=0xffffff45 fr.pc=0x0000020da873aa98 relative=0x0000000000000158
Event: 108.177 Thread 0x0000020dfc15c730 Uncommon trap: reason=unstable_if action=reinterpret pc=0x0000020da873aa98 method=sun.nio.cs.StreamDecoder.lockedRead0()I @ 30 c2
Event: 108.177 Thread 0x0000020dfc15c730 DEOPT PACKING pc=0x0000020da873aa98 sp=0x000000bfcd4fe190
Event: 108.177 Thread 0x0000020dfc15c730 DEOPT UNPACKING pc=0x0000020da7fa3aa2 sp=0x000000bfcd4fe120 mode 2
Event: 109.636 Thread 0x0000020df6bf6560 Uncommon trap: trap_request=0xffffff45 fr.pc=0x0000020da8754ff4 relative=0x0000000000001854
Event: 109.636 Thread 0x0000020df6bf6560 Uncommon trap: reason=unstable_if action=reinterpret pc=0x0000020da8754ff4 method=java.util.Properties.loadConvert([CIILjava/lang/StringBuilder;)Ljava/lang/String; @ 463 c2
Event: 109.636 Thread 0x0000020df6bf6560 DEOPT PACKING pc=0x0000020da8754ff4 sp=0x000000bfcd1f7f30
Event: 109.636 Thread 0x0000020df6bf6560 DEOPT UNPACKING pc=0x0000020da7fa3aa2 sp=0x000000bfcd1f7f30 mode 2
Event: 110.963 Thread 0x0000020df6bf6560 Uncommon trap: trap_request=0xffffff45 fr.pc=0x0000020da8734c9c relative=0x000000000000061c
Event: 110.963 Thread 0x0000020df6bf6560 Uncommon trap: reason=unstable_if action=reinterpret pc=0x0000020da8734c9c method=java.lang.String.decodeASCII([BI[CII)I @ 13 c2
Event: 110.963 Thread 0x0000020df6bf6560 DEOPT PACKING pc=0x0000020da8734c9c sp=0x000000bfcd1f8a90
Event: 110.963 Thread 0x0000020df6bf6560 DEOPT UNPACKING pc=0x0000020da7fa3aa2 sp=0x000000bfcd1f88b8 mode 2
Event: 110.963 Thread 0x0000020df6bf6560 Uncommon trap: trap_request=0xffffff45 fr.pc=0x0000020da8739d20 relative=0x0000000000000120
Event: 110.963 Thread 0x0000020df6bf6560 Uncommon trap: reason=unstable_if action=reinterpret pc=0x0000020da8739d20 method=java.nio.charset.CharsetDecoder.decode(Ljava/nio/ByteBuffer;Ljava/nio/CharBuffer;Z)Ljava/nio/charset/CoderResult; @ 93 c2
Event: 110.963 Thread 0x0000020df6bf6560 DEOPT PACKING pc=0x0000020da8739d20 sp=0x000000bfcd1f8af0
Event: 110.963 Thread 0x0000020df6bf6560 DEOPT UNPACKING pc=0x0000020da7fa3aa2 sp=0x000000bfcd1f8a78 mode 2
Event: 110.975 Thread 0x0000020df6bf6560 Uncommon trap: trap_request=0xffffff45 fr.pc=0x0000020da87359fc relative=0x00000000000002dc
Event: 110.975 Thread 0x0000020df6bf6560 Uncommon trap: reason=unstable_if action=reinterpret pc=0x0000020da87359fc method=java.lang.String.decodeASCII([BI[CII)I @ 13 c2
Event: 110.975 Thread 0x0000020df6bf6560 DEOPT PACKING pc=0x0000020da87359fc sp=0x000000bfcd1f88e0
Event: 110.977 Thread 0x0000020df6bf6560 DEOPT UNPACKING pc=0x0000020da7fa3aa2 sp=0x000000bfcd1f8810 mode 2

Classes loaded (20 events):
Event: 110.965 Loading class com/sun/org/apache/xerces/internal/impl/msg/XMLSerializerMessages
Event: 110.965 Loading class com/sun/org/apache/xerces/internal/impl/msg/XMLSerializerMessages done
Event: 110.965 Loading class com/sun/org/apache/xerces/internal/impl/msg/XMLSerializerMessages
Event: 110.965 Loading class com/sun/org/apache/xerces/internal/impl/msg/XMLSerializerMessages done
Event: 110.974 Loading class com/sun/org/apache/xerces/internal/impl/msg/XMLSerializerMessages_fr
Event: 110.974 Loading class com/sun/org/apache/xerces/internal/impl/msg/XMLSerializerMessages_fr done
Event: 110.974 Loading class com/sun/org/apache/xerces/internal/impl/msg/XMLSerializerMessages_fr
Event: 110.974 Loading class com/sun/org/apache/xerces/internal/impl/msg/XMLSerializerMessages_fr done
Event: 110.978 Loading class com/sun/org/apache/xerces/internal/impl/msg/XMLSerializerMessages_fr_FR
Event: 111.014 Loading class com/sun/org/apache/xerces/internal/impl/msg/XMLSerializerMessages_fr_FR done
Event: 111.014 Loading class com/sun/org/apache/xerces/internal/impl/msg/XMLSerializerMessages_fr_FR
Event: 111.014 Loading class com/sun/org/apache/xerces/internal/impl/msg/XMLSerializerMessages_fr_FR done
Event: 111.029 Loading class com/sun/org/apache/xerces/internal/impl/msg/XMLMessages
Event: 111.029 Loading class com/sun/org/apache/xerces/internal/impl/msg/XMLMessages done
Event: 111.030 Loading class com/sun/org/apache/xerces/internal/impl/msg/XMLMessages
Event: 111.030 Loading class com/sun/org/apache/xerces/internal/impl/msg/XMLMessages done
Event: 111.049 Loading class com/sun/org/apache/xerces/internal/impl/msg/XMLMessages_fr
Event: 111.049 Loading class com/sun/org/apache/xerces/internal/impl/msg/XMLMessages_fr done
Event: 111.049 Loading class com/sun/org/apache/xerces/internal/impl/msg/XMLMessages_fr
Event: 111.049 Loading class com/sun/org/apache/xerces/internal/impl/msg/XMLMessages_fr done

Classes unloaded (7 events):
Event: 104.058 Thread 0x0000020d9d8c09b0 Unloading class 0x0000020db61a5000 'java/lang/invoke/LambdaForm$MH+0x0000020db61a5000'
Event: 104.058 Thread 0x0000020d9d8c09b0 Unloading class 0x0000020db61a4c00 'java/lang/invoke/LambdaForm$MH+0x0000020db61a4c00'
Event: 104.058 Thread 0x0000020d9d8c09b0 Unloading class 0x0000020db61a4800 'java/lang/invoke/LambdaForm$MH+0x0000020db61a4800'
Event: 104.058 Thread 0x0000020d9d8c09b0 Unloading class 0x0000020db61a4400 'java/lang/invoke/LambdaForm$MH+0x0000020db61a4400'
Event: 104.058 Thread 0x0000020d9d8c09b0 Unloading class 0x0000020db61a4000 'java/lang/invoke/LambdaForm$BMH+0x0000020db61a4000'
Event: 104.058 Thread 0x0000020d9d8c09b0 Unloading class 0x0000020db61a3c00 'java/lang/invoke/LambdaForm$DMH+0x0000020db61a3c00'
Event: 104.058 Thread 0x0000020d9d8c09b0 Unloading class 0x0000020db61a2800 'java/lang/invoke/LambdaForm$DMH+0x0000020db61a2800'

Classes redefined (0 events):
No events

Internal exceptions (20 events):
Event: 104.025 Thread 0x0000020df6bf6560 Exception <a 'java/lang/NoSuchMethodError'{0x00000000d67a9668}: 'int java.lang.invoke.DirectMethodHandle$Holder.invokeStaticInit(java.lang.Object, double, double)'> (0x00000000d67a9668) 
thrown [s\src\hotspot\share\interpreter\linkResolver.cpp, line 773]
Event: 104.029 Thread 0x0000020df6bf6560 Exception <a 'java/lang/NoSuchMethodError'{0x00000000d67aebf0}: 'int java.lang.invoke.DirectMethodHandle$Holder.invokeStatic(java.lang.Object, long)'> (0x00000000d67aebf0) 
thrown [s\src\hotspot\share\interpreter\linkResolver.cpp, line 773]
Event: 104.187 Thread 0x0000020df6bf6560 Exception <a 'java/lang/NoSuchMethodError'{0x00000000d55a59e8}: 'int java.lang.invoke.Invokers$Holder.linkToTargetMethod(java.lang.Object, java.lang.Object)'> (0x00000000d55a59e8) 
thrown [s\src\hotspot\share\interpreter\linkResolver.cpp, line 773]
Event: 104.498 Thread 0x0000020df6bf6560 Exception <a 'java/lang/NoSuchMethodError'{0x00000000d56cdf80}: 'java.lang.Object java.lang.invoke.Invokers$Holder.invoke_MT(java.lang.Object, java.lang.Object, java.lang.Object, java.lang.Object, java.lang.Object, java.lang.Object, java.lang.Object, java.lang.Object, java.lang.Object, java.lang.Object, java.lang.Object)'> (0x00000000d56cdf80) 
thrown [s\src\hotspot\share\interpreter\linkResolver.cpp, line 773]
Event: 104.521 Thread 0x0000020df6bf6560 Implicit null exception at 0x0000020da86d4440 to 0x0000020da86d44b6
Event: 104.561 Thread 0x0000020df6bf6560 Exception <a 'java/lang/NoSuchMethodError'{0x00000000d5765100}: 'java.lang.Object java.lang.invoke.Invokers$Holder.invoke_MT(java.lang.Object, java.lang.Object, java.lang.Object, java.lang.Object, java.lang.Object, java.lang.Object, java.lang.Object, java.lang.Object, java.lang.Object, java.lang.Object)'> (0x00000000d5765100) 
thrown [s\src\hotspot\share\interpreter\linkResolver.cpp, line 773]
Event: 104.683 Thread 0x0000020df6bf6560 Exception <a 'java/lang/NoSuchMethodError'{0x00000000d582fe60}: 'java.lang.Object java.lang.invoke.DirectMethodHandle$Holder.newInvokeSpecial(java.lang.Object, java.lang.Object, java.lang.Object, java.lang.Object, java.lang.Object, java.lang.Object, java.lang.Object)'> (0x00000000d582fe60) 
thrown [s\src\hotspot\share\interpreter\linkResolver.cpp, line 773]
Event: 104.713 Thread 0x0000020df6bf6560 Exception <a 'java/lang/NoSuchMethodError'{0x00000000d58a7708}: 'java.lang.Object java.lang.invoke.Invokers$Holder.invoker(java.lang.Object, java.lang.Object, java.lang.Object, java.lang.Object, java.lang.Object, java.lang.Object, java.lang.Object, java.lang.Object, java.lang.Object, java.lang.Object, java.lang.Object, java.lang.Object, java.lang.Object)'> (0x00000000d58a7708) 
thrown [s\src\hotspot\share\interpreter\linkResolver.cpp, line 773]
Event: 104.715 Thread 0x0000020df6bf6560 Exception <a 'java/lang/NoSuchMethodError'{0x00000000d58b1ba0}: 'java.lang.Object java.lang.invoke.DelegatingMethodHandle$Holder.delegate(java.lang.Object, java.lang.Object, java.lang.Object, java.lang.Object, java.lang.Object, java.lang.Object, java.lang.Object, java.lang.Object, java.lang.Object, java.lang.Object, java.lang.Object, java.lang.Object, java.lang.Object)'> (0x00000000d58b1ba0) 
thrown [s\src\hotspot\share\interpreter\linkResolver.cpp, line 773]
Event: 104.735 Thread 0x0000020df6bf6560 Exception <a 'java/lang/NoSuchMethodError'{0x00000000d5919618}: static Lorg/eclipse/m2e/core/internal/lifecyclemapping/model/PluginExecutionMetadata;.<clinit>()V> (0x00000000d5919618) 
thrown [s\src\hotspot\share\prims\jni.cpp, line 1111]
Event: 104.765 Thread 0x0000020df6bf6560 Exception <a 'java/lang/NoSuchMethodError'{0x00000000d5979288}: static Lorg/eclipse/m2e/core/internal/lifecyclemapping/model/PluginExecutionFilter;.<clinit>()V> (0x00000000d5979288) 
thrown [s\src\hotspot\share\prims\jni.cpp, line 1111]
Event: 104.779 Thread 0x0000020df6bf6560 Exception <a 'java/lang/NoSuchMethodError'{0x00000000d59a8ea8}: static Lorg/eclipse/m2e/core/internal/project/registry/MavenProjectFacade$MavenProjectConfiguration;.<clinit>()V> (0x00000000d59a8ea8) 
thrown [s\src\hotspot\share\prims\jni.cpp, line 1111]
Event: 105.139 Thread 0x0000020df6bf6560 Exception <a 'java/lang/NoSuchMethodError'{0x00000000d5e06e20}: 'double java.lang.invoke.DirectMethodHandle$Holder.invokeStatic(java.lang.Object, java.lang.Object)'> (0x00000000d5e06e20) 
thrown [s\src\hotspot\share\interpreter\linkResolver.cpp, line 773]
Event: 105.140 Thread 0x0000020df6bf6560 Exception <a 'java/lang/NoSuchMethodError'{0x00000000d5e0a4e0}: 'double java.lang.invoke.DirectMethodHandle$Holder.invokeStaticInit(java.lang.Object, java.lang.Object)'> (0x00000000d5e0a4e0) 
thrown [s\src\hotspot\share\interpreter\linkResolver.cpp, line 773]
Event: 106.166 Thread 0x0000020dfc15c730 Exception <a 'java/lang/NoSuchMethodError'{0x00000000d5d8c7f8}: 'java.lang.Object java.lang.invoke.DirectMethodHandle$Holder.invokeSpecialIFC(java.lang.Object, java.lang.Object, java.lang.Object, java.lang.Object)'> (0x00000000d5d8c7f8) 
thrown [s\src\hotspot\share\interpreter\linkResolver.cpp, line 773]
Event: 107.330 Thread 0x0000020df6bf6560 Exception <a 'java/lang/NoSuchMethodError'{0x00000000d5f398e0}: 'java.lang.Object java.lang.invoke.DirectMethodHandle$Holder.newInvokeSpecial(java.lang.Object, int, java.lang.Object, java.lang.Object)'> (0x00000000d5f398e0) 
thrown [s\src\hotspot\share\interpreter\linkResolver.cpp, line 773]
Event: 107.374 Thread 0x0000020dfc15c730 Exception <a 'java/lang/NoClassDefFoundError'{0x00000000d603d548}: javax/enterprise/inject/Typed> (0x00000000d603d548) 
thrown [s\src\hotspot\share\classfile\systemDictionary.cpp, line 301]
Event: 110.961 Thread 0x0000020df6bf6560 Exception <a 'java/lang/ClassNotFoundException'{0x00000000d5d6c380}: com/sun/org/apache/xerces/internal/impl/msg/spi/DOMMessagesProvider> (0x00000000d5d6c380) 
thrown [s\src\hotspot\share\classfile\systemDictionary.cpp, line 312]
Event: 110.965 Thread 0x0000020df6bf6560 Exception <a 'java/lang/ClassNotFoundException'{0x00000000d5dd31f8}: com/sun/org/apache/xerces/internal/impl/msg/spi/XMLSerializerMessagesProvider> (0x00000000d5dd31f8) 
thrown [s\src\hotspot\share\classfile\systemDictionary.cpp, line 312]
Event: 111.020 Thread 0x0000020df6bf6560 Exception <a 'java/lang/ClassNotFoundException'{0x00000000d5deb8c8}: com/sun/org/apache/xerces/internal/impl/msg/spi/XMLMessagesProvider> (0x00000000d5deb8c8) 
thrown [s\src\hotspot\share\classfile\systemDictionary.cpp, line 312]

ZGC Phase Switch (0 events):
No events

VM Operations (20 events):
Event: 104.031 Executing VM operation: CollectForMetadataAllocation (Metadata GC Threshold)
Event: 104.160 Executing VM operation: CollectForMetadataAllocation (Metadata GC Threshold) done
Event: 105.160 Executing VM operation: Cleanup
Event: 105.176 Executing VM operation: Cleanup done
Event: 105.747 Executing VM operation: ParallelGCFailedAllocation (Allocation Failure)
Event: 105.750 Executing VM operation: ParallelGCFailedAllocation (Allocation Failure) done
Event: 106.065 Executing VM operation: HandshakeAllThreads (Deoptimize)
Event: 106.065 Executing VM operation: HandshakeAllThreads (Deoptimize) done
Event: 106.738 Executing VM operation: ParallelGCFailedAllocation (Allocation Failure)
Event: 106.740 Executing VM operation: ParallelGCFailedAllocation (Allocation Failure) done
Event: 107.289 Executing VM operation: ParallelGCFailedAllocation (Allocation Failure)
Event: 107.296 Executing VM operation: ParallelGCFailedAllocation (Allocation Failure) done
Event: 107.338 Executing VM operation: HandshakeAllThreads (Deoptimize)
Event: 107.338 Executing VM operation: HandshakeAllThreads (Deoptimize) done
Event: 107.896 Executing VM operation: ParallelGCFailedAllocation (Allocation Failure)
Event: 107.902 Executing VM operation: ParallelGCFailedAllocation (Allocation Failure) done
Event: 108.902 Executing VM operation: Cleanup
Event: 108.918 Executing VM operation: Cleanup done
Event: 109.927 Executing VM operation: Cleanup
Event: 109.968 Executing VM operation: Cleanup done

Memory protections (0 events):
No events

Nmethod flushes (0 events):
No events

Events (20 events):
Event: 98.973 Thread 0x0000020d9d7cd730 Thread added: 0x0000020df6e57d90
Event: 99.185 Thread 0x0000020df6e57d90 Thread exited: 0x0000020df6e57d90
Event: 99.308 Thread 0x0000020dfb299a60 Thread exited: 0x0000020dfb299a60
Event: 100.044 Thread 0x0000020df6bf6560 Thread added: 0x0000020dfba33850
Event: 101.705 Thread 0x0000020df6bf6560 Thread added: 0x0000020dfbceea90
Event: 101.890 Thread 0x0000020df6bf6560 Thread added: 0x0000020dfc15c730
Event: 101.967 Thread 0x0000020df6bf6560 Thread added: 0x0000020dfc15ba10
Event: 101.972 Thread 0x0000020d9d7cd730 Thread added: 0x0000020dfb5b1e20
Event: 102.209 Thread 0x0000020dfb5b1e20 Thread exited: 0x0000020dfb5b1e20
Event: 102.410 Thread 0x0000020d9d7cd730 Thread added: 0x0000020dfc27da70
Event: 103.515 Thread 0x0000020d9d7a0850 Thread added: 0x0000020dfd3a6020
Event: 104.433 Thread 0x0000020dfd3a6020 Thread exited: 0x0000020dfd3a6020
Event: 104.944 Thread 0x0000020dfc27da70 Thread exited: 0x0000020dfc27da70
Event: 105.257 Thread 0x0000020d9d7cd730 Thread added: 0x0000020dfc3b4460
Event: 105.416 Thread 0x0000020dfc3b4460 Thread exited: 0x0000020dfc3b4460
Event: 106.152 Thread 0x0000020d9d7cd730 Thread added: 0x0000020dfc53b300
Event: 106.247 Thread 0x0000020dfc15ba10 Thread added: 0x0000020dfc15a660
Event: 107.340 Thread 0x0000020d9d7cd730 Thread added: 0x0000020dfc0a5920
Event: 109.632 Thread 0x0000020dfc0a5920 Thread exited: 0x0000020dfc0a5920
Event: 109.639 Thread 0x0000020dfc53b300 Thread exited: 0x0000020dfc53b300


Dynamic libraries:
0x00007ff6099b0000 - 0x00007ff6099be000 	c:\Users\HP\.antigravity\extensions\redhat.java-1.50.0-win32-x64\jre\21.0.9-win32-x86_64\bin\java.exe
0x00007ffe4b4c0000 - 0x00007ffe4b728000 	C:\WINDOWS\SYSTEM32\ntdll.dll
0x00007ffe4b2a0000 - 0x00007ffe4b369000 	C:\WINDOWS\System32\KERNEL32.DLL
0x00007ffe48df0000 - 0x00007ffe491e2000 	C:\WINDOWS\System32\KERNELBASE.dll
0x00007ffe48a70000 - 0x00007ffe48bbb000 	C:\WINDOWS\System32\ucrtbase.dll
0x00007ffe33bd0000 - 0x00007ffe33be8000 	c:\Users\HP\.antigravity\extensions\redhat.java-1.50.0-win32-x64\jre\21.0.9-win32-x86_64\bin\jli.dll
0x00007ffe33c50000 - 0x00007ffe33c6e000 	c:\Users\HP\.antigravity\extensions\redhat.java-1.50.0-win32-x64\jre\21.0.9-win32-x86_64\bin\VCRUNTIME140.dll
0x00007ffe4afa0000 - 0x00007ffe4b165000 	C:\WINDOWS\System32\USER32.dll
0x00007ffe48bc0000 - 0x00007ffe48be7000 	C:\WINDOWS\System32\win32u.dll
0x00007ffe25cf0000 - 0x00007ffe25f83000 	C:\WINDOWS\WinSxS\amd64_microsoft.windows.common-controls_6595b64144ccf1df_6.0.26100.6899_none_3e0efeeae32e88c1\COMCTL32.dll
0x00007ffe4a050000 - 0x00007ffe4a07b000 	C:\WINDOWS\System32\GDI32.dll
0x00007ffe4ab70000 - 0x00007ffe4ac19000 	C:\WINDOWS\System32\msvcrt.dll
0x00007ffe48700000 - 0x00007ffe4882d000 	C:\WINDOWS\System32\gdi32full.dll
0x00007ffe48650000 - 0x00007ffe486f3000 	C:\WINDOWS\System32\msvcp_win.dll
0x00007ffe49bd0000 - 0x00007ffe49bff000 	C:\WINDOWS\System32\IMM32.DLL
0x00007ffe32460000 - 0x00007ffe3246c000 	c:\Users\HP\.antigravity\extensions\redhat.java-1.50.0-win32-x64\jre\21.0.9-win32-x86_64\bin\vcruntime140_1.dll
0x00007ffdf8330000 - 0x00007ffdf83bd000 	c:\Users\HP\.antigravity\extensions\redhat.java-1.50.0-win32-x64\jre\21.0.9-win32-x86_64\bin\msvcp140.dll
0x00007ffd797b0000 - 0x00007ffd7a550000 	c:\Users\HP\.antigravity\extensions\redhat.java-1.50.0-win32-x64\jre\21.0.9-win32-x86_64\bin\server\jvm.dll
0x00007ffe49290000 - 0x00007ffe49344000 	C:\WINDOWS\System32\ADVAPI32.dll
0x00007ffe4b190000 - 0x00007ffe4b236000 	C:\WINDOWS\System32\sechost.dll
0x00007ffe4a3e0000 - 0x00007ffe4a4f8000 	C:\WINDOWS\System32\RPCRT4.dll
0x00007ffe49e20000 - 0x00007ffe49e94000 	C:\WINDOWS\System32\WS2_32.dll
0x00007ffe484b0000 - 0x00007ffe4850e000 	C:\WINDOWS\SYSTEM32\POWRPROF.dll
0x00007ffe335d0000 - 0x00007ffe33605000 	C:\WINDOWS\SYSTEM32\WINMM.dll
0x00007ffe40520000 - 0x00007ffe4052b000 	C:\WINDOWS\SYSTEM32\VERSION.dll
0x00007ffe48490000 - 0x00007ffe484a4000 	C:\WINDOWS\SYSTEM32\UMPDC.dll
0x00007ffe473e0000 - 0x00007ffe473fb000 	C:\WINDOWS\SYSTEM32\kernel.appcore.dll
0x00007ffe2f890000 - 0x00007ffe2f89a000 	c:\Users\HP\.antigravity\extensions\redhat.java-1.50.0-win32-x64\jre\21.0.9-win32-x86_64\bin\jimage.dll
0x00007ffe45d10000 - 0x00007ffe45f52000 	C:\WINDOWS\SYSTEM32\DBGHELP.DLL
0x00007ffe4ac20000 - 0x00007ffe4af9b000 	C:\WINDOWS\System32\combase.dll
0x00007ffe4a080000 - 0x00007ffe4a157000 	C:\WINDOWS\System32\OLEAUT32.dll
0x00007ffe342f0000 - 0x00007ffe3432c000 	C:\WINDOWS\SYSTEM32\dbgcore.DLL
0x00007ffe491f0000 - 0x00007ffe49288000 	C:\WINDOWS\System32\bcryptPrimitives.dll
0x00007ffe2a360000 - 0x00007ffe2a36f000 	c:\Users\HP\.antigravity\extensions\redhat.java-1.50.0-win32-x64\jre\21.0.9-win32-x86_64\bin\instrument.dll
0x00007ffe2a340000 - 0x00007ffe2a360000 	c:\Users\HP\.antigravity\extensions\redhat.java-1.50.0-win32-x64\jre\21.0.9-win32-x86_64\bin\java.dll
0x00007ffe49480000 - 0x00007ffe49bcd000 	C:\WINDOWS\System32\SHELL32.dll
0x00007ffe48bf0000 - 0x00007ffe48d5b000 	C:\WINDOWS\System32\wintypes.dll
0x00007ffe46280000 - 0x00007ffe46add000 	C:\WINDOWS\SYSTEM32\windows.storage.dll
0x00007ffe49d10000 - 0x00007ffe49e02000 	C:\WINDOWS\System32\SHCORE.dll
0x00007ffe49410000 - 0x00007ffe49472000 	C:\WINDOWS\System32\shlwapi.dll
0x00007ffe48570000 - 0x00007ffe48599000 	C:\WINDOWS\SYSTEM32\profapi.dll
0x00007ffe2a2a0000 - 0x00007ffe2a2b8000 	c:\Users\HP\.antigravity\extensions\redhat.java-1.50.0-win32-x64\jre\21.0.9-win32-x86_64\bin\zip.dll
0x00007ffe2a290000 - 0x00007ffe2a2a0000 	C:\Users\HP\.antigravity\extensions\redhat.java-1.50.0-win32-x64\jre\21.0.9-win32-x86_64\bin\net.dll
0x00007ffe40000000 - 0x00007ffe4011f000 	C:\WINDOWS\SYSTEM32\WINHTTP.dll
0x00007ffe47930000 - 0x00007ffe4799b000 	C:\WINDOWS\system32\mswsock.dll
0x00007ffe2a270000 - 0x00007ffe2a286000 	C:\Users\HP\.antigravity\extensions\redhat.java-1.50.0-win32-x64\jre\21.0.9-win32-x86_64\bin\nio.dll
0x00007ffe33ee0000 - 0x00007ffe33ef0000 	c:\Users\HP\.antigravity\extensions\redhat.java-1.50.0-win32-x64\jre\21.0.9-win32-x86_64\bin\verify.dll
0x00007ffdec8c0000 - 0x00007ffdec904000 	C:\Users\HP\AppData\Roaming\Antigravity\User\globalStorage\redhat.java\1.50.0\config_win\org.eclipse.equinox.launcher\org.eclipse.equinox.launcher.win32.win32.x86_64_1.2.1400.v20250801-0854\eclipse_11916.dll
0x00007ffe49eb0000 - 0x00007ffe4a048000 	C:\WINDOWS\System32\ole32.dll
0x00007ffe47d10000 - 0x00007ffe47d2b000 	C:\WINDOWS\SYSTEM32\CRYPTSP.dll
0x00007ffe47340000 - 0x00007ffe4737b000 	C:\WINDOWS\system32\rsaenh.dll
0x00007ffe479d0000 - 0x00007ffe479fb000 	C:\WINDOWS\SYSTEM32\USERENV.dll
0x00007ffe48540000 - 0x00007ffe48566000 	C:\WINDOWS\SYSTEM32\bcrypt.dll
0x00007ffe47b70000 - 0x00007ffe47b7c000 	C:\WINDOWS\SYSTEM32\CRYPTBASE.dll
0x00007ffe46de0000 - 0x00007ffe46e14000 	C:\WINDOWS\SYSTEM32\IPHLPAPI.DLL
0x00007ffe4a1f0000 - 0x00007ffe4a1fa000 	C:\WINDOWS\System32\NSI.dll
0x00007ffdc5140000 - 0x00007ffdc5189000 	C:\Users\HP\AppData\Local\Temp\jna-2312\jna439293551012140905.dll
0x00007ffe49ea0000 - 0x00007ffe49ea8000 	C:\WINDOWS\System32\PSAPI.DLL

JVMTI agents:
c:\Users\HP\.antigravity\extensions\redhat.java-1.50.0-win32-x64\lombok\lombok-1.18.39-4050.jar path:c:\Users\HP\.antigravity\extensions\redhat.java-1.50.0-win32-x64\jre\21.0.9-win32-x86_64\bin\instrument.dll, loaded, initialized, instrumentlib options:none

dbghelp: loaded successfully - version: 4.0.5 - missing functions: none
symbol engine: initialized successfully - sym options: 0x614 - pdb path: .;c:\Users\HP\.antigravity\extensions\redhat.java-1.50.0-win32-x64\jre\21.0.9-win32-x86_64\bin;C:\WINDOWS\SYSTEM32;C:\WINDOWS\WinSxS\amd64_microsoft.windows.common-controls_6595b64144ccf1df_6.0.26100.6899_none_3e0efeeae32e88c1;c:\Users\HP\.antigravity\extensions\redhat.java-1.50.0-win32-x64\jre\21.0.9-win32-x86_64\bin\server;C:\Users\HP\AppData\Roaming\Antigravity\User\globalStorage\redhat.java\1.50.0\config_win\org.eclipse.equinox.launcher\org.eclipse.equinox.launcher.win32.win32.x86_64_1.2.1400.v20250801-0854;C:\Users\HP\AppData\Local\Temp\jna-2312

VM Arguments:
jvm_args: --add-modules=ALL-SYSTEM --add-opens=java.base/java.util=ALL-UNNAMED --add-opens=java.base/java.lang=ALL-UNNAMED --add-opens=java.base/sun.nio.fs=ALL-UNNAMED -Declipse.application=org.eclipse.jdt.ls.core.id1 -Dosgi.bundles.defaultStartLevel=4 -Declipse.product=org.eclipse.jdt.ls.core.product -Djava.import.generatesMetadataFilesAtProjectRoot=false -DDetectVMInstallationsJob.disabled=true -Dfile.encoding=utf8 -XX:+UseParallelGC -XX:GCTimeRatio=4 -XX:AdaptiveSizePolicyWeight=90 -Dsun.zip.disableMemoryMapping=true -Xmx2G -Xms100m -Xlog:disable -javaagent:c:\Users\HP\.antigravity\extensions\redhat.java-1.50.0-win32-x64\lombok\lombok-1.18.39-4050.jar -XX:+HeapDumpOnOutOfMemoryError -XX:HeapDumpPath=c:\Users\HP\AppData\Roaming\Antigravity\User\workspaceStorage\d3ed139398f51788ae3647223982d52d\redhat.java -Daether.dependencyCollector.impl=bf 
java_command: c:\Users\HP\.antigravity\extensions\redhat.java-1.50.0-win32-x64\server\plugins\org.eclipse.equinox.launcher_1.7.100.v20251111-0406.jar -configuration c:\Users\HP\AppData\Roaming\Antigravity\User\globalStorage\redhat.java\1.50.0\config_win -data c:\Users\HP\AppData\Roaming\Antigravity\User\workspaceStorage\d3ed139398f51788ae3647223982d52d\redhat.java\jdt_ws --pipe=\\.\pipe\lsp-6ac656f22e9282650540f17551e1066b-sock
java_class_path (initial): c:\Users\HP\.antigravity\extensions\redhat.java-1.50.0-win32-x64\server\plugins\org.eclipse.equinox.launcher_1.7.100.v20251111-0406.jar
Launcher Type: SUN_STANDARD

[Global flags]
    uintx AdaptiveSizePolicyWeight                 = 90                                        {product} {command line}
     intx CICompilerCount                          = 4                                         {product} {ergonomic}
    uintx GCTimeRatio                              = 4                                         {product} {command line}
     bool HeapDumpOnOutOfMemoryError               = true                                   {manageable} {command line}
    ccstr HeapDumpPath                             = c:\Users\HP\AppData\Roaming\Antigravity\User\workspaceStorage\d3ed139398f51788ae3647223982d52d\redhat.java         {manageable} {command line}
   size_t InitialHeapSize                          = 104857600                                 {product} {command line}
   size_t MaxHeapSize                              = 2147483648                                {product} {command line}
   size_t MaxNewSize                               = 715653120                                 {product} {ergonomic}
   size_t MinHeapDeltaBytes                        = 524288                                    {product} {ergonomic}
   size_t MinHeapSize                              = 104857600                                 {product} {command line}
   size_t NewSize                                  = 34603008                                  {product} {ergonomic}
    uintx NonNMethodCodeHeapSize                   = 5839372                                {pd product} {ergonomic}
    uintx NonProfiledCodeHeapSize                  = 122909434                              {pd product} {ergonomic}
   size_t OldSize                                  = 70254592                                  {product} {ergonomic}
    uintx ProfiledCodeHeapSize                     = 122909434                              {pd product} {ergonomic}
    uintx ReservedCodeCacheSize                    = 251658240                              {pd product} {ergonomic}
     bool SegmentedCodeCache                       = true                                      {product} {ergonomic}
   size_t SoftMaxHeapSize                          = 2147483648                             {manageable} {ergonomic}
     bool UseCompressedOops                        = true                           {product lp64_product} {ergonomic}
     bool UseLargePagesIndividualAllocation        = false                                  {pd product} {ergonomic}
     bool UseParallelGC                            = true                                      {product} {command line}

Logging:
Log output configuration:
 #0: stdout all=off uptime,level,tags foldmultilines=false
 #1: stderr all=off uptime,level,tags foldmultilines=false

Release file:
JAVA_VERSION="21.0.9" 
MODULES="java.base java.compiler java.datatransfer java.xml java.prefs java.desktop java.instrument java.logging java.management java.security.sasl java.naming java.rmi java.management.rmi java.net.http java.scripting java.security.jgss java.transaction.xa java.sql java.sql.rowset java.xml.crypto java.se java.smartcardio jdk.accessibility jdk.internal.jvmstat jdk.attach jdk.charsets jdk.internal.opt jdk.zipfs jdk.compiler jdk.crypto.ec jdk.crypto.cryptoki jdk.crypto.mscapi jdk.dynalink jdk.internal.ed jdk.editpad jdk.hotspot.agent jdk.httpserver jdk.internal.le jdk.internal.vm.ci jdk.internal.vm.compiler jdk.internal.vm.compiler.management jdk.jartool jdk.javadoc jdk.jcmd jdk.management jdk.management.agent jdk.jconsole jdk.jdeps jdk.jdwp.agent jdk.jdi jdk.jfr jdk.jshell jdk.jsobject jdk.jstatd jdk.localedata jdk.management.jfr jdk.naming.dns jdk.naming.rmi jdk.net jdk.nio.mapmode jdk.random jdk.sctp jdk.security.auth jdk.security.jgss jdk.unsupported jdk.unsupported.desktop jdk.xml.dom" 

Environment Variables:
JAVA_HOME=C:\Program Files\Java\jdk-17.0.17
PATH=C:\WINDOWS\system32;C:\WINDOWS;C:\WINDOWS\System32\Wbem;C:\WINDOWS\System32\WindowsPowerShell\v1.0\;C:\WINDOWS\System32\OpenSSH\;C:\Program Files\dotnet\;C:\Program Files (x86)\Intel\Intel(R) Management Engine Components\DAL;C:\Program Files\Intel\Intel(R) Management Engine Components\DAL;C:\Program Files\Git\cmd;C:\MinGW\bin;C:\Program Files\apache-maven-3.9.11\bin;C:\Program Files (x86)\Microsoft SQL Server\160\Tools\Binn\;C:\Program Files\Microsoft SQL Server\160\Tools\Binn\;C:\Program Files\Microsoft SQL Server\Client SDK\ODBC\170\Tools\Binn\;C:\Program Files\Microsoft SQL Server\160\DTS\Binn\;C:\Users\HP\AppData\Local\Pub\Cache\bin;C:\Program Files\Docker\Docker\resources\bin;C:\Program Files\Java\jdk-17.0.17\bin;C:\Users\HP\AppData\Local\Android\Sdk\platorm-tools;C:\Users\HP\AppData\Local\Android\Sdk\cmdline-tools\latest\bin;C:\src\flutter\bin;C:\Users\HP\AppData\Local\nvm;C:\nvm4w\nodejs;C:\Program Files\nodejs\;C:\Program Files\MySQL\MySQL Shell 8.0\bin\;C:\Users\HP\AppData\Local\Microsoft\WindowsApps;C:\Program Files\Java\jdk-23\bin;C:\Users\HP\AppData\Local\Pub\Cache\bin;C:\Program Files\JetBrains\IntelliJ IDEA Community Edition 2025.2.4\bin;C:\Users\HP\AppData\Local\Programs\Microsoft VS Code\bin;D:\Program Files\PostgreSQL\18\bin;D:\Program Files\PostgreSQL\18\lib;C:\Users\HP\AppData\Local\Python\bin;C:\src\flutter\bin;C:\Users\HP\AppData\Local\nvm;C:\nvm4w\nodejs;C:\Users\HP\AppData\Roaming\npm;C:\Users\HP\AppData\Local\Programs\Antigravity\bin
USERNAME=HP
OS=Windows_NT
PROCESSOR_IDENTIFIER=Intel64 Family 6 Model 142 Stepping 10, GenuineIntel
TMP=C:\Users\HP\AppData\Local\Temp
TEMP=C:\Users\HP\AppData\Local\Temp




Periodic native trim disabled

---------------  S Y S T E M  ---------------

OS:
 Windows 11 , 64 bit Build 26100 (10.0.26100.6725)
OS uptime: 3 days 20:44 hours
Hyper-V role detected

CPU: total 8 (initial active 8) (4 cores per cpu, 2 threads per core) family 6 model 142 stepping 10 microcode 0xf6, cx8, cmov, fxsr, ht, mmx, 3dnowpref, sse, sse2, sse3, ssse3, sse4.1, sse4.2, popcnt, lzcnt, tsc, tscinvbit, avx, avx2, aes, erms, clmul, bmi1, bmi2, rtm, adx, fma, vzeroupper, clflush, clflushopt, hv, rdtscp, f16c
Processor Information for the first 8 processors :
  Max Mhz: 2112, Current Mhz: 1910, Mhz Limit: 1900

Memory: 4k page, system-wide physical 8035M (563M free)
TotalPageFile size 21990M (AvailPageFile size 0M)
current process WorkingSet (physical memory assigned to process): 167M, peak: 185M
current process commit charge ("private bytes"): 306M, peak: 327M

vm_info: OpenJDK 64-Bit Server VM (21.0.9+10-LTS) for windows-amd64 JRE (21.0.9+10-LTS), built on 2025-10-21T00:00:00Z by "admin" with unknown MS VC++:1942

END.
