#
# There is insufficient memory for the Java Runtime Environment to continue.
# Native memory allocation (mmap) failed to map 132120576 bytes for G1 virtual space
# Possible reasons:
#   The system is out of physical RAM or swap space
#   The process is running with CompressedOops enabled, and the Java Heap may be blocking the growth of the native heap
# Possible solutions:
#   Reduce memory load on the system
#   Increase physical memory or swap space
#   Check if swap backing store is full
#   Decrease Java heap size (-Xmx/-Xms)
#   Decrease number of Java threads
#   Decrease Java thread stack sizes (-Xss)
#   Set larger code cache with -XX:ReservedCodeCacheSize=
#   JVM is running with Unscaled Compressed Oops mode in which the Java heap is
#     placed in the first 4GB address space. The Java Heap base address is the
#     maximum limit for the native heap growth. Please use -XX:HeapBaseMinAddress
#     to set the Java Heap base and to place the Java Heap above 4GB virtual address.
# This output file may be truncated or incomplete.
#
#  Out of Memory Error (os_windows.cpp:3551), pid=11072, tid=25652
#
# JRE version:  (17.0.17+8) (build )
# Java VM: Java HotSpot(TM) 64-Bit Server VM (17.0.17+8-LTS-360, mixed mode, sharing, tiered, compressed oops, compressed class ptrs, g1 gc, windows-amd64)
# No core dump will be written. Minidumps are not enabled by default on client versions of Windows
#

---------------  S U M M A R Y ------------

Command Line: -Dclassworlds.conf=C:\Program Files\apache-maven-3.9.11\bin\m2.conf -Dmaven.home=C:\Program Files\apache-maven-3.9.11 -Dlibrary.jansi.path=C:\Program Files\apache-maven-3.9.11\lib\jansi-native -Dmaven.multiModuleProjectDirectory=D:\Projet_stage_eranov_academie\Backend_ECarto\backend org.codehaus.plexus.classworlds.launcher.Launcher spring-boot:run

Host: Intel(R) Core(TM) i7-8650U CPU @ 1.90GHz, 8 cores, 7G,  Windows 11 , 64 bit Build 26100 (10.0.26100.6725)
Time: Sun Jan  4 19:55:21 2026 Temps universel coordonné elapsed time: 0.079403 seconds (0d 0h 0m 0s)

---------------  T H R E A D  ---------------

Current thread (0x000001bd03490310):  JavaThread "Unknown thread" [_thread_in_vm, id=25652, stack(0x0000005b41000000,0x0000005b41100000)]

Stack: [0x0000005b41000000,0x0000005b41100000]
Native frames: (J=compiled Java code, j=interpreted, Vv=VM code, C=native code)
V  [jvm.dll+0x67a0ea]
V  [jvm.dll+0x7da56d]
V  [jvm.dll+0x7dbeb3]
V  [jvm.dll+0x7dc523]
V  [jvm.dll+0x2453af]
V  [jvm.dll+0x677119]
V  [jvm.dll+0x66bda2]
V  [jvm.dll+0x3022a6]
V  [jvm.dll+0x309846]
V  [jvm.dll+0x35a25e]
V  [jvm.dll+0x35a48f]
V  [jvm.dll+0x2d9378]
V  [jvm.dll+0x2da2e4]
V  [jvm.dll+0x7acd41]
V  [jvm.dll+0x367ac1]
V  [jvm.dll+0x78bcf9]
V  [jvm.dll+0x3ed10e]
V  [jvm.dll+0x3eed41]
C  [jli.dll+0x5297]
C  [ucrtbase.dll+0x37b0]
C  [KERNEL32.DLL+0x2e8d7]
C  [ntdll.dll+0x8c53c]


---------------  P R O C E S S  ---------------

Threads class SMR info:
_java_thread_list=0x00007fff1e227a18, length=0, elements={
}

Java Threads: ( => current thread )

Other Threads:
  0x000001bd034ec500 GCTaskThread "GC Thread#0" [stack: 0x0000005b41100000,0x0000005b41200000] [id=5680]
  0x000001bd034fdb70 ConcurrentGCThread "G1 Main Marker" [stack: 0x0000005b41200000,0x0000005b41300000] [id=10468]
  0x000001bd03500c40 ConcurrentGCThread "G1 Conc#0" [stack: 0x0000005b41300000,0x0000005b41400000] [id=25672]

[error occurred during error reporting (printing all threads), id 0xc0000005, EXCEPTION_ACCESS_VIOLATION (0xc0000005) at pc=0x00007fff1da59e67]

VM state: not at safepoint (not fully initialized)

VM Mutex/Monitor currently owned by a thread:  ([mutex/lock_event])
[0x000001bd0348bf20] Heap_lock - owner thread: 0x000001bd03490310

Heap address: 0x0000000082600000, size: 2010 MB, Compressed Oops mode: 32-bit

CDS archive(s) mapped at: [0x0000000000000000-0x0000000000000000-0x0000000000000000), size 0, SharedBaseAddress: 0x0000000800000000, ArchiveRelocationMode: 1.
Narrow klass base: 0x0000000000000000, Narrow klass shift: 0, Narrow klass range: 0x0

GC Precious Log:
<Empty>

Heap:
 garbage-first heap   total 0K, used 0K [0x0000000082600000, 0x0000000100000000)
  region size 1024K, 0 young (0K), 0 survivors (0K)

[error occurred during error reporting (printing heap information), id 0xc0000005, EXCEPTION_ACCESS_VIOLATION (0xc0000005) at pc=0x00007fff1de43949]

GC Heap History (0 events):
No events

Deoptimization events (0 events):
No events

Classes unloaded (0 events):
No events

Classes redefined (0 events):
No events

Internal exceptions (0 events):
No events

VM Operations (0 events):
No events

Events (1 events):
Event: 0.043 Loaded shared library C:\Program Files\Java\jdk-17.0.17\bin\java.dll


Dynamic libraries:
0x00007ff787ee0000 - 0x00007ff787ef0000 	C:\Program Files\Java\jdk-17.0.17\bin\java.exe
0x00007ff80c3e0000 - 0x00007ff80c648000 	C:\WINDOWS\SYSTEM32\ntdll.dll
0x00007ff80aab0000 - 0x00007ff80ab79000 	C:\WINDOWS\System32\KERNEL32.DLL
0x00007ff809600000 - 0x00007ff8099f2000 	C:\WINDOWS\System32\KERNELBASE.dll
0x00007ff809d80000 - 0x00007ff809ecb000 	C:\WINDOWS\System32\ucrtbase.dll
0x00007fffd92d0000 - 0x00007fffd92e9000 	C:\Program Files\Java\jdk-17.0.17\bin\jli.dll
0x00007fffd7430000 - 0x00007fffd744b000 	C:\Program Files\Java\jdk-17.0.17\bin\VCRUNTIME140.dll
0x00007ff80b770000 - 0x00007ff80b824000 	C:\WINDOWS\System32\ADVAPI32.dll
0x00007ff80bb00000 - 0x00007ff80bba9000 	C:\WINDOWS\System32\msvcrt.dll
0x00007ff80b8b0000 - 0x00007ff80b956000 	C:\WINDOWS\System32\sechost.dll
0x00007ff80ab80000 - 0x00007ff80ac98000 	C:\WINDOWS\System32\RPCRT4.dll
0x00007ff80a440000 - 0x00007ff80a605000 	C:\WINDOWS\System32\USER32.dll
0x00007fffe5d30000 - 0x00007fffe5fc3000 	C:\WINDOWS\WinSxS\amd64_microsoft.windows.common-controls_6595b64144ccf1df_6.0.26100.6899_none_3e0efeeae32e88c1\COMCTL32.dll
0x00007ff80a180000 - 0x00007ff80a1a7000 	C:\WINDOWS\System32\win32u.dll
0x00007ff80a9a0000 - 0x00007ff80a9cb000 	C:\WINDOWS\System32\GDI32.dll
0x00007ff80a050000 - 0x00007ff80a17d000 	C:\WINDOWS\System32\gdi32full.dll
0x00007ff809cd0000 - 0x00007ff809d73000 	C:\WINDOWS\System32\msvcp_win.dll
0x00007ff8014b0000 - 0x00007ff8014bb000 	C:\WINDOWS\SYSTEM32\VERSION.dll
0x00007ff80c360000 - 0x00007ff80c38f000 	C:\WINDOWS\System32\IMM32.DLL
0x00007fffd9170000 - 0x00007fffd917c000 	C:\Program Files\Java\jdk-17.0.17\bin\vcruntime140_1.dll
0x00007fff5f1b0000 - 0x00007fff5f23e000 	C:\Program Files\Java\jdk-17.0.17\bin\msvcp140.dll
0x00007fff1d770000 - 0x00007fff1e350000 	C:\Program Files\Java\jdk-17.0.17\bin\server\jvm.dll
0x00007ff80a1d0000 - 0x00007ff80a1d8000 	C:\WINDOWS\System32\PSAPI.DLL
0x00007fffef9b0000 - 0x00007fffef9e5000 	C:\WINDOWS\SYSTEM32\WINMM.dll
0x00007ff804120000 - 0x00007ff80412a000 	C:\WINDOWS\SYSTEM32\WSOCK32.dll
0x00007ff80b830000 - 0x00007ff80b8a4000 	C:\WINDOWS\System32\WS2_32.dll
0x00007ff808300000 - 0x00007ff80831b000 	C:\WINDOWS\SYSTEM32\kernel.appcore.dll
0x00007fffd7120000 - 0x00007fffd712a000 	C:\Program Files\Java\jdk-17.0.17\bin\jimage.dll
0x00007ff806c30000 - 0x00007ff806e72000 	C:\WINDOWS\SYSTEM32\DBGHELP.DLL
0x00007ff80b3f0000 - 0x00007ff80b76b000 	C:\WINDOWS\System32\combase.dll
0x00007ff80a9d0000 - 0x00007ff80aaa7000 	C:\WINDOWS\System32\OLEAUT32.dll
0x00007ffff4240000 - 0x00007ffff427c000 	C:\WINDOWS\SYSTEM32\dbgcore.DLL
0x00007ff809c30000 - 0x00007ff809cc8000 	C:\WINDOWS\System32\bcryptPrimitives.dll
0x00007fffba260000 - 0x00007fffba285000 	C:\Program Files\Java\jdk-17.0.17\bin\java.dll

dbghelp: loaded successfully - version: 4.0.5 - missing functions: none
symbol engine: initialized successfully - sym options: 0x614 - pdb path: .;C:\Program Files\Java\jdk-17.0.17\bin;C:\WINDOWS\SYSTEM32;C:\WINDOWS\WinSxS\amd64_microsoft.windows.common-controls_6595b64144ccf1df_6.0.26100.6899_none_3e0efeeae32e88c1;C:\Program Files\Java\jdk-17.0.17\bin\server

VM Arguments:
jvm_args: -Dclassworlds.conf=C:\Program Files\apache-maven-3.9.11\bin\m2.conf -Dmaven.home=C:\Program Files\apache-maven-3.9.11 -Dlibrary.jansi.path=C:\Program Files\apache-maven-3.9.11\lib\jansi-native -Dmaven.multiModuleProjectDirectory=D:\Projet_stage_eranov_academie\Backend_ECarto\backend 
java_command: org.codehaus.plexus.classworlds.launcher.Launcher spring-boot:run
java_class_path (initial): C:\Program Files\apache-maven-3.9.11\boot\plexus-classworlds-2.9.0.jar
Launcher Type: SUN_STANDARD

[Global flags]
     intx CICompilerCount                          = 4                                         {product} {ergonomic}
     uint ConcGCThreads                            = 2                                         {product} {ergonomic}
     uint G1ConcRefinementThreads                  = 8                                         {product} {ergonomic}
   size_t G1HeapRegionSize                         = 1048576                                   {product} {ergonomic}
    uintx GCDrainStackTargetSize                   = 64                                        {product} {ergonomic}
   size_t InitialHeapSize                          = 132120576                                 {product} {ergonomic}
   size_t MarkStackSize                            = 4194304                                   {product} {ergonomic}
   size_t MaxHeapSize                              = 2107637760                                {product} {ergonomic}
   size_t MinHeapDeltaBytes                        = 1048576                                   {product} {ergonomic}
   size_t MinHeapSize                              = 8388608                                   {product} {ergonomic}
    uintx NonNMethodCodeHeapSize                   = 5839372                                {pd product} {ergonomic}
    uintx NonProfiledCodeHeapSize                  = 122909434                              {pd product} {ergonomic}
    uintx ProfiledCodeHeapSize                     = 122909434                              {pd product} {ergonomic}
    uintx ReservedCodeCacheSize                    = 251658240                              {pd product} {ergonomic}
     bool SegmentedCodeCache                       = true                                      {product} {ergonomic}
   size_t SoftMaxHeapSize                          = 2107637760                             {manageable} {ergonomic}
     bool UseCompressedClassPointers               = true                           {product lp64_product} {ergonomic}
     bool UseCompressedOops                        = true                           {product lp64_product} {ergonomic}
     bool UseG1GC                                  = true                                      {product} {ergonomic}
     bool UseLargePagesIndividualAllocation        = false                                  {pd product} {ergonomic}

Logging:
Log output configuration:
 #0: stdout all=warning uptime,level,tags
 #1: stderr all=off uptime,level,tags

Environment Variables:
JAVA_HOME=C:\Program Files\Java\jdk-17.0.17
PATH=C:\WINDOWS\system32;C:\WINDOWS;C:\WINDOWS\System32\Wbem;C:\WINDOWS\System32\WindowsPowerShell\v1.0\;C:\WINDOWS\System32\OpenSSH\;C:\Program Files\dotnet\;C:\Program Files (x86)\Intel\Intel(R) Management Engine Components\DAL;C:\Program Files\Intel\Intel(R) Management Engine Components\DAL;C:\Program Files\Git\cmd;C:\MinGW\bin;C:\Program Files\apache-maven-3.9.11\bin;C:\Program Files (x86)\Microsoft SQL Server\160\Tools\Binn\;C:\Program Files\Microsoft SQL Server\160\Tools\Binn\;C:\Program Files\Microsoft SQL Server\Client SDK\ODBC\170\Tools\Binn\;C:\Program Files\Microsoft SQL Server\160\DTS\Binn\;C:\Users\HP\AppData\Local\Pub\Cache\bin;C:\Program Files\Docker\Docker\resources\bin;C:\Program Files\Java\jdk-17.0.17\bin;C:\Users\HP\AppData\Local\Android\Sdk\platorm-tools;C:\Users\HP\AppData\Local\Android\Sdk\cmdline-tools\latest\bin;C:\src\flutter\bin;C:\Users\HP\AppData\Local\nvm;C:\nvm4w\nodejs;C:\Program Files\nodejs\;C:\Program Files\MySQL\MySQL Shell 8.0\bin\;C:\Users\HP\AppData\Local\Microsoft\WindowsApps;C:\Program Files\Java\jdk-23\bin;C:\Users\HP\AppData\Local\Pub\Cache\bin;C:\Program Files\JetBrains\IntelliJ IDEA Community Edition 2025.2.4\bin;C:\Users\HP\AppData\Local\Programs\Microsoft VS Code\bin;D:\Program Files\PostgreSQL\18\bin;D:\Program Files\PostgreSQL\18\lib;C:\Users\HP\AppData\Local\Python\bin;C:\src\flutter\bin;C:\Users\HP\AppData\Local\nvm;C:\nvm4w\nodejs;C:\Users\HP\AppData\Roaming\npm;C:\Users\HP\AppData\Local\Programs\Antigravity\bin
USERNAME=HP
OS=Windows_NT
PROCESSOR_IDENTIFIER=Intel64 Family 6 Model 142 Stepping 10, GenuineIntel



---------------  S Y S T E M  ---------------

OS:
 Windows 11 , 64 bit Build 26100 (10.0.26100.6725)
OS uptime: 2 days 4:10 hours
Hyper-V role detected

CPU: total 8 (initial active 8) (4 cores per cpu, 2 threads per core) family 6 model 142 stepping 10 microcode 0xf6, cx8, cmov, fxsr, ht, mmx, 3dnowpref, sse, sse2, sse3, ssse3, sse4.1, sse4.2, popcnt, lzcnt, tsc, tscinvbit, avx, avx2, aes, erms, clmul, bmi1, bmi2, rtm, adx, fma, vzeroupper, clflush, clflushopt, hv

Memory: 4k page, system-wide physical 8035M (822M free)
TotalPageFile size 21224M (AvailPageFile size 58M)
current process WorkingSet (physical memory assigned to process): 12M, peak: 12M
current process commit charge ("private bytes"): 60M, peak: 186M

vm_info: Java HotSpot(TM) 64-Bit Server VM (17.0.17+8-LTS-360) for windows-amd64 JRE (17.0.17+8-LTS-360), built on Sep 27 2025 05:17:01 by "mach5run" with MS VC++ 17.6 (VS2022)

END.
